<?xml version="1.0" encoding="UTF-8"?>
<coverage generated="1766479511811" clover="3.2.0">
  <project timestamp="1766479511811" name="All files">
    <metrics statements="709" coveredstatements="464" conditionals="540" coveredconditionals="378" methods="283" coveredmethods="180" elements="1532" coveredelements="1022" complexity="0" loc="709" ncloc="709" packages="11" files="44" classes="44"/>
    <package name="components">
      <metrics statements="45" coveredstatements="27" conditionals="34" coveredconditionals="16" methods="18" coveredmethods="11"/>
      <file name="SpecialCostsPage.vue" path="/home/markus/workspace/finance-app/frontend/src/components/SpecialCostsPage.vue">
        <metrics statements="45" coveredstatements="27" conditionals="34" coveredconditionals="16" methods="18" coveredmethods="11"/>
        <line num="14" count="8" type="stmt"/>
        <line num="34" count="1" type="stmt"/>
        <line num="36" count="0" type="stmt"/>
        <line num="56" count="0" type="cond" truecount="2" falsecount="0"/>
        <line num="76" count="1" type="stmt"/>
        <line num="77" count="2" type="stmt"/>
        <line num="79" count="2" type="cond" truecount="1" falsecount="1"/>
        <line num="90" count="1" type="stmt"/>
        <line num="98" count="2" type="stmt"/>
        <line num="107" count="2" type="stmt"/>
        <line num="114" count="6" type="stmt"/>
        <line num="120" count="2" type="stmt"/>
        <line num="121" count="2" type="stmt"/>
        <line num="124" count="2" type="cond" truecount="1" falsecount="1"/>
        <line num="125" count="2" type="stmt"/>
        <line num="129" count="0" type="cond" truecount="0" falsecount="2"/>
        <line num="131" count="2" type="stmt"/>
        <line num="134" count="0" type="stmt"/>
        <line num="135" count="0" type="stmt"/>
        <line num="136" count="0" type="stmt"/>
        <line num="137" count="0" type="stmt"/>
        <line num="139" count="0" type="stmt"/>
        <line num="140" count="0" type="stmt"/>
        <line num="144" count="0" type="stmt"/>
        <line num="145" count="0" type="stmt"/>
        <line num="146" count="0" type="stmt"/>
        <line num="149" count="3" type="cond" truecount="1" falsecount="1"/>
        <line num="150" count="3" type="stmt"/>
        <line num="151" count="3" type="stmt"/>
        <line num="152" count="3" type="stmt"/>
        <line num="154" count="3" type="cond" truecount="2" falsecount="0"/>
        <line num="155" count="2" type="cond" truecount="4" falsecount="0"/>
        <line num="156" count="1" type="stmt"/>
        <line num="159" count="2" type="stmt"/>
        <line num="160" count="2" type="cond" truecount="2" falsecount="0"/>
        <line num="161" count="1" type="cond" truecount="1" falsecount="1"/>
        <line num="162" count="0" type="stmt"/>
        <line num="165" count="0" type="cond" truecount="0" falsecount="2"/>
        <line num="166" count="0" type="cond" truecount="0" falsecount="2"/>
        <line num="168" count="0" type="cond" truecount="0" falsecount="2"/>
        <line num="169" count="0" type="cond" truecount="0" falsecount="2"/>
        <line num="170" count="0" type="stmt"/>
        <line num="173" count="1" type="stmt"/>
        <line num="177" count="2" type="stmt"/>
        <line num="178" count="2" type="stmt"/>
      </file>
    </package>
    <package name="components.common">
      <metrics statements="130" coveredstatements="115" conditionals="109" coveredconditionals="94" methods="57" coveredmethods="45"/>
      <file name="BaseChart.vue" path="/home/markus/workspace/finance-app/frontend/src/components/common/BaseChart.vue">
        <metrics statements="11" coveredstatements="9" conditionals="0" coveredconditionals="0" methods="3" coveredmethods="2"/>
        <line num="3" count="3" type="stmt"/>
        <line num="38" count="54" type="stmt"/>
        <line num="49" count="54" type="stmt"/>
        <line num="68" count="54" type="stmt"/>
        <line num="73" count="54" type="stmt"/>
        <line num="115" count="0" type="stmt"/>
        <line num="128" count="54" type="stmt"/>
        <line num="129" count="46" type="stmt"/>
        <line num="132" count="54" type="stmt"/>
        <line num="134" count="54" type="stmt"/>
        <line num="135" count="0" type="stmt"/>
      </file>
      <file name="BaseHighlightCard.vue" path="/home/markus/workspace/finance-app/frontend/src/components/common/BaseHighlightCard.vue">
        <metrics statements="28" coveredstatements="28" conditionals="18" coveredconditionals="16" methods="5" coveredmethods="5"/>
        <line num="17" count="2" type="stmt"/>
        <line num="50" count="79" type="stmt"/>
        <line num="82" count="79" type="stmt"/>
        <line num="83" count="79" type="stmt"/>
        <line num="85" count="79" type="cond" truecount="2" falsecount="0"/>
        <line num="87" count="79" type="stmt"/>
        <line num="88" count="2" type="cond" truecount="2" falsecount="0"/>
        <line num="89" count="1" type="stmt"/>
        <line num="93" count="79" type="stmt"/>
        <line num="94" count="38" type="cond" truecount="1" falsecount="1"/>
        <line num="95" count="38" type="cond" truecount="3" falsecount="0"/>
        <line num="96" count="24" type="stmt"/>
        <line num="97" count="13" type="stmt"/>
        <line num="98" count="1" type="stmt"/>
        <line num="102" count="79" type="stmt"/>
        <line num="103" count="38" type="cond" truecount="1" falsecount="1"/>
        <line num="104" count="38" type="cond" truecount="3" falsecount="0"/>
        <line num="105" count="24" type="stmt"/>
        <line num="106" count="13" type="stmt"/>
        <line num="107" count="1" type="stmt"/>
        <line num="112" count="79" type="stmt"/>
        <line num="113" count="73" type="stmt"/>
        <line num="114" count="73" type="stmt"/>
        <line num="116" count="73" type="cond" truecount="2" falsecount="0"/>
        <line num="117" count="71" type="stmt"/>
        <line num="118" count="2" type="cond" truecount="2" falsecount="0"/>
        <line num="119" count="1" type="stmt"/>
        <line num="121" count="1" type="stmt"/>
      </file>
      <file name="BaseTable.vue" path="/home/markus/workspace/finance-app/frontend/src/components/common/BaseTable.vue">
        <metrics statements="3" coveredstatements="3" conditionals="0" coveredconditionals="0" methods="1" coveredmethods="1"/>
        <line num="19" count="6" type="stmt"/>
        <line num="28" count="16" type="stmt"/>
        <line num="29" count="16" type="stmt"/>
      </file>
      <file name="BaseTextField.vue" path="/home/markus/workspace/finance-app/frontend/src/components/common/BaseTextField.vue">
        <metrics statements="1" coveredstatements="1" conditionals="0" coveredconditionals="0" methods="0" coveredmethods="0"/>
        <line num="14" count="18" type="stmt"/>
      </file>
      <file name="DeleteButton.vue" path="/home/markus/workspace/finance-app/frontend/src/components/common/DeleteButton.vue">
        <metrics statements="5" coveredstatements="2" conditionals="12" coveredconditionals="12" methods="4" coveredmethods="1"/>
        <line num="2" count="0" type="cond" truecount="2" falsecount="0"/>
        <line num="22" count="0" type="cond" truecount="2" falsecount="0"/>
        <line num="23" count="0" type="cond" truecount="2" falsecount="0"/>
        <line num="29" count="7" type="stmt"/>
        <line num="32" count="23" type="stmt"/>
      </file>
      <file name="LoadablePage.js" path="/home/markus/workspace/finance-app/frontend/src/components/common/LoadablePage.js">
        <metrics statements="8" coveredstatements="8" conditionals="0" coveredconditionals="0" methods="2" coveredmethods="2"/>
        <line num="4" count="31" type="stmt"/>
        <line num="10" count="29" type="stmt"/>
        <line num="11" count="29" type="stmt"/>
        <line num="12" count="26" type="stmt"/>
        <line num="13" count="25" type="stmt"/>
        <line num="14" count="25" type="stmt"/>
        <line num="16" count="3" type="stmt"/>
        <line num="17" count="3" type="stmt"/>
      </file>
      <file name="MonthYearDatepicker.vue" path="/home/markus/workspace/finance-app/frontend/src/components/common/MonthYearDatepicker.vue">
        <metrics statements="30" coveredstatements="21" conditionals="24" coveredconditionals="11" methods="13" coveredmethods="6"/>
        <line num="3" count="0" type="cond" truecount="2" falsecount="0"/>
        <line num="18" count="0" type="cond" truecount="2" falsecount="0"/>
        <line num="19" count="0" type="cond" truecount="2" falsecount="0"/>
        <line num="25" count="0" type="cond" truecount="0" falsecount="2"/>
        <line num="28" count="13" type="stmt"/>
        <line num="29" count="0" type="cond" truecount="0" falsecount="2"/>
        <line num="46" count="0" type="stmt"/>
        <line num="62" count="26" type="stmt"/>
        <line num="73" count="26" type="stmt"/>
        <line num="75" count="26" type="stmt"/>
        <line num="76" count="26" type="stmt"/>
        <line num="78" count="26" type="stmt"/>
        <line num="84" count="26" type="stmt"/>
        <line num="85" count="26" type="cond" truecount="2" falsecount="2"/>
        <line num="86" count="0" type="stmt"/>
        <line num="88" count="26" type="stmt"/>
        <line num="93" count="27" type="stmt"/>
        <line num="94" count="1" type="cond" truecount="3" falsecount="1"/>
        <line num="95" count="1" type="stmt"/>
        <line num="99" count="26" type="stmt"/>
        <line num="100" count="27" type="stmt"/>
        <line num="103" count="26" type="stmt"/>
        <line num="104" count="1" type="stmt"/>
        <line num="107" count="26" type="stmt"/>
        <line num="108" count="0" type="cond" truecount="0" falsecount="2"/>
        <line num="109" count="0" type="stmt"/>
        <line num="115" count="26" type="stmt"/>
        <line num="117" count="1" type="stmt"/>
        <line num="118" count="1" type="stmt"/>
        <line num="119" count="1" type="stmt"/>
      </file>
      <file name="ResponsiveDateCol.vue" path="/home/markus/workspace/finance-app/frontend/src/components/common/ResponsiveDateCol.vue">
        <metrics statements="6" coveredstatements="5" conditionals="8" coveredconditionals="8" methods="4" coveredmethods="3"/>
        <line num="2" count="3" type="stmt"/>
        <line num="3" count="0" type="cond" truecount="2" falsecount="0"/>
        <line num="27" count="3" type="stmt"/>
        <line num="31" count="7" type="cond" truecount="2" falsecount="0"/>
        <line num="35" count="7" type="stmt"/>
        <line num="41" count="6" type="stmt"/>
      </file>
      <file name="Utils.js" path="/home/markus/workspace/finance-app/frontend/src/components/common/Utils.js">
        <metrics statements="38" coveredstatements="38" conditionals="47" coveredconditionals="47" methods="25" coveredmethods="25"/>
        <line num="1" count="17" type="stmt"/>
        <line num="2" count="80" type="stmt"/>
        <line num="12" count="17" type="stmt"/>
        <line num="27" count="17" type="cond" truecount="2" falsecount="0"/>
        <line num="28" count="68" type="cond" truecount="5" falsecount="0"/>
        <line num="30" count="52" type="stmt"/>
        <line num="32" count="52" type="cond" truecount="4" falsecount="0"/>
        <line num="35" count="68" type="stmt"/>
        <line num="38" count="153" type="cond" truecount="2" falsecount="0"/>
        <line num="40" count="17" type="stmt"/>
        <line num="41" count="34" type="stmt"/>
        <line num="42" count="408" type="stmt"/>
        <line num="43" count="408" type="stmt"/>
        <line num="46" count="17" type="stmt"/>
        <line num="47" count="17" type="stmt"/>
        <line num="49" count="17" type="stmt"/>
        <line num="50" count="17" type="stmt"/>
        <line num="51" count="17" type="stmt"/>
        <line num="53" count="54" type="stmt"/>
        <line num="56" count="17" type="stmt"/>
        <line num="57" count="63" type="cond" truecount="2" falsecount="0"/>
        <line num="58" count="59" type="cond" truecount="6" falsecount="0"/>
        <line num="59" count="57" type="stmt"/>
        <line num="60" count="295" type="stmt"/>
        <line num="61" count="250" type="cond" truecount="2" falsecount="0"/>
        <line num="64" count="17" type="stmt"/>
        <line num="65" count="105" type="cond" truecount="2" falsecount="0"/>
        <line num="89" count="17" type="stmt"/>
        <line num="98" count="17" type="stmt"/>
        <line num="102" count="28" type="stmt"/>
        <line num="106" count="49" type="stmt"/>
        <line num="113" count="53" type="stmt"/>
        <line num="121" count="52" type="cond" truecount="4" falsecount="0"/>
        <line num="124" count="52" type="cond" truecount="4" falsecount="0"/>
        <line num="128" count="6" type="stmt"/>
        <line num="130" count="6" type="stmt"/>
        <line num="136" count="6" type="stmt"/>
        <line num="137" count="6" type="stmt"/>
      </file>
    </package>
    <package name="components.editform">
      <metrics statements="137" coveredstatements="77" conditionals="149" coveredconditionals="122" methods="81" coveredmethods="34"/>
      <file name="CostEditForm.vue" path="/home/markus/workspace/finance-app/frontend/src/components/editform/CostEditForm.vue">
        <metrics statements="23" coveredstatements="8" conditionals="29" coveredconditionals="18" methods="12" coveredmethods="4"/>
        <line num="3" count="0" type="cond" truecount="2" falsecount="0"/>
        <line num="11" count="0" type="cond" truecount="2" falsecount="0"/>
        <line num="22" count="0" type="cond" truecount="2" falsecount="0"/>
        <line num="33" count="0" type="cond" truecount="2" falsecount="0"/>
        <line num="34" count="0" type="cond" truecount="2" falsecount="0"/>
        <line num="38" count="12" type="stmt"/>
        <line num="41" count="52" type="stmt"/>
        <line num="52" count="7" type="cond" truecount="2" falsecount="0"/>
        <line num="53" count="6" type="stmt"/>
        <line num="59" count="42" type="cond" truecount="2" falsecount="0"/>
        <line num="64" count="0" type="cond" truecount="0" falsecount="2"/>
        <line num="65" count="0" type="stmt"/>
        <line num="66" count="0" type="cond" truecount="0" falsecount="2"/>
        <line num="67" count="0" type="stmt"/>
        <line num="72" count="0" type="cond" truecount="0" falsecount="5"/>
        <line num="73" count="0" type="stmt"/>
        <line num="74" count="0" type="stmt"/>
        <line num="78" count="2" type="stmt"/>
        <line num="79" count="2" type="stmt"/>
        <line num="80" count="2" type="stmt"/>
        <line num="83" count="0" type="stmt"/>
        <line num="84" count="0" type="cond" truecount="0" falsecount="2"/>
        <line num="85" count="0" type="stmt"/>
      </file>
      <file name="CurrencyInput.vue" path="/home/markus/workspace/finance-app/frontend/src/components/editform/CurrencyInput.vue">
        <metrics statements="8" coveredstatements="7" conditionals="10" coveredconditionals="10" methods="6" coveredmethods="5"/>
        <line num="6" count="0" type="cond" truecount="2" falsecount="0"/>
        <line num="7" count="1" type="cond" truecount="2" falsecount="0"/>
        <line num="16" count="7" type="stmt"/>
        <line num="23" count="24" type="stmt"/>
        <line num="27" count="34" type="cond" truecount="2" falsecount="0"/>
        <line num="34" count="30" type="cond" truecount="2" falsecount="0"/>
        <line num="39" count="4" type="stmt"/>
        <line num="41" count="4" type="cond" truecount="2" falsecount="0"/>
      </file>
      <file name="FromToDateFields.vue" path="/home/markus/workspace/finance-app/frontend/src/components/editform/FromToDateFields.vue">
        <metrics statements="9" coveredstatements="7" conditionals="6" coveredconditionals="6" methods="5" coveredmethods="3"/>
        <line num="27" count="7" type="stmt"/>
        <line num="34" count="16" type="stmt"/>
        <line num="37" count="16" type="stmt"/>
        <line num="40" count="16" type="cond" truecount="4" falsecount="0"/>
        <line num="41" count="5" type="cond" truecount="2" falsecount="0"/>
        <line num="42" count="1" type="stmt"/>
        <line num="44" count="4" type="stmt"/>
        <line num="49" count="0" type="stmt"/>
        <line num="52" count="0" type="stmt"/>
      </file>
      <file name="HalfyearlyCostEditForm.vue" path="/home/markus/workspace/finance-app/frontend/src/components/editform/HalfyearlyCostEditForm.vue">
        <metrics statements="13" coveredstatements="7" conditionals="14" coveredconditionals="13" methods="9" coveredmethods="3"/>
        <line num="9" count="0" type="cond" truecount="2" falsecount="0"/>
        <line num="14" count="0" type="cond" truecount="2" falsecount="0"/>
        <line num="19" count="0" type="cond" truecount="2" falsecount="0"/>
        <line num="24" count="0" type="cond" truecount="2" falsecount="0"/>
        <line num="29" count="0" type="cond" truecount="2" falsecount="0"/>
        <line num="33" count="0" type="cond" truecount="2" falsecount="0"/>
        <line num="51" count="3" type="stmt"/>
        <line num="52" count="5" type="stmt"/>
        <line num="53" count="5" type="cond" truecount="1" falsecount="1"/>
        <line num="64" count="3" type="stmt"/>
        <line num="65" count="1" type="stmt"/>
        <line num="71" count="3" type="stmt"/>
        <line num="82" count="2" type="stmt"/>
      </file>
      <file name="IncomingSelect.vue" path="/home/markus/workspace/finance-app/frontend/src/components/editform/IncomingSelect.vue">
        <metrics statements="2" coveredstatements="2" conditionals="6" coveredconditionals="6" methods="1" coveredmethods="1"/>
        <line num="4" count="3" type="cond" truecount="2" falsecount="0"/>
        <line num="28" count="12" type="stmt"/>
      </file>
      <file name="MonthDatePicker.vue" path="/home/markus/workspace/finance-app/frontend/src/components/editform/MonthDatePicker.vue">
        <metrics statements="23" coveredstatements="19" conditionals="21" coveredconditionals="15" methods="8" coveredmethods="5"/>
        <line num="3" count="0" type="cond" truecount="2" falsecount="0"/>
        <line num="18" count="0" type="cond" truecount="2" falsecount="0"/>
        <line num="35" count="1" type="stmt"/>
        <line num="43" count="8" type="stmt"/>
        <line num="50" count="8" type="stmt"/>
        <line num="53" count="0" type="cond" truecount="0" falsecount="5"/>
        <line num="54" count="0" type="stmt"/>
        <line num="57" count="2" type="cond" truecount="4" falsecount="0"/>
        <line num="58" count="1" type="stmt"/>
        <line num="60" count="1" type="stmt"/>
        <line num="65" count="4" type="stmt"/>
        <line num="66" count="4" type="cond" truecount="2" falsecount="0"/>
        <line num="67" count="3" type="stmt"/>
        <line num="68" count="3" type="stmt"/>
        <line num="71" count="4" type="stmt"/>
        <line num="72" count="4" type="stmt"/>
        <line num="74" count="4" type="stmt"/>
        <line num="76" count="4" type="cond" truecount="2" falsecount="0"/>
        <line num="78" count="2" type="stmt"/>
        <line num="79" count="2" type="cond" truecount="1" falsecount="1"/>
        <line num="81" count="2" type="stmt"/>
        <line num="82" count="2" type="cond" truecount="2" falsecount="0"/>
        <line num="83" count="1" type="stmt"/>
      </file>
      <file name="MonthlyCostEditForm.vue" path="/home/markus/workspace/finance-app/frontend/src/components/editform/MonthlyCostEditForm.vue">
        <metrics statements="6" coveredstatements="1" conditionals="10" coveredconditionals="10" methods="5" coveredmethods="0"/>
        <line num="9" count="0" type="cond" truecount="2" falsecount="0"/>
        <line num="14" count="0" type="cond" truecount="2" falsecount="0"/>
        <line num="19" count="0" type="cond" truecount="2" falsecount="0"/>
        <line num="24" count="0" type="cond" truecount="2" falsecount="0"/>
        <line num="28" count="0" type="cond" truecount="2" falsecount="0"/>
        <line num="40" count="3" type="stmt"/>
      </file>
      <file name="NameTextField.vue" path="/home/markus/workspace/finance-app/frontend/src/components/editform/NameTextField.vue">
        <metrics statements="6" coveredstatements="5" conditionals="7" coveredconditionals="7" methods="5" coveredmethods="4"/>
        <line num="5" count="1" type="cond" truecount="2" falsecount="0"/>
        <line num="15" count="7" type="stmt"/>
        <line num="22" count="19" type="stmt"/>
        <line num="24" count="26" type="cond" truecount="2" falsecount="0"/>
        <line num="25" count="11" type="cond" truecount="3" falsecount="0"/>
        <line num="31" count="0" type="stmt"/>
      </file>
      <file name="QuaterlyCostEditForm.vue" path="/home/markus/workspace/finance-app/frontend/src/components/editform/QuaterlyCostEditForm.vue">
        <metrics statements="13" coveredstatements="7" conditionals="14" coveredconditionals="14" methods="9" coveredmethods="3"/>
        <line num="9" count="0" type="cond" truecount="2" falsecount="0"/>
        <line num="14" count="0" type="cond" truecount="2" falsecount="0"/>
        <line num="19" count="0" type="cond" truecount="2" falsecount="0"/>
        <line num="24" count="0" type="cond" truecount="2" falsecount="0"/>
        <line num="29" count="0" type="cond" truecount="2" falsecount="0"/>
        <line num="33" count="0" type="cond" truecount="2" falsecount="0"/>
        <line num="51" count="3" type="stmt"/>
        <line num="52" count="11" type="stmt"/>
        <line num="53" count="11" type="cond" truecount="2" falsecount="0"/>
        <line num="64" count="3" type="stmt"/>
        <line num="65" count="1" type="stmt"/>
        <line num="71" count="3" type="stmt"/>
        <line num="82" count="5" type="stmt"/>
      </file>
      <file name="SpecialCostForm.vue" path="/home/markus/workspace/finance-app/frontend/src/components/editform/SpecialCostForm.vue">
        <metrics statements="21" coveredstatements="7" conditionals="18" coveredconditionals="10" methods="12" coveredmethods="3"/>
        <line num="11" count="0" type="cond" truecount="2" falsecount="0"/>
        <line num="17" count="0" type="cond" truecount="0" falsecount="2"/>
        <line num="26" count="0" type="cond" truecount="0" falsecount="2"/>
        <line num="34" count="0" type="cond" truecount="0" falsecount="2"/>
        <line num="40" count="0" type="cond" truecount="0" falsecount="2"/>
        <line num="56" count="5" type="stmt"/>
        <line num="57" count="27" type="stmt"/>
        <line num="58" count="27" type="cond" truecount="2" falsecount="0"/>
        <line num="69" count="5" type="stmt"/>
        <line num="74" count="5" type="stmt"/>
        <line num="86" count="2" type="cond" truecount="2" falsecount="0"/>
        <line num="89" count="4" type="cond" truecount="4" falsecount="0"/>
        <line num="93" count="0" type="stmt"/>
        <line num="96" count="0" type="stmt"/>
        <line num="102" count="0" type="stmt"/>
        <line num="103" count="0" type="stmt"/>
        <line num="104" count="0" type="stmt"/>
        <line num="105" count="0" type="stmt"/>
        <line num="106" count="0" type="stmt"/>
        <line num="108" count="0" type="stmt"/>
        <line num="109" count="0" type="stmt"/>
      </file>
      <file name="YearlyCostEditForm.vue" path="/home/markus/workspace/finance-app/frontend/src/components/editform/YearlyCostEditForm.vue">
        <metrics statements="13" coveredstatements="7" conditionals="14" coveredconditionals="13" methods="9" coveredmethods="3"/>
        <line num="9" count="0" type="cond" truecount="2" falsecount="0"/>
        <line num="14" count="0" type="cond" truecount="2" falsecount="0"/>
        <line num="19" count="0" type="cond" truecount="2" falsecount="0"/>
        <line num="24" count="0" type="cond" truecount="2" falsecount="0"/>
        <line num="29" count="0" type="cond" truecount="2" falsecount="0"/>
        <line num="33" count="0" type="cond" truecount="2" falsecount="0"/>
        <line num="51" count="3" type="stmt"/>
        <line num="52" count="5" type="stmt"/>
        <line num="53" count="5" type="cond" truecount="1" falsecount="1"/>
        <line num="64" count="3" type="stmt"/>
        <line num="65" count="1" type="stmt"/>
        <line num="71" count="3" type="stmt"/>
        <line num="82" count="2" type="stmt"/>
      </file>
    </package>
    <package name="components.fixedcosts">
      <metrics statements="50" coveredstatements="35" conditionals="33" coveredconditionals="22" methods="22" coveredmethods="15"/>
      <file name="FixedCostTable.vue" path="/home/markus/workspace/finance-app/frontend/src/components/fixedcosts/FixedCostTable.vue">
        <metrics statements="22" coveredstatements="15" conditionals="22" coveredconditionals="13" methods="11" coveredmethods="8"/>
        <line num="5" count="21" type="stmt"/>
        <line num="25" count="2" type="stmt"/>
        <line num="26" count="0" type="cond" truecount="2" falsecount="0"/>
        <line num="27" count="0" type="stmt"/>
        <line num="40" count="0" type="cond" truecount="2" falsecount="0"/>
        <line num="57" count="2" type="stmt"/>
        <line num="78" count="7" type="stmt"/>
        <line num="79" count="7" type="stmt"/>
        <line num="82" count="28" type="cond" truecount="1" falsecount="1"/>
        <line num="84" count="7" type="stmt"/>
        <line num="85" count="14" type="cond" truecount="1" falsecount="1"/>
        <line num="86" count="0" type="stmt"/>
        <line num="90" count="14" type="cond" truecount="1" falsecount="1"/>
        <line num="91" count="0" type="cond" truecount="0" falsecount="2"/>
        <line num="93" count="14" type="cond" truecount="1" falsecount="1"/>
        <line num="94" count="0" type="cond" truecount="0" falsecount="2"/>
        <line num="95" count="0" type="stmt"/>
        <line num="100" count="7" type="stmt"/>
        <line num="103" count="7" type="stmt"/>
        <line num="104" count="14" type="stmt"/>
        <line num="111" count="7" type="stmt"/>
        <line num="118" count="7" type="stmt"/>
      </file>
      <file name="FixedCostsPage.vue" path="/home/markus/workspace/finance-app/frontend/src/components/fixedcosts/FixedCostsPage.vue">
        <metrics statements="28" coveredstatements="20" conditionals="11" coveredconditionals="9" methods="11" coveredmethods="7"/>
        <line num="12" count="8" type="cond" truecount="2" falsecount="0"/>
        <line num="20" count="8" type="cond" truecount="2" falsecount="0"/>
        <line num="41" count="0" type="cond" truecount="2" falsecount="0"/>
        <line num="63" count="1" type="stmt"/>
        <line num="77" count="11" type="cond" truecount="2" falsecount="0"/>
        <line num="78" count="8" type="stmt"/>
        <line num="80" count="3" type="stmt"/>
        <line num="81" count="3" type="stmt"/>
        <line num="82" count="3" type="stmt"/>
        <line num="85" count="1" type="stmt"/>
        <line num="89" count="1" type="stmt"/>
        <line num="93" count="1" type="stmt"/>
        <line num="97" count="1" type="stmt"/>
        <line num="103" count="8" type="stmt"/>
        <line num="124" count="15" type="stmt"/>
        <line num="153" count="8" type="stmt"/>
        <line num="157" count="8" type="stmt"/>
        <line num="158" count="7" type="stmt"/>
        <line num="159" count="7" type="stmt"/>
        <line num="160" count="7" type="stmt"/>
        <line num="161" count="7" type="stmt"/>
        <line num="164" count="0" type="stmt"/>
        <line num="165" count="0" type="stmt"/>
        <line num="168" count="0" type="stmt"/>
        <line num="169" count="0" type="stmt"/>
        <line num="172" count="0" type="stmt"/>
        <line num="173" count="0" type="stmt"/>
        <line num="174" count="0" type="stmt"/>
      </file>
    </package>
    <package name="components.landing">
      <metrics statements="22" coveredstatements="12" conditionals="6" coveredconditionals="2" methods="3" coveredmethods="0"/>
      <file name="FeatureGrid.vue" path="/home/markus/workspace/finance-app/frontend/src/components/landing/FeatureGrid.vue">
        <metrics statements="5" coveredstatements="5" conditionals="0" coveredconditionals="0" methods="0" coveredmethods="0"/>
        <line num="17" count="1" type="stmt"/>
        <line num="20" count="1" type="stmt"/>
        <line num="21" count="1" type="stmt"/>
        <line num="33" count="2" type="stmt"/>
        <line num="53" count="2" type="stmt"/>
      </file>
      <file name="HeroSection.vue" path="/home/markus/workspace/finance-app/frontend/src/components/landing/HeroSection.vue">
        <metrics statements="17" coveredstatements="7" conditionals="6" coveredconditionals="2" methods="3" coveredmethods="0"/>
        <line num="14" count="1" type="stmt"/>
        <line num="40" count="1" type="stmt"/>
        <line num="41" count="1" type="stmt"/>
        <line num="66" count="2" type="stmt"/>
        <line num="77" count="2" type="stmt"/>
        <line num="78" count="0" type="stmt"/>
        <line num="81" count="2" type="stmt"/>
        <line num="89" count="0" type="stmt"/>
        <line num="90" count="0" type="stmt"/>
        <line num="91" count="0" type="stmt"/>
        <line num="92" count="0" type="stmt"/>
        <line num="93" count="0" type="stmt"/>
        <line num="103" count="2" type="stmt"/>
        <line num="121" count="0" type="cond" truecount="0" falsecount="4"/>
        <line num="122" count="0" type="stmt"/>
        <line num="124" count="0" type="stmt"/>
        <line num="125" count="0" type="stmt"/>
      </file>
    </package>
    <package name="components.navigation">
      <metrics statements="2" coveredstatements="1" conditionals="4" coveredconditionals="4" methods="1" coveredmethods="0"/>
      <file name="AppSidebar.vue" path="/home/markus/workspace/finance-app/frontend/src/components/navigation/AppSidebar.vue">
        <metrics statements="2" coveredstatements="1" conditionals="4" coveredconditionals="4" methods="1" coveredmethods="0"/>
        <line num="5" count="0" type="cond" truecount="2" falsecount="0"/>
        <line num="55" count="5" type="stmt"/>
      </file>
    </package>
    <package name="components.overview">
      <metrics statements="198" coveredstatements="143" conditionals="141" coveredconditionals="93" methods="67" coveredmethods="59"/>
      <file name="BalanceEditModal.vue" path="/home/markus/workspace/finance-app/frontend/src/components/overview/BalanceEditModal.vue">
        <metrics statements="20" coveredstatements="15" conditionals="10" coveredconditionals="8" methods="6" coveredmethods="5"/>
        <line num="2" count="0" type="cond" truecount="2" falsecount="0"/>
        <line num="9" count="1" type="cond" truecount="2" falsecount="0"/>
        <line num="46" count="3" type="stmt"/>
        <line num="64" count="3" type="stmt"/>
        <line num="73" count="3" type="cond" truecount="1" falsecount="1"/>
        <line num="74" count="3" type="stmt"/>
        <line num="75" count="3" type="stmt"/>
        <line num="83" count="2" type="stmt"/>
        <line num="86" count="2" type="cond" truecount="3" falsecount="1"/>
        <line num="87" count="0" type="stmt"/>
        <line num="88" count="0" type="stmt"/>
        <line num="91" count="2" type="stmt"/>
        <line num="92" count="2" type="stmt"/>
        <line num="93" count="2" type="stmt"/>
        <line num="94" count="2" type="stmt"/>
        <line num="95" count="2" type="stmt"/>
        <line num="96" count="2" type="stmt"/>
        <line num="98" count="0" type="stmt"/>
        <line num="99" count="0" type="stmt"/>
        <line num="101" count="2" type="stmt"/>
      </file>
      <file name="CurrentBalanceCard.vue" path="/home/markus/workspace/finance-app/frontend/src/components/overview/CurrentBalanceCard.vue">
        <metrics statements="9" coveredstatements="7" conditionals="10" coveredconditionals="8" methods="7" coveredmethods="5"/>
        <line num="12" count="2" type="stmt"/>
        <line num="28" count="0" type="cond" truecount="2" falsecount="0"/>
        <line num="30" count="0" type="cond" truecount="2" falsecount="0"/>
        <line num="38" count="2" type="stmt"/>
        <line num="51" count="3" type="stmt"/>
        <line num="57" count="3" type="stmt"/>
        <line num="64" count="3" type="cond" truecount="1" falsecount="1"/>
        <line num="67" count="3" type="cond" truecount="1" falsecount="1"/>
        <line num="72" count="2" type="stmt"/>
      </file>
      <file name="ForecastChart.vue" path="/home/markus/workspace/finance-app/frontend/src/components/overview/ForecastChart.vue">
        <metrics statements="50" coveredstatements="33" conditionals="22" coveredconditionals="12" methods="11" coveredmethods="10"/>
        <line num="15" count="51" type="stmt"/>
        <line num="25" count="1" type="cond" truecount="1" falsecount="1"/>
        <line num="26" count="0" type="stmt"/>
        <line num="33" count="1" type="stmt"/>
        <line num="34" count="1" type="stmt"/>
        <line num="35" count="1" type="stmt"/>
        <line num="36" count="1" type="stmt"/>
        <line num="37" count="1" type="stmt"/>
        <line num="38" count="1" type="stmt"/>
        <line num="43" count="16" type="cond" truecount="2" falsecount="0"/>
        <line num="44" count="10" type="cond" truecount="2" falsecount="0"/>
        <line num="45" count="4" type="stmt"/>
        <line num="50" count="2" type="stmt"/>
        <line num="51" count="2" type="stmt"/>
        <line num="54" count="2" type="cond" truecount="1" falsecount="1"/>
        <line num="55" count="2" type="stmt"/>
        <line num="59" count="0" type="stmt"/>
        <line num="61" count="0" type="stmt"/>
        <line num="62" count="0" type="stmt"/>
        <line num="63" count="0" type="stmt"/>
        <line num="64" count="0" type="stmt"/>
        <line num="65" count="0" type="stmt"/>
        <line num="66" count="0" type="stmt"/>
        <line num="71" count="2" type="stmt"/>
        <line num="72" count="2" type="stmt"/>
        <line num="75" count="2" type="cond" truecount="1" falsecount="1"/>
        <line num="76" count="2" type="stmt"/>
        <line num="80" count="0" type="stmt"/>
        <line num="82" count="0" type="stmt"/>
        <line num="83" count="0" type="stmt"/>
        <line num="84" count="0" type="stmt"/>
        <line num="85" count="0" type="stmt"/>
        <line num="86" count="0" type="stmt"/>
        <line num="87" count="0" type="stmt"/>
        <line num="90" count="51" type="stmt"/>
        <line num="106" count="51" type="stmt"/>
        <line num="107" count="51" type="cond" truecount="2" falsecount="0"/>
        <line num="109" count="46" type="stmt"/>
        <line num="113" count="47" type="cond" truecount="2" falsecount="0"/>
        <line num="114" count="46" type="stmt"/>
        <line num="126" count="6" type="stmt"/>
        <line num="127" count="6" type="stmt"/>
        <line num="132" count="4" type="cond" truecount="1" falsecount="1"/>
        <line num="133" count="4" type="stmt"/>
        <line num="136" count="0" type="cond" truecount="0" falsecount="2"/>
        <line num="137" count="0" type="stmt"/>
        <line num="148" count="1" type="stmt"/>
        <line num="154" count="51" type="stmt"/>
        <line num="159" count="1" type="stmt"/>
        <line num="172" count="51" type="stmt"/>
      </file>
      <file name="KPISection.vue" path="/home/markus/workspace/finance-app/frontend/src/components/overview/KPISection.vue">
        <metrics statements="8" coveredstatements="8" conditionals="2" coveredconditionals="2" methods="1" coveredmethods="1"/>
        <line num="24" count="16" type="stmt"/>
        <line num="36" count="16" type="stmt"/>
        <line num="37" count="16" type="stmt"/>
        <line num="38" count="16" type="stmt"/>
        <line num="39" count="48" type="cond" truecount="2" falsecount="0"/>
        <line num="40" count="37" type="stmt"/>
        <line num="42" count="11" type="stmt"/>
        <line num="50" count="16" type="stmt"/>
      </file>
      <file name="LowestPointCard.vue" path="/home/markus/workspace/finance-app/frontend/src/components/overview/LowestPointCard.vue">
        <metrics statements="21" coveredstatements="21" conditionals="20" coveredconditionals="20" methods="8" coveredmethods="8"/>
        <line num="26" count="2" type="stmt"/>
        <line num="37" count="6" type="stmt"/>
        <line num="48" count="6" type="stmt"/>
        <line num="49" count="12" type="cond" truecount="4" falsecount="0"/>
        <line num="51" count="9" type="stmt"/>
        <line num="52" count="11" type="cond" truecount="2" falsecount="0"/>
        <line num="56" count="6" type="stmt"/>
        <line num="57" count="12" type="cond" truecount="2" falsecount="0"/>
        <line num="60" count="6" type="stmt"/>
        <line num="61" count="11" type="cond" truecount="4" falsecount="0"/>
        <line num="62" count="9" type="stmt"/>
        <line num="63" count="9" type="stmt"/>
        <line num="64" count="9" type="stmt"/>
        <line num="67" count="6" type="stmt"/>
        <line num="68" count="11" type="stmt"/>
        <line num="76" count="6" type="stmt"/>
        <line num="77" count="12" type="cond" truecount="2" falsecount="0"/>
        <line num="80" count="6" type="stmt"/>
        <line num="81" count="10" type="cond" truecount="2" falsecount="0"/>
        <line num="84" count="6" type="stmt"/>
        <line num="85" count="9" type="cond" truecount="2" falsecount="0"/>
      </file>
      <file name="MonthlySurplusCard.vue" path="/home/markus/workspace/finance-app/frontend/src/components/overview/MonthlySurplusCard.vue">
        <metrics statements="20" coveredstatements="19" conditionals="12" coveredconditionals="11" methods="9" coveredmethods="9"/>
        <line num="9" count="2" type="cond" truecount="2" falsecount="0"/>
        <line num="19" count="2" type="stmt"/>
        <line num="43" count="2" type="stmt"/>
        <line num="54" count="2" type="stmt"/>
        <line num="58" count="3" type="stmt"/>
        <line num="66" count="3" type="stmt"/>
        <line num="69" count="3" type="cond" truecount="2" falsecount="0"/>
        <line num="72" count="6" type="cond" truecount="2" falsecount="0"/>
        <line num="75" count="3" type="cond" truecount="4" falsecount="0"/>
        <line num="77" count="2" type="stmt"/>
        <line num="78" count="2" type="stmt"/>
        <line num="80" count="1" type="cond" truecount="1" falsecount="1"/>
        <line num="82" count="3" type="stmt"/>
        <line num="97" count="1" type="stmt"/>
        <line num="118" count="3" type="stmt"/>
        <line num="119" count="3" type="stmt"/>
        <line num="120" count="3" type="stmt"/>
        <line num="121" count="3" type="stmt"/>
        <line num="123" count="0" type="stmt"/>
        <line num="125" count="3" type="stmt"/>
      </file>
      <file name="OverviewDetails.vue" path="/home/markus/workspace/finance-app/frontend/src/components/overview/OverviewDetails.vue">
        <metrics statements="20" coveredstatements="16" conditionals="25" coveredconditionals="19" methods="8" coveredmethods="7"/>
        <line num="2" count="0" type="cond" truecount="2" falsecount="0"/>
        <line num="22" count="3" type="stmt"/>
        <line num="24" count="3" type="stmt"/>
        <line num="25" count="1" type="stmt"/>
        <line num="26" count="1" type="stmt"/>
        <line num="39" count="3" type="stmt"/>
        <line num="59" count="3" type="stmt"/>
        <line num="64" count="10" type="stmt"/>
        <line num="72" count="4" type="cond" truecount="4" falsecount="1"/>
        <line num="73" count="4" type="stmt"/>
        <line num="82" count="8" type="cond" truecount="1" falsecount="1"/>
        <line num="83" count="0" type="cond" truecount="0" falsecount="2"/>
        <line num="84" count="0" type="stmt"/>
        <line num="87" count="6" type="stmt"/>
        <line num="90" count="6" type="cond" truecount="1" falsecount="1"/>
        <line num="91" count="6" type="cond" truecount="1" falsecount="1"/>
        <line num="94" count="1" type="stmt"/>
        <line num="95" count="1" type="stmt"/>
        <line num="96" count="1" type="stmt"/>
        <line num="98" count="0" type="stmt"/>
      </file>
      <file name="OverviewPage.vue" path="/home/markus/workspace/finance-app/frontend/src/components/overview/OverviewPage.vue">
        <metrics statements="34" coveredstatements="12" conditionals="30" coveredconditionals="5" methods="11" coveredmethods="8"/>
        <line num="54" count="1" type="stmt"/>
        <line num="64" count="10" type="stmt"/>
        <line num="72" count="0" type="cond" truecount="0" falsecount="2"/>
        <line num="75" count="19" type="cond" truecount="4" falsecount="0"/>
        <line num="77" count="20" type="stmt"/>
        <line num="78" count="20" type="stmt"/>
        <line num="80" count="8" type="stmt"/>
        <line num="94" count="0" type="cond" truecount="0" falsecount="4"/>
        <line num="95" count="0" type="stmt"/>
        <line num="99" count="0" type="stmt"/>
        <line num="100" count="0" type="cond" truecount="0" falsecount="2"/>
        <line num="103" count="0" type="stmt"/>
        <line num="104" count="0" type="cond" truecount="0" falsecount="2"/>
        <line num="105" count="0" type="stmt"/>
        <line num="106" count="0" type="cond" truecount="0" falsecount="2"/>
        <line num="109" count="0" type="stmt"/>
        <line num="116" count="0" type="stmt"/>
        <line num="117" count="0" type="stmt"/>
        <line num="118" count="0" type="cond" truecount="0" falsecount="4"/>
        <line num="119" count="0" type="stmt"/>
        <line num="120" count="0" type="stmt"/>
        <line num="127" count="0" type="stmt"/>
        <line num="128" count="0" type="stmt"/>
        <line num="130" count="0" type="stmt"/>
        <line num="153" count="10" type="stmt"/>
        <line num="155" count="9" type="stmt"/>
        <line num="156" count="9" type="stmt"/>
        <line num="160" count="10" type="stmt"/>
        <line num="161" count="9" type="stmt"/>
        <line num="162" count="9" type="stmt"/>
        <line num="165" count="0" type="stmt"/>
        <line num="166" count="0" type="stmt"/>
        <line num="169" count="0" type="stmt"/>
        <line num="170" count="0" type="stmt"/>
      </file>
      <file name="OverviewTable.vue" path="/home/markus/workspace/finance-app/frontend/src/components/overview/OverviewTable.vue">
        <metrics statements="16" coveredstatements="12" conditionals="10" coveredconditionals="8" methods="6" coveredmethods="6"/>
        <line num="14" count="2" type="stmt"/>
        <line num="15" count="2" type="stmt"/>
        <line num="16" count="2" type="stmt"/>
        <line num="23" count="1" type="cond" truecount="2" falsecount="0"/>
        <line num="35" count="2" type="stmt"/>
        <line num="43" count="5" type="stmt"/>
        <line num="50" count="7" type="stmt"/>
        <line num="53" count="7" type="cond" truecount="2" falsecount="0"/>
        <line num="54" count="1" type="cond" truecount="1" falsecount="1"/>
        <line num="55" count="0" type="stmt"/>
        <line num="58" count="21" type="cond" truecount="3" falsecount="1"/>
        <line num="59" count="0" type="stmt"/>
        <line num="60" count="0" type="stmt"/>
        <line num="61" count="0" type="stmt"/>
        <line num="63" count="21" type="stmt"/>
        <line num="67" count="8" type="stmt"/>
      </file>
    </package>
    <package name="components.wealth">
      <metrics statements="62" coveredstatements="27" conditionals="30" coveredconditionals="13" methods="18" coveredmethods="11"/>
      <file name="WealthForecastChart.vue" path="/home/markus/workspace/finance-app/frontend/src/components/wealth/WealthForecastChart.vue">
        <metrics statements="50" coveredstatements="16" conditionals="21" coveredconditionals="5" methods="14" coveredmethods="8"/>
        <line num="15" count="3" type="stmt"/>
        <line num="26" count="3" type="stmt"/>
        <line num="29" count="3" type="stmt"/>
        <line num="40" count="0" type="stmt"/>
        <line num="41" count="0" type="stmt"/>
        <line num="43" count="0" type="cond" truecount="0" falsecount="2"/>
        <line num="45" count="0" type="stmt"/>
        <line num="47" count="0" type="stmt"/>
        <line num="48" count="0" type="stmt"/>
        <line num="49" count="0" type="stmt"/>
        <line num="51" count="0" type="stmt"/>
        <line num="52" count="0" type="stmt"/>
        <line num="54" count="0" type="stmt"/>
        <line num="57" count="3" type="stmt"/>
        <line num="58" count="3" type="cond" truecount="5" falsecount="0"/>
        <line num="60" count="1" type="stmt"/>
        <line num="61" count="2" type="stmt"/>
        <line num="63" count="1" type="stmt"/>
        <line num="68" count="2" type="stmt"/>
        <line num="70" count="0" type="stmt"/>
        <line num="78" count="2" type="stmt"/>
        <line num="80" count="0" type="stmt"/>
        <line num="87" count="2" type="stmt"/>
        <line num="89" count="0" type="stmt"/>
        <line num="97" count="2" type="stmt"/>
        <line num="109" count="3" type="stmt"/>
        <line num="122" count="0" type="cond" truecount="0" falsecount="2"/>
        <line num="123" count="0" type="cond" truecount="0" falsecount="2"/>
        <line num="124" count="0" type="stmt"/>
        <line num="126" count="0" type="cond" truecount="0" falsecount="2"/>
        <line num="127" count="0" type="stmt"/>
        <line num="133" count="0" type="stmt"/>
        <line num="140" count="3" type="stmt"/>
        <line num="141" count="0" type="stmt"/>
        <line num="142" count="0" type="cond" truecount="0" falsecount="4"/>
        <line num="144" count="0" type="stmt"/>
        <line num="145" count="0" type="cond" truecount="0" falsecount="2"/>
        <line num="147" count="0" type="stmt"/>
        <line num="149" count="0" type="stmt"/>
        <line num="150" count="0" type="stmt"/>
        <line num="153" count="0" type="stmt"/>
        <line num="154" count="0" type="stmt"/>
        <line num="155" count="0" type="stmt"/>
        <line num="158" count="3" type="stmt"/>
        <line num="159" count="0" type="stmt"/>
        <line num="160" count="0" type="cond" truecount="0" falsecount="2"/>
        <line num="162" count="0" type="stmt"/>
        <line num="163" count="0" type="stmt"/>
        <line num="164" count="0" type="stmt"/>
        <line num="167" count="3" type="stmt"/>
      </file>
      <file name="WealthForecastTable.vue" path="/home/markus/workspace/finance-app/frontend/src/components/wealth/WealthForecastTable.vue">
        <metrics statements="12" coveredstatements="11" conditionals="9" coveredconditionals="8" methods="4" coveredmethods="3"/>
        <line num="28" count="1" type="stmt"/>
        <line num="29" count="0" type="cond" truecount="2" falsecount="0"/>
        <line num="32" count="1" type="stmt"/>
        <line num="33" count="1" type="stmt"/>
        <line num="34" count="1" type="stmt"/>
        <line num="35" count="1" type="stmt"/>
        <line num="36" count="1" type="stmt"/>
        <line num="48" count="1" type="stmt"/>
        <line num="65" count="4" type="stmt"/>
        <line num="66" count="2" type="cond" truecount="3" falsecount="1"/>
        <line num="67" count="2" type="stmt"/>
        <line num="70" count="4" type="stmt"/>
      </file>
    </package>
    <package name="composables">
      <metrics statements="13" coveredstatements="9" conditionals="9" coveredconditionals="2" methods="4" coveredmethods="2"/>
      <file name="useIntersectionObserver.js" path="/home/markus/workspace/finance-app/frontend/src/composables/useIntersectionObserver.js">
        <metrics statements="13" coveredstatements="9" conditionals="9" coveredconditionals="2" methods="4" coveredmethods="2"/>
        <line num="4" count="2" type="stmt"/>
        <line num="5" count="2" type="stmt"/>
        <line num="6" count="2" type="stmt"/>
        <line num="8" count="2" type="stmt"/>
        <line num="9" count="2" type="cond" truecount="1" falsecount="1"/>
        <line num="11" count="2" type="stmt"/>
        <line num="12" count="0" type="stmt"/>
        <line num="13" count="0" type="cond" truecount="0" falsecount="4"/>
        <line num="14" count="0" type="stmt"/>
        <line num="18" count="2" type="stmt"/>
        <line num="21" count="2" type="stmt"/>
        <line num="22" count="0" type="cond" truecount="0" falsecount="2"/>
        <line num="25" count="2" type="stmt"/>
      </file>
    </package>
    <package name="plugins">
      <metrics statements="3" coveredstatements="2" conditionals="0" coveredconditionals="0" methods="1" coveredmethods="0"/>
      <file name="vuetify.js" path="/home/markus/workspace/finance-app/frontend/src/plugins/vuetify.js">
        <metrics statements="3" coveredstatements="2" conditionals="0" coveredconditionals="0" methods="1" coveredmethods="0"/>
        <line num="9" count="2" type="stmt"/>
        <line num="10" count="0" type="stmt"/>
        <line num="17" count="2" type="stmt"/>
      </file>
    </package>
    <package name="services">
      <metrics statements="47" coveredstatements="16" conditionals="25" coveredconditionals="10" methods="11" coveredmethods="3"/>
      <file name="auth.js" path="/home/markus/workspace/finance-app/frontend/src/services/auth.js">
        <metrics statements="12" coveredstatements="2" conditionals="0" coveredconditionals="0" methods="3" coveredmethods="0"/>
        <line num="3" count="1" type="stmt"/>
        <line num="5" count="1" type="stmt"/>
        <line num="7" count="0" type="stmt"/>
        <line num="9" count="0" type="stmt"/>
        <line num="10" count="0" type="stmt"/>
        <line num="12" count="0" type="stmt"/>
        <line num="17" count="0" type="stmt"/>
        <line num="18" count="0" type="stmt"/>
        <line num="19" count="0" type="stmt"/>
        <line num="21" count="0" type="stmt"/>
        <line num="22" count="0" type="stmt"/>
        <line num="27" count="0" type="stmt"/>
      </file>
      <file name="dateAdapter.js" path="/home/markus/workspace/finance-app/frontend/src/services/dateAdapter.js">
        <metrics statements="12" coveredstatements="9" conditionals="13" coveredconditionals="9" methods="3" coveredmethods="2"/>
        <line num="12" count="13" type="stmt"/>
        <line num="13" count="0" type="cond" truecount="0" falsecount="4"/>
        <line num="14" count="0" type="stmt"/>
        <line num="16" count="0" type="stmt"/>
        <line num="27" count="13" type="stmt"/>
        <line num="28" count="32" type="cond" truecount="5" falsecount="0"/>
        <line num="29" count="22" type="stmt"/>
        <line num="32" count="10" type="stmt"/>
        <line num="40" count="13" type="stmt"/>
        <line num="41" count="27" type="cond" truecount="4" falsecount="0"/>
        <line num="42" count="26" type="stmt"/>
        <line num="44" count="1" type="stmt"/>
      </file>
      <file name="specialcosts.js" path="/home/markus/workspace/finance-app/frontend/src/services/specialcosts.js">
        <metrics statements="13" coveredstatements="3" conditionals="8" coveredconditionals="1" methods="3" coveredmethods="1"/>
        <line num="3" count="4" type="stmt"/>
        <line num="10" count="0" type="stmt"/>
        <line num="11" count="0" type="cond" truecount="0" falsecount="2"/>
        <line num="12" count="0" type="stmt"/>
        <line num="14" count="0" type="stmt"/>
        <line num="23" count="0" type="stmt"/>
        <line num="30" count="0" type="cond" truecount="0" falsecount="2"/>
        <line num="31" count="0" type="stmt"/>
        <line num="35" count="0" type="stmt"/>
        <line num="36" count="0" type="cond" truecount="0" falsecount="2"/>
        <line num="45" count="1" type="stmt"/>
        <line num="48" count="1" type="cond" truecount="1" falsecount="1"/>
        <line num="49" count="0" type="stmt"/>
      </file>
      <file name="statistics.js" path="/home/markus/workspace/finance-app/frontend/src/services/statistics.js">
        <metrics statements="5" coveredstatements="1" conditionals="2" coveredconditionals="0" methods="1" coveredmethods="0"/>
        <line num="4" count="1" type="stmt"/>
        <line num="11" count="0" type="stmt"/>
        <line num="13" count="0" type="cond" truecount="0" falsecount="2"/>
        <line num="14" count="0" type="stmt"/>
        <line num="17" count="0" type="stmt"/>
      </file>
      <file name="user.js" path="/home/markus/workspace/finance-app/frontend/src/services/user.js">
        <metrics statements="5" coveredstatements="1" conditionals="2" coveredconditionals="0" methods="1" coveredmethods="0"/>
        <line num="5" count="2" type="stmt"/>
        <line num="13" count="0" type="stmt"/>
        <line num="21" count="0" type="cond" truecount="0" falsecount="2"/>
        <line num="22" count="0" type="stmt"/>
        <line num="25" count="0" type="stmt"/>
      </file>
    </package>
  </project>
</coverage>
