<?xml version="1.0" encoding="UTF-8"?>
<coverage generated="1765692912752" clover="3.2.0">
  <project timestamp="1765692912752" name="All files">
    <metrics statements="301" coveredstatements="229" conditionals="257" coveredconditionals="238" methods="159" coveredmethods="108" elements="717" coveredelements="575" complexity="0" loc="301" ncloc="301" packages="5" files="25" classes="25"/>
    <package name="src">
      <metrics statements="4" coveredstatements="3" conditionals="4" coveredconditionals="4" methods="3" coveredmethods="2"/>
      <file name="Layout.vue" path="/home/markus/workspace/finance-app/frontend/src/Layout.vue">
        <metrics statements="4" coveredstatements="3" conditionals="4" coveredconditionals="4" methods="3" coveredmethods="2"/>
        <line num="3" count="0" type="cond" truecount="2" falsecount="0"/>
        <line num="41" count="1" type="cond" truecount="2" falsecount="0"/>
        <line num="64" count="1" type="stmt"/>
        <line num="68" count="12" type="stmt"/>
      </file>
    </package>
    <package name="src.components">
      <metrics statements="113" coveredstatements="96" conditionals="77" coveredconditionals="74" methods="58" coveredmethods="50"/>
      <file name="DeleteButton.vue" path="/home/markus/workspace/finance-app/frontend/src/components/DeleteButton.vue">
        <metrics statements="5" coveredstatements="2" conditionals="12" coveredconditionals="12" methods="4" coveredmethods="1"/>
        <line num="2" count="0" type="cond" truecount="2" falsecount="0"/>
        <line num="22" count="0" type="cond" truecount="2" falsecount="0"/>
        <line num="23" count="0" type="cond" truecount="2" falsecount="0"/>
        <line num="29" count="8" type="stmt"/>
        <line num="32" count="35" type="stmt"/>
      </file>
      <file name="FixedCostTable.vue" path="/home/markus/workspace/finance-app/frontend/src/components/FixedCostTable.vue">
        <metrics statements="13" coveredstatements="11" conditionals="4" coveredconditionals="2" methods="7" coveredmethods="6"/>
        <line num="20" count="2" type="stmt"/>
        <line num="22" count="0" type="stmt"/>
        <line num="45" count="2" type="stmt"/>
        <line num="57" count="8" type="stmt"/>
        <line num="58" count="8" type="stmt"/>
        <line num="61" count="32" type="cond" truecount="1" falsecount="1"/>
        <line num="63" count="8" type="stmt"/>
        <line num="64" count="16" type="cond" truecount="1" falsecount="1"/>
        <line num="65" count="0" type="stmt"/>
        <line num="71" count="8" type="stmt"/>
        <line num="72" count="16" type="stmt"/>
        <line num="79" count="8" type="stmt"/>
        <line num="86" count="8" type="stmt"/>
      </file>
      <file name="FixedCosts.vue" path="/home/markus/workspace/finance-app/frontend/src/components/FixedCosts.vue">
        <metrics statements="28" coveredstatements="21" conditionals="11" coveredconditionals="11" methods="8" coveredmethods="7"/>
        <line num="31" count="10" type="cond" truecount="2" falsecount="0"/>
        <line num="39" count="10" type="cond" truecount="2" falsecount="0"/>
        <line num="72" count="1" type="stmt"/>
        <line num="86" count="13" type="cond" truecount="2" falsecount="0"/>
        <line num="87" count="10" type="stmt"/>
        <line num="89" count="3" type="stmt"/>
        <line num="90" count="3" type="stmt"/>
        <line num="91" count="3" type="stmt"/>
        <line num="94" count="1" type="stmt"/>
        <line num="98" count="1" type="stmt"/>
        <line num="102" count="1" type="stmt"/>
        <line num="106" count="1" type="stmt"/>
        <line num="112" count="10" type="stmt"/>
        <line num="130" count="19" type="stmt"/>
        <line num="133" count="19" type="stmt"/>
        <line num="162" count="10" type="stmt"/>
        <line num="163" count="9" type="stmt"/>
        <line num="164" count="9" type="stmt"/>
        <line num="165" count="9" type="stmt"/>
        <line num="166" count="9" type="stmt"/>
        <line num="168" count="9" type="stmt"/>
        <line num="172" count="0" type="stmt"/>
        <line num="173" count="0" type="stmt"/>
        <line num="174" count="0" type="stmt"/>
        <line num="175" count="0" type="stmt"/>
        <line num="176" count="0" type="stmt"/>
        <line num="177" count="0" type="stmt"/>
        <line num="179" count="0" type="stmt"/>
      </file>
      <file name="LoadablePage.js" path="/home/markus/workspace/finance-app/frontend/src/components/LoadablePage.js">
        <metrics statements="8" coveredstatements="8" conditionals="0" coveredconditionals="0" methods="2" coveredmethods="2"/>
        <line num="4" count="35" type="stmt"/>
        <line num="10" count="32" type="stmt"/>
        <line num="11" count="32" type="stmt"/>
        <line num="12" count="29" type="stmt"/>
        <line num="13" count="28" type="stmt"/>
        <line num="14" count="28" type="stmt"/>
        <line num="16" count="3" type="stmt"/>
        <line num="17" count="3" type="stmt"/>
      </file>
      <file name="ResponsiveDateCol.vue" path="/home/markus/workspace/finance-app/frontend/src/components/ResponsiveDateCol.vue">
        <metrics statements="6" coveredstatements="5" conditionals="8" coveredconditionals="8" methods="4" coveredmethods="3"/>
        <line num="2" count="3" type="stmt"/>
        <line num="3" count="0" type="cond" truecount="2" falsecount="0"/>
        <line num="27" count="3" type="stmt"/>
        <line num="31" count="7" type="cond" truecount="2" falsecount="0"/>
        <line num="35" count="7" type="stmt"/>
        <line num="41" count="6" type="stmt"/>
      </file>
      <file name="SpecialCosts.vue" path="/home/markus/workspace/finance-app/frontend/src/components/SpecialCosts.vue">
        <metrics statements="16" coveredstatements="12" conditionals="4" coveredconditionals="3" methods="8" coveredmethods="6"/>
        <line num="26" count="0" type="stmt"/>
        <line num="52" count="1" type="stmt"/>
        <line num="58" count="1" type="stmt"/>
        <line num="59" count="6" type="stmt"/>
        <line num="61" count="6" type="cond" truecount="1" falsecount="1"/>
        <line num="72" count="1" type="stmt"/>
        <line num="79" count="6" type="stmt"/>
        <line num="86" count="18" type="stmt"/>
        <line num="92" count="6" type="stmt"/>
        <line num="93" count="6" type="stmt"/>
        <line num="97" count="36" type="cond" truecount="2" falsecount="0"/>
        <line num="99" count="0" type="stmt"/>
        <line num="100" count="0" type="stmt"/>
        <line num="101" count="0" type="stmt"/>
        <line num="105" count="6" type="stmt"/>
        <line num="106" count="6" type="stmt"/>
      </file>
      <file name="Utils.js" path="/home/markus/workspace/finance-app/frontend/src/components/Utils.js">
        <metrics statements="37" coveredstatements="37" conditionals="38" coveredconditionals="38" methods="25" coveredmethods="25"/>
        <line num="1" count="20" type="stmt"/>
        <line num="2" count="95" type="stmt"/>
        <line num="5" count="20" type="stmt"/>
        <line num="20" count="20" type="cond" truecount="2" falsecount="0"/>
        <line num="21" count="85" type="cond" truecount="2" falsecount="0"/>
        <line num="23" count="49" type="stmt"/>
        <line num="25" count="49" type="cond" truecount="4" falsecount="0"/>
        <line num="28" count="85" type="stmt"/>
        <line num="31" count="180" type="cond" truecount="2" falsecount="0"/>
        <line num="33" count="20" type="stmt"/>
        <line num="34" count="40" type="stmt"/>
        <line num="35" count="480" type="stmt"/>
        <line num="36" count="480" type="stmt"/>
        <line num="39" count="20" type="stmt"/>
        <line num="40" count="20" type="stmt"/>
        <line num="42" count="20" type="stmt"/>
        <line num="43" count="20" type="stmt"/>
        <line num="44" count="20" type="stmt"/>
        <line num="46" count="54" type="stmt"/>
        <line num="49" count="20" type="stmt"/>
        <line num="50" count="79" type="cond" truecount="2" falsecount="0"/>
        <line num="51" count="75" type="cond" truecount="6" falsecount="0"/>
        <line num="52" count="73" type="stmt"/>
        <line num="53" count="389" type="stmt"/>
        <line num="54" count="329" type="cond" truecount="2" falsecount="0"/>
        <line num="57" count="20" type="stmt"/>
        <line num="58" count="139" type="cond" truecount="2" falsecount="0"/>
        <line num="80" count="20" type="stmt"/>
        <line num="88" count="20" type="stmt"/>
        <line num="92" count="29" type="stmt"/>
        <line num="96" count="69" type="stmt"/>
        <line num="103" count="69" type="stmt"/>
        <line num="111" count="69" type="cond" truecount="4" falsecount="0"/>
        <line num="114" count="69" type="cond" truecount="4" falsecount="0"/>
        <line num="118" count="7" type="stmt"/>
        <line num="120" count="7" type="stmt"/>
        <line num="126" count="7" type="stmt"/>
      </file>
    </package>
    <package name="src.components.editform">
      <metrics statements="108" coveredstatements="74" conditionals="117" coveredconditionals="111" methods="64" coveredmethods="31"/>
      <file name="CostEditForm.vue" path="/home/markus/workspace/finance-app/frontend/src/components/editform/CostEditForm.vue">
        <metrics statements="11" coveredstatements="6" conditionals="16" coveredconditionals="16" methods="8" coveredmethods="3"/>
        <line num="3" count="0" type="cond" truecount="2" falsecount="0"/>
        <line num="15" count="0" type="cond" truecount="2" falsecount="0"/>
        <line num="23" count="0" type="cond" truecount="2" falsecount="0"/>
        <line num="26" count="0" type="cond" truecount="2" falsecount="0"/>
        <line num="33" count="0" type="cond" truecount="2" falsecount="0"/>
        <line num="37" count="13" type="stmt"/>
        <line num="40" count="67" type="stmt"/>
        <line num="49" count="52" type="cond" truecount="2" falsecount="0"/>
        <line num="54" count="2" type="stmt"/>
        <line num="55" count="2" type="stmt"/>
        <line num="56" count="2" type="stmt"/>
      </file>
      <file name="CurrencyInput.vue" path="/home/markus/workspace/finance-app/frontend/src/components/editform/CurrencyInput.vue">
        <metrics statements="8" coveredstatements="8" conditionals="8" coveredconditionals="8" methods="5" coveredmethods="5"/>
        <line num="6" count="1" type="cond" truecount="2" falsecount="0"/>
        <line num="14" count="15" type="stmt"/>
        <line num="18" count="26" type="stmt"/>
        <line num="22" count="37" type="cond" truecount="2" falsecount="0"/>
        <line num="29" count="33" type="cond" truecount="2" falsecount="0"/>
        <line num="34" count="4" type="stmt"/>
        <line num="36" count="4" type="cond" truecount="2" falsecount="0"/>
        <line num="37" count="4" type="stmt"/>
      </file>
      <file name="FromToDateFields.vue" path="/home/markus/workspace/finance-app/frontend/src/components/editform/FromToDateFields.vue">
        <metrics statements="8" coveredstatements="6" conditionals="10" coveredconditionals="9" methods="4" coveredmethods="2"/>
        <line num="4" count="0" type="cond" truecount="2" falsecount="0"/>
        <line num="7" count="0" type="cond" truecount="2" falsecount="0"/>
        <line num="14" count="7" type="stmt"/>
        <line num="20" count="15" type="stmt"/>
        <line num="23" count="2" type="cond" truecount="3" falsecount="1"/>
        <line num="25" count="2" type="stmt"/>
        <line num="27" count="2" type="stmt"/>
        <line num="28" count="2" type="cond" truecount="2" falsecount="0"/>
      </file>
      <file name="HalfyearlyCostEditForm.vue" path="/home/markus/workspace/finance-app/frontend/src/components/editform/HalfyearlyCostEditForm.vue">
        <metrics statements="12" coveredstatements="7" conditionals="12" coveredconditionals="11" methods="8" coveredmethods="3"/>
        <line num="13" count="0" type="cond" truecount="2" falsecount="0"/>
        <line num="18" count="0" type="cond" truecount="2" falsecount="0"/>
        <line num="23" count="0" type="cond" truecount="2" falsecount="0"/>
        <line num="28" count="0" type="cond" truecount="2" falsecount="0"/>
        <line num="32" count="0" type="cond" truecount="2" falsecount="0"/>
        <line num="50" count="3" type="stmt"/>
        <line num="51" count="5" type="stmt"/>
        <line num="52" count="5" type="cond" truecount="1" falsecount="1"/>
        <line num="63" count="3" type="stmt"/>
        <line num="64" count="1" type="stmt"/>
        <line num="70" count="3" type="stmt"/>
        <line num="81" count="2" type="stmt"/>
      </file>
      <file name="IncomingSelect.vue" path="/home/markus/workspace/finance-app/frontend/src/components/editform/IncomingSelect.vue">
        <metrics statements="2" coveredstatements="2" conditionals="2" coveredconditionals="2" methods="1" coveredmethods="1"/>
        <line num="4" count="1" type="cond" truecount="2" falsecount="0"/>
        <line num="12" count="13" type="stmt"/>
      </file>
      <file name="MonthDatePicker.vue" path="/home/markus/workspace/finance-app/frontend/src/components/editform/MonthDatePicker.vue">
        <metrics statements="24" coveredstatements="20" conditionals="20" coveredconditionals="17" methods="8" coveredmethods="5"/>
        <line num="3" count="0" type="cond" truecount="2" falsecount="0"/>
        <line num="19" count="0" type="cond" truecount="2" falsecount="0"/>
        <line num="35" count="14" type="stmt"/>
        <line num="40" count="29" type="stmt"/>
        <line num="47" count="30" type="cond" truecount="2" falsecount="0"/>
        <line num="48" count="30" type="stmt"/>
        <line num="51" count="0" type="cond" truecount="0" falsecount="2"/>
        <line num="52" count="0" type="stmt"/>
        <line num="55" count="2" type="cond" truecount="4" falsecount="0"/>
        <line num="56" count="1" type="stmt"/>
        <line num="58" count="1" type="stmt"/>
        <line num="63" count="4" type="stmt"/>
        <line num="64" count="4" type="cond" truecount="2" falsecount="0"/>
        <line num="65" count="3" type="stmt"/>
        <line num="66" count="3" type="stmt"/>
        <line num="69" count="4" type="stmt"/>
        <line num="70" count="4" type="stmt"/>
        <line num="72" count="4" type="stmt"/>
        <line num="74" count="4" type="cond" truecount="2" falsecount="0"/>
        <line num="76" count="2" type="stmt"/>
        <line num="88" count="2" type="cond" truecount="1" falsecount="1"/>
        <line num="90" count="2" type="stmt"/>
        <line num="91" count="2" type="cond" truecount="2" falsecount="0"/>
        <line num="92" count="1" type="stmt"/>
      </file>
      <file name="MonthlyCostEditForm.vue" path="/home/markus/workspace/finance-app/frontend/src/components/editform/MonthlyCostEditForm.vue">
        <metrics statements="5" coveredstatements="1" conditionals="8" coveredconditionals="8" methods="4" coveredmethods="0"/>
        <line num="13" count="0" type="cond" truecount="2" falsecount="0"/>
        <line num="18" count="0" type="cond" truecount="2" falsecount="0"/>
        <line num="23" count="0" type="cond" truecount="2" falsecount="0"/>
        <line num="27" count="0" type="cond" truecount="2" falsecount="0"/>
        <line num="39" count="3" type="stmt"/>
      </file>
      <file name="NameTextField.vue" path="/home/markus/workspace/finance-app/frontend/src/components/editform/NameTextField.vue">
        <metrics statements="5" coveredstatements="5" conditionals="7" coveredconditionals="7" methods="4" coveredmethods="4"/>
        <line num="4" count="1" type="cond" truecount="2" falsecount="0"/>
        <line num="12" count="13" type="stmt"/>
        <line num="16" count="20" type="stmt"/>
        <line num="18" count="28" type="cond" truecount="2" falsecount="0"/>
        <line num="19" count="11" type="cond" truecount="3" falsecount="0"/>
      </file>
      <file name="QuaterlyCostEditForm.vue" path="/home/markus/workspace/finance-app/frontend/src/components/editform/QuaterlyCostEditForm.vue">
        <metrics statements="12" coveredstatements="7" conditionals="12" coveredconditionals="12" methods="8" coveredmethods="3"/>
        <line num="13" count="0" type="cond" truecount="2" falsecount="0"/>
        <line num="18" count="0" type="cond" truecount="2" falsecount="0"/>
        <line num="23" count="0" type="cond" truecount="2" falsecount="0"/>
        <line num="28" count="0" type="cond" truecount="2" falsecount="0"/>
        <line num="32" count="0" type="cond" truecount="2" falsecount="0"/>
        <line num="50" count="3" type="stmt"/>
        <line num="51" count="11" type="stmt"/>
        <line num="52" count="11" type="cond" truecount="2" falsecount="0"/>
        <line num="63" count="3" type="stmt"/>
        <line num="64" count="1" type="stmt"/>
        <line num="70" count="3" type="stmt"/>
        <line num="81" count="5" type="stmt"/>
      </file>
      <file name="SpecialCostForm.vue" path="/home/markus/workspace/finance-app/frontend/src/components/editform/SpecialCostForm.vue">
        <metrics statements="9" coveredstatements="5" conditionals="10" coveredconditionals="10" methods="6" coveredmethods="2"/>
        <line num="14" count="0" type="cond" truecount="2" falsecount="0"/>
        <line num="19" count="0" type="cond" truecount="2" falsecount="0"/>
        <line num="24" count="0" type="cond" truecount="2" falsecount="0"/>
        <line num="29" count="0" type="cond" truecount="2" falsecount="0"/>
        <line num="42" count="6" type="stmt"/>
        <line num="43" count="55" type="stmt"/>
        <line num="44" count="55" type="cond" truecount="2" falsecount="0"/>
        <line num="55" count="6" type="stmt"/>
        <line num="61" count="6" type="stmt"/>
      </file>
      <file name="YearlyCostEditForm.vue" path="/home/markus/workspace/finance-app/frontend/src/components/editform/YearlyCostEditForm.vue">
        <metrics statements="12" coveredstatements="7" conditionals="12" coveredconditionals="11" methods="8" coveredmethods="3"/>
        <line num="13" count="0" type="cond" truecount="2" falsecount="0"/>
        <line num="18" count="0" type="cond" truecount="2" falsecount="0"/>
        <line num="23" count="0" type="cond" truecount="2" falsecount="0"/>
        <line num="28" count="0" type="cond" truecount="2" falsecount="0"/>
        <line num="32" count="0" type="cond" truecount="2" falsecount="0"/>
        <line num="50" count="3" type="stmt"/>
        <line num="51" count="5" type="stmt"/>
        <line num="52" count="5" type="cond" truecount="1" falsecount="1"/>
        <line num="63" count="3" type="stmt"/>
        <line num="64" count="1" type="stmt"/>
        <line num="70" count="3" type="stmt"/>
        <line num="81" count="2" type="stmt"/>
      </file>
    </package>
    <package name="src.components.overview">
      <metrics statements="73" coveredstatements="54" conditionals="59" coveredconditionals="49" methods="33" coveredmethods="25"/>
      <file name="CurrentAmount.vue" path="/home/markus/workspace/finance-app/frontend/src/components/overview/CurrentAmount.vue">
        <metrics statements="14" coveredstatements="10" conditionals="22" coveredconditionals="21" methods="10" coveredmethods="6"/>
        <line num="8" count="1" type="cond" truecount="2" falsecount="0"/>
        <line num="10" count="0" type="cond" truecount="2" falsecount="0"/>
        <line num="16" count="2" type="cond" truecount="2" falsecount="0"/>
        <line num="18" count="0" type="cond" truecount="2" falsecount="0"/>
        <line num="24" count="0" type="cond" truecount="2" falsecount="0"/>
        <line num="25" count="0" type="cond" truecount="2" falsecount="0"/>
        <line num="36" count="4" type="stmt"/>
        <line num="42" count="15" type="stmt"/>
        <line num="43" count="15" type="stmt"/>
        <line num="47" count="15" type="cond" truecount="1" falsecount="1"/>
        <line num="50" count="15" type="cond" truecount="2" falsecount="0"/>
        <line num="51" count="6" type="cond" truecount="2" falsecount="0"/>
        <line num="52" count="2" type="stmt"/>
        <line num="56" count="15" type="stmt"/>
      </file>
      <file name="Overview.vue" path="/home/markus/workspace/finance-app/frontend/src/components/overview/Overview.vue">
        <metrics statements="12" coveredstatements="7" conditionals="2" coveredconditionals="0" methods="5" coveredmethods="4"/>
        <line num="35" count="1" type="stmt"/>
        <line num="43" count="9" type="stmt"/>
        <line num="52" count="0" type="cond" truecount="0" falsecount="2"/>
        <line num="56" count="9" type="stmt"/>
        <line num="58" count="8" type="stmt"/>
        <line num="59" count="8" type="stmt"/>
        <line num="61" count="8" type="stmt"/>
        <line num="62" count="8" type="stmt"/>
        <line num="66" count="0" type="stmt"/>
        <line num="67" count="0" type="stmt"/>
        <line num="70" count="0" type="stmt"/>
        <line num="71" count="0" type="stmt"/>
      </file>
      <file name="OverviewChart.vue" path="/home/markus/workspace/finance-app/frontend/src/components/overview/OverviewChart.vue">
        <metrics statements="14" coveredstatements="12" conditionals="2" coveredconditionals="1" methods="5" coveredmethods="5"/>
        <line num="2" count="2" type="stmt"/>
        <line num="21" count="2" type="stmt"/>
        <line num="32" count="2" type="stmt"/>
        <line num="41" count="2" type="stmt"/>
        <line num="48" count="3" type="stmt"/>
        <line num="49" count="3" type="stmt"/>
        <line num="51" count="3" type="cond" truecount="1" falsecount="1"/>
        <line num="52" count="3" type="stmt"/>
        <line num="53" count="6" type="stmt"/>
        <line num="54" count="6" type="stmt"/>
        <line num="58" count="3" type="stmt"/>
        <line num="78" count="3" type="stmt"/>
        <line num="92" count="0" type="stmt"/>
        <line num="102" count="0" type="stmt"/>
      </file>
      <file name="OverviewDetails.vue" path="/home/markus/workspace/finance-app/frontend/src/components/overview/OverviewDetails.vue">
        <metrics statements="16" coveredstatements="12" conditionals="25" coveredconditionals="21" methods="7" coveredmethods="4"/>
        <line num="2" count="0" type="cond" truecount="2" falsecount="0"/>
        <line num="22" count="4" type="stmt"/>
        <line num="24" count="4" type="stmt"/>
        <line num="26" count="0" type="stmt"/>
        <line num="39" count="4" type="stmt"/>
        <line num="58" count="4" type="stmt"/>
        <line num="63" count="9" type="stmt"/>
        <line num="71" count="2" type="cond" truecount="4" falsecount="1"/>
        <line num="72" count="2" type="stmt"/>
        <line num="81" count="5" type="cond" truecount="2" falsecount="0"/>
        <line num="82" count="1" type="cond" truecount="1" falsecount="1"/>
        <line num="83" count="0" type="stmt"/>
        <line num="86" count="2" type="stmt"/>
        <line num="89" count="2" type="cond" truecount="1" falsecount="1"/>
        <line num="90" count="2" type="cond" truecount="1" falsecount="1"/>
        <line num="93" count="0" type="stmt"/>
      </file>
      <file name="OverviewTable.vue" path="/home/markus/workspace/finance-app/frontend/src/components/overview/OverviewTable.vue">
        <metrics statements="17" coveredstatements="13" conditionals="8" coveredconditionals="6" methods="6" coveredmethods="6"/>
        <line num="15" count="2" type="stmt"/>
        <line num="16" count="2" type="stmt"/>
        <line num="17" count="2" type="stmt"/>
        <line num="37" count="2" type="stmt"/>
        <line num="44" count="4" type="stmt"/>
        <line num="45" count="4" type="stmt"/>
        <line num="48" count="4" type="stmt"/>
        <line num="55" count="7" type="stmt"/>
        <line num="58" count="7" type="cond" truecount="2" falsecount="0"/>
        <line num="59" count="1" type="cond" truecount="1" falsecount="1"/>
        <line num="60" count="0" type="stmt"/>
        <line num="63" count="21" type="cond" truecount="3" falsecount="1"/>
        <line num="64" count="0" type="stmt"/>
        <line num="65" count="0" type="stmt"/>
        <line num="66" count="0" type="stmt"/>
        <line num="68" count="21" type="stmt"/>
        <line num="72" count="7" type="stmt"/>
      </file>
    </package>
    <package name="src.plugins">
      <metrics statements="3" coveredstatements="2" conditionals="0" coveredconditionals="0" methods="1" coveredmethods="0"/>
      <file name="vuetify.js" path="/home/markus/workspace/finance-app/frontend/src/plugins/vuetify.js">
        <metrics statements="3" coveredstatements="2" conditionals="0" coveredconditionals="0" methods="1" coveredmethods="0"/>
        <line num="9" count="2" type="stmt"/>
        <line num="10" count="0" type="stmt"/>
        <line num="17" count="2" type="stmt"/>
      </file>
    </package>
  </project>
</coverage>
