{"/home/markus/workspace/finance-app/frontend/src/components/SpecialCostsPage.vue": {"path":"/home/markus/workspace/finance-app/frontend/src/components/SpecialCostsPage.vue","statementMap":{"0":{"start":{"line":76,"column":19},"end":{"line":88,"column":1}},"1":{"start":{"line":77,"column":13},"end":{"line":77,"column":38}},"2":{"start":{"line":79,"column":2},"end":{"line":87,"column":null}},"3":{"start":{"line":90,"column":15},"end":{"line":180,"column":1}},"4":{"start":{"line":98,"column":4},"end":{"line":103,"column":null}},"5":{"start":{"line":107,"column":6},"end":{"line":111,"column":null}},"6":{"start":{"line":114,"column":17},"end":{"line":119,"column":10}},"7":{"start":{"line":114,"column":39},"end":{"line":119,"column":8}},"8":{"start":{"line":120,"column":7},"end":{"line":120,"column":null}},"9":{"start":{"line":121,"column":7},"end":{"line":121,"column":null}},"10":{"start":{"line":124,"column":6},"end":{"line":124,"column":null}},"11":{"start":{"line":124,"column":25},"end":{"line":124,"column":null}},"12":{"start":{"line":125,"column":6},"end":{"line":125,"column":null}},"13":{"start":{"line":125,"column":42},"end":{"line":125,"column":70}},"14":{"start":{"line":129,"column":26},"end":{"line":129,"column":38}},"15":{"start":{"line":131,"column":6},"end":{"line":131,"column":null}},"16":{"start":{"line":134,"column":6},"end":{"line":141,"column":null}},"17":{"start":{"line":135,"column":8},"end":{"line":135,"column":null}},"18":{"start":{"line":136,"column":8},"end":{"line":136,"column":null}},"19":{"start":{"line":137,"column":8},"end":{"line":137,"column":null}},"20":{"start":{"line":139,"column":8},"end":{"line":139,"column":null}},"21":{"start":{"line":140,"column":8},"end":{"line":140,"column":null}},"22":{"start":{"line":144,"column":6},"end":{"line":144,"column":null}},"23":{"start":{"line":145,"column":6},"end":{"line":145,"column":null}},"24":{"start":{"line":146,"column":6},"end":{"line":146,"column":null}},"25":{"start":{"line":149,"column":6},"end":{"line":149,"column":null}},"26":{"start":{"line":149,"column":20},"end":{"line":149,"column":null}},"27":{"start":{"line":150,"column":18},"end":{"line":150,"column":28}},"28":{"start":{"line":151,"column":26},"end":{"line":151,"column":43}},"29":{"start":{"line":152,"column":27},"end":{"line":152,"column":45}},"30":{"start":{"line":154,"column":6},"end":{"line":154,"column":null}},"31":{"start":{"line":154,"column":38},"end":{"line":154,"column":null}},"32":{"start":{"line":155,"column":6},"end":{"line":155,"column":null}},"33":{"start":{"line":155,"column":73},"end":{"line":155,"column":null}},"34":{"start":{"line":156,"column":6},"end":{"line":156,"column":null}},"35":{"start":{"line":159,"column":22},"end":{"line":159,"column":49}},"36":{"start":{"line":160,"column":6},"end":{"line":160,"column":null}},"37":{"start":{"line":160,"column":19},"end":{"line":160,"column":null}},"38":{"start":{"line":161,"column":6},"end":{"line":161,"column":null}},"39":{"start":{"line":161,"column":19},"end":{"line":161,"column":null}},"40":{"start":{"line":162,"column":6},"end":{"line":162,"column":null}},"41":{"start":{"line":165,"column":6},"end":{"line":167,"column":null}},"42":{"start":{"line":166,"column":8},"end":{"line":166,"column":null}},"43":{"start":{"line":168,"column":6},"end":{"line":168,"column":null}},"44":{"start":{"line":168,"column":27},"end":{"line":168,"column":null}},"45":{"start":{"line":169,"column":6},"end":{"line":169,"column":null}},"46":{"start":{"line":169,"column":27},"end":{"line":169,"column":null}},"47":{"start":{"line":170,"column":6},"end":{"line":170,"column":null}},"48":{"start":{"line":173,"column":6},"end":{"line":173,"column":null}},"49":{"start":{"line":177,"column":4},"end":{"line":177,"column":null}},"50":{"start":{"line":178,"column":4},"end":{"line":178,"column":null}},"51":{"start":{"line":34,"column":23},"end":{"line":34,"column":null}},"52":{"start":{"line":14,"column":16},"end":{"line":15,"column":null}},"53":{"start":{"line":36,"column":63},"end":{"line":36,"column":82}},"54":{"start":{"line":56,"column":25},"end":{"line":56,"column":36}}},"fnMap":{"0":{"name":"(anonymous_0)","decl":{"start":{"line":76,"column":19},"end":{"line":76,"column":22}},"loc":{"start":{"line":76,"column":27},"end":{"line":88,"column":1}},"line":76},"1":{"name":"(anonymous_1)","decl":{"start":{"line":97,"column":2},"end":{"line":97,"column":6}},"loc":{"start":{"line":97,"column":9},"end":{"line":104,"column":3}},"line":97},"2":{"name":"(anonymous_2)","decl":{"start":{"line":106,"column":4},"end":{"line":106,"column":8}},"loc":{"start":{"line":106,"column":11},"end":{"line":112,"column":5}},"line":106},"3":{"name":"(anonymous_3)","decl":{"start":{"line":113,"column":4},"end":{"line":113,"column":11}},"loc":{"start":{"line":113,"column":14},"end":{"line":122,"column":5}},"line":113},"4":{"name":"(anonymous_4)","decl":{"start":{"line":114,"column":31},"end":{"line":114,"column":33}},"loc":{"start":{"line":114,"column":39},"end":{"line":119,"column":8}},"line":114},"5":{"name":"(anonymous_5)","decl":{"start":{"line":123,"column":4},"end":{"line":123,"column":19}},"loc":{"start":{"line":123,"column":22},"end":{"line":126,"column":null}},"line":123},"6":{"name":"(anonymous_6)","decl":{"start":{"line":125,"column":33},"end":{"line":125,"column":37}},"loc":{"start":{"line":125,"column":42},"end":{"line":125,"column":70}},"line":125},"7":{"name":"(anonymous_7)","decl":{"start":{"line":129,"column":15},"end":{"line":129,"column":16}},"loc":{"start":{"line":129,"column":26},"end":{"line":129,"column":38}},"line":129},"8":{"name":"(anonymous_8)","decl":{"start":{"line":130,"column":10},"end":{"line":130,"column":21}},"loc":{"start":{"line":130,"column":24},"end":{"line":132,"column":5}},"line":130},"9":{"name":"(anonymous_9)","decl":{"start":{"line":133,"column":10},"end":{"line":133,"column":20}},"loc":{"start":{"line":133,"column":27},"end":{"line":142,"column":5}},"line":133},"10":{"name":"(anonymous_10)","decl":{"start":{"line":143,"column":4},"end":{"line":143,"column":16}},"loc":{"start":{"line":143,"column":30},"end":{"line":147,"column":5}},"line":143},"11":{"name":"(anonymous_11)","decl":{"start":{"line":148,"column":4},"end":{"line":148,"column":12}},"loc":{"start":{"line":148,"column":22},"end":{"line":157,"column":5}},"line":148},"12":{"name":"(anonymous_12)","decl":{"start":{"line":158,"column":4},"end":{"line":158,"column":16}},"loc":{"start":{"line":158,"column":22},"end":{"line":163,"column":5}},"line":158},"13":{"name":"(anonymous_13)","decl":{"start":{"line":164,"column":4},"end":{"line":164,"column":15}},"loc":{"start":{"line":164,"column":22},"end":{"line":171,"column":5}},"line":164},"14":{"name":"(anonymous_14)","decl":{"start":{"line":172,"column":4},"end":{"line":172,"column":14}},"loc":{"start":{"line":172,"column":20},"end":{"line":174,"column":null}},"line":172},"15":{"name":"(anonymous_15)","decl":{"start":{"line":176,"column":2},"end":{"line":176,"column":9}},"loc":{"start":{"line":176,"column":28},"end":{"line":179,"column":null}},"line":176},"16":{"name":"(anonymous_16)","decl":{"start":{"line":36,"column":61},"end":{"line":36,"column":63}},"loc":{"start":{"line":36,"column":63},"end":{"line":36,"column":82}},"line":36},"17":{"name":"(anonymous_17)","decl":{"start":{"line":56,"column":25},"end":{"line":56,"column":33}},"loc":{"start":{"line":56,"column":25},"end":{"line":56,"column":36}},"line":56}},"branchMap":{"0":{"loc":{"start":{"line":79,"column":9},"end":{"line":87,"column":7}},"type":"cond-expr","locations":[{"start":{"line":80,"column":6},"end":{"line":83,"column":null}},{"start":{"line":84,"column":6},"end":{"line":87,"column":7}}],"line":79},"1":{"loc":{"start":{"line":124,"column":6},"end":{"line":124,"column":null}},"type":"if","locations":[{"start":{"line":124,"column":6},"end":{"line":124,"column":null}},{"start":{},"end":{}}],"line":124},"2":{"loc":{"start":{"line":129,"column":26},"end":{"line":129,"column":38}},"type":"cond-expr","locations":[{"start":{"line":129,"column":30},"end":{"line":129,"column":35}},{"start":{"line":129,"column":37},"end":{"line":129,"column":38}}],"line":129},"3":{"loc":{"start":{"line":149,"column":6},"end":{"line":149,"column":null}},"type":"if","locations":[{"start":{"line":149,"column":6},"end":{"line":149,"column":null}},{"start":{},"end":{}}],"line":149},"4":{"loc":{"start":{"line":154,"column":6},"end":{"line":154,"column":null}},"type":"if","locations":[{"start":{"line":154,"column":6},"end":{"line":154,"column":null}},{"start":{},"end":{}}],"line":154},"5":{"loc":{"start":{"line":155,"column":6},"end":{"line":155,"column":null}},"type":"if","locations":[{"start":{"line":155,"column":6},"end":{"line":155,"column":null}},{"start":{},"end":{}}],"line":155},"6":{"loc":{"start":{"line":155,"column":10},"end":{"line":155,"column":71}},"type":"binary-expr","locations":[{"start":{"line":155,"column":10},"end":{"line":155,"column":37}},{"start":{"line":155,"column":42},"end":{"line":155,"column":71}}],"line":155},"7":{"loc":{"start":{"line":160,"column":6},"end":{"line":160,"column":null}},"type":"if","locations":[{"start":{"line":160,"column":6},"end":{"line":160,"column":null}},{"start":{},"end":{}}],"line":160},"8":{"loc":{"start":{"line":161,"column":6},"end":{"line":161,"column":null}},"type":"if","locations":[{"start":{"line":161,"column":6},"end":{"line":161,"column":null}},{"start":{},"end":{}}],"line":161},"9":{"loc":{"start":{"line":165,"column":6},"end":{"line":167,"column":null}},"type":"if","locations":[{"start":{"line":165,"column":6},"end":{"line":167,"column":null}},{"start":{},"end":{}}],"line":165},"10":{"loc":{"start":{"line":166,"column":15},"end":{"line":166,"column":61}},"type":"cond-expr","locations":[{"start":{"line":166,"column":33},"end":{"line":166,"column":45}},{"start":{"line":166,"column":47},"end":{"line":166,"column":61}}],"line":166},"11":{"loc":{"start":{"line":168,"column":6},"end":{"line":168,"column":null}},"type":"if","locations":[{"start":{"line":168,"column":6},"end":{"line":168,"column":null}},{"start":{},"end":{}}],"line":168},"12":{"loc":{"start":{"line":169,"column":6},"end":{"line":169,"column":null}},"type":"if","locations":[{"start":{"line":169,"column":6},"end":{"line":169,"column":null}},{"start":{},"end":{}}],"line":169},"13":{"loc":{"start":{"line":21,"column":81},"end":{"line":21,"column":null}},"type":"cond-expr","locations":[{"start":{"line":21,"column":105},"end":{"line":21,"column":null}},{"start":{"line":21,"column":121},"end":{"line":21,"column":null}}],"line":21},"14":{"loc":{"start":{"line":22,"column":29},"end":{"line":30,"column":null}},"type":"cond-expr","locations":[{"start":{"line":29,"column":18},"end":{"line":30,"column":null}}],"line":22},"15":{"loc":{"start":{"line":40,"column":25},"end":{"line":40,"column":null}},"type":"binary-expr","locations":[{"start":{"line":40,"column":25},"end":{"line":40,"column":40}},{"start":{"line":40,"column":44},"end":{"line":40,"column":null}}],"line":40},"16":{"loc":{"start":{"line":56,"column":25},"end":{"line":56,"column":36}},"type":"binary-expr","locations":[{"start":{"line":56,"column":25},"end":{"line":56,"column":33}},{"start":{"line":56,"column":25},"end":{"line":56,"column":36}}],"line":56}},"s":{"0":1,"1":2,"2":2,"3":1,"4":2,"5":2,"6":2,"7":6,"8":2,"9":2,"10":2,"11":0,"12":2,"13":0,"14":0,"15":2,"16":0,"17":0,"18":0,"19":0,"20":0,"21":0,"22":0,"23":0,"24":0,"25":3,"26":0,"27":3,"28":3,"29":3,"30":3,"31":1,"32":2,"33":1,"34":1,"35":2,"36":2,"37":1,"38":1,"39":1,"40":0,"41":0,"42":0,"43":0,"44":0,"45":0,"46":0,"47":0,"48":1,"49":2,"50":2,"51":1,"52":8,"53":0,"54":0},"f":{"0":2,"1":2,"2":2,"3":2,"4":6,"5":2,"6":0,"7":0,"8":2,"9":0,"10":0,"11":3,"12":2,"13":0,"14":1,"15":1,"16":0,"17":0},"b":{"0":[2,0],"1":[0,2],"2":[0,0],"3":[0,3],"4":[1,2],"5":[1,1],"6":[2,1],"7":[1,1],"8":[1,0],"9":[0,0],"10":[0,0],"11":[0,0],"12":[0,0],"13":[0,0],"14":[0,null],"15":[2,2],"16":[2,2]},"meta":{"lastBranch":17,"lastFunction":18,"lastStatement":55,"seen":{"s:76:19:88:1":0,"f:76:19:76:22":0,"s:77:13:77:38":1,"s:79:2:87:Infinity":2,"b:80:6:83:Infinity:84:6:87:7":0,"s:90:15:180:1":3,"f:97:2:97:6":1,"s:98:4:103:Infinity":4,"f:106:4:106:8":2,"s:107:6:111:Infinity":5,"f:113:4:113:11":3,"s:114:17:119:10":6,"f:114:31:114:33":4,"s:114:39:119:8":7,"s:120:7:120:Infinity":8,"s:121:7:121:Infinity":9,"f:123:4:123:19":5,"b:124:6:124:Infinity:undefined:undefined:undefined:undefined":1,"s:124:6:124:Infinity":10,"s:124:25:124:Infinity":11,"s:125:6:125:Infinity":12,"f:125:33:125:37":6,"s:125:42:125:70":13,"f:129:15:129:16":7,"s:129:26:129:38":14,"b:129:30:129:35:129:37:129:38":2,"f:130:10:130:21":8,"s:131:6:131:Infinity":15,"f:133:10:133:20":9,"s:134:6:141:Infinity":16,"s:135:8:135:Infinity":17,"s:136:8:136:Infinity":18,"s:137:8:137:Infinity":19,"s:139:8:139:Infinity":20,"s:140:8:140:Infinity":21,"f:143:4:143:16":10,"s:144:6:144:Infinity":22,"s:145:6:145:Infinity":23,"s:146:6:146:Infinity":24,"f:148:4:148:12":11,"b:149:6:149:Infinity:undefined:undefined:undefined:undefined":3,"s:149:6:149:Infinity":25,"s:149:20:149:Infinity":26,"s:150:18:150:28":27,"s:151:26:151:43":28,"s:152:27:152:45":29,"b:154:6:154:Infinity:undefined:undefined:undefined:undefined":4,"s:154:6:154:Infinity":30,"s:154:38:154:Infinity":31,"b:155:6:155:Infinity:undefined:undefined:undefined:undefined":5,"s:155:6:155:Infinity":32,"b:155:10:155:37:155:42:155:71":6,"s:155:73:155:Infinity":33,"s:156:6:156:Infinity":34,"f:158:4:158:16":12,"s:159:22:159:49":35,"b:160:6:160:Infinity:undefined:undefined:undefined:undefined":7,"s:160:6:160:Infinity":36,"s:160:19:160:Infinity":37,"b:161:6:161:Infinity:undefined:undefined:undefined:undefined":8,"s:161:6:161:Infinity":38,"s:161:19:161:Infinity":39,"s:162:6:162:Infinity":40,"f:164:4:164:15":13,"b:165:6:167:Infinity:undefined:undefined:undefined:undefined":9,"s:165:6:167:Infinity":41,"s:166:8:166:Infinity":42,"b:166:33:166:45:166:47:166:61":10,"b:168:6:168:Infinity:undefined:undefined:undefined:undefined":11,"s:168:6:168:Infinity":43,"s:168:27:168:Infinity":44,"b:169:6:169:Infinity:undefined:undefined:undefined:undefined":12,"s:169:6:169:Infinity":45,"s:169:27:169:Infinity":46,"s:170:6:170:Infinity":47,"f:172:4:172:14":14,"s:173:6:173:Infinity":48,"f:176:2:176:9":15,"s:177:4:177:Infinity":49,"s:178:4:178:Infinity":50,"s:34:23:34:Infinity":51,"s:14:16:15:Infinity":52,"b:21:105:21:Infinity:21:121:21:Infinity":13,"b:29:18:30:Infinity":14,"f:36:61:36:63":16,"s:36:63:36:82":53,"b:40:25:40:40:40:44:40:Infinity":15,"b:56:25:56:33:56:25:56:36":16,"f:56:25:56:33":17,"s:56:25:56:36":54}}}
,"/home/markus/workspace/finance-app/frontend/src/components/common/BaseChart.vue": {"path":"/home/markus/workspace/finance-app/frontend/src/components/common/BaseChart.vue","statementMap":{"0":{"start":{"line":38,"column":0},"end":{"line":47,"column":null}},"1":{"start":{"line":49,"column":14},"end":{"line":49,"column":null}},"2":{"start":{"line":68,"column":15},"end":{"line":71,"column":null}},"3":{"start":{"line":73,"column":23},"end":{"line":126,"column":null}},"4":{"start":{"line":115,"column":10},"end":{"line":121,"column":null}},"5":{"start":{"line":128,"column":21},"end":{"line":130,"column":null}},"6":{"start":{"line":129,"column":2},"end":{"line":129,"column":null}},"7":{"start":{"line":132,"column":16},"end":{"line":132,"column":null}},"8":{"start":{"line":134,"column":0},"end":{"line":136,"column":null}},"9":{"start":{"line":135,"column":24},"end":{"line":135,"column":45}},"10":{"start":{"line":3,"column":9},"end":{"line":3,"column":null}}},"fnMap":{"0":{"name":"(anonymous_0)","decl":{"start":{"line":114,"column":8},"end":{"line":114,"column":16}},"loc":{"start":{"line":114,"column":34},"end":{"line":122,"column":null}},"line":114},"1":{"name":"(anonymous_1)","decl":{"start":{"line":128,"column":31},"end":{"line":128,"column":32}},"loc":{"start":{"line":128,"column":37},"end":{"line":130,"column":1}},"line":128},"2":{"name":"(anonymous_2)","decl":{"start":{"line":135,"column":18},"end":{"line":135,"column":19}},"loc":{"start":{"line":135,"column":24},"end":{"line":135,"column":45}},"line":135}},"branchMap":{},"s":{"0":54,"1":54,"2":54,"3":54,"4":0,"5":54,"6":46,"7":54,"8":54,"9":0,"10":3},"f":{"0":54,"1":46,"2":0},"b":{},"meta":{"lastBranch":0,"lastFunction":0,"lastStatement":0,"seen":{}}}
,"/home/markus/workspace/finance-app/frontend/src/components/common/BaseHighlightCard.vue": {"path":"/home/markus/workspace/finance-app/frontend/src/components/common/BaseHighlightCard.vue","statementMap":{"0":{"start":{"line":50,"column":14},"end":{"line":50,"column":null}},"1":{"start":{"line":82,"column":13},"end":{"line":82,"column":null}},"2":{"start":{"line":83,"column":13},"end":{"line":83,"column":null}},"3":{"start":{"line":85,"column":17},"end":{"line":85,"column":null}},"4":{"start":{"line":85,"column":33},"end":{"line":85,"column":66}},"5":{"start":{"line":87,"column":16},"end":{"line":91,"column":null}},"6":{"start":{"line":88,"column":2},"end":{"line":90,"column":null}},"7":{"start":{"line":89,"column":4},"end":{"line":89,"column":null}},"8":{"start":{"line":93,"column":17},"end":{"line":100,"column":null}},"9":{"start":{"line":94,"column":2},"end":{"line":94,"column":null}},"10":{"start":{"line":94,"column":20},"end":{"line":94,"column":null}},"11":{"start":{"line":95,"column":2},"end":{"line":99,"column":null}},"12":{"start":{"line":96,"column":15},"end":{"line":96,"column":null}},"13":{"start":{"line":97,"column":17},"end":{"line":97,"column":null}},"14":{"start":{"line":98,"column":13},"end":{"line":98,"column":null}},"15":{"start":{"line":102,"column":18},"end":{"line":109,"column":null}},"16":{"start":{"line":103,"column":2},"end":{"line":103,"column":null}},"17":{"start":{"line":103,"column":20},"end":{"line":103,"column":null}},"18":{"start":{"line":104,"column":2},"end":{"line":108,"column":null}},"19":{"start":{"line":105,"column":15},"end":{"line":105,"column":null}},"20":{"start":{"line":106,"column":17},"end":{"line":106,"column":null}},"21":{"start":{"line":107,"column":13},"end":{"line":107,"column":null}},"22":{"start":{"line":112,"column":22},"end":{"line":123,"column":null}},"23":{"start":{"line":113,"column":19},"end":{"line":113,"column":null}},"24":{"start":{"line":114,"column":17},"end":{"line":114,"column":null}},"25":{"start":{"line":116,"column":2},"end":{"line":122,"column":null}},"26":{"start":{"line":117,"column":4},"end":{"line":117,"column":20}},"27":{"start":{"line":118,"column":9},"end":{"line":122,"column":null}},"28":{"start":{"line":119,"column":4},"end":{"line":119,"column":null}},"29":{"start":{"line":121,"column":4},"end":{"line":121,"column":null}},"30":{"start":{"line":17,"column":13},"end":{"line":17,"column":90}}},"fnMap":{"0":{"name":"(anonymous_0)","decl":{"start":{"line":85,"column":27},"end":{"line":85,"column":28}},"loc":{"start":{"line":85,"column":33},"end":{"line":85,"column":66}},"line":85},"1":{"name":"(anonymous_1)","decl":{"start":{"line":87,"column":16},"end":{"line":87,"column":17}},"loc":{"start":{"line":87,"column":22},"end":{"line":91,"column":null}},"line":87},"2":{"name":"(anonymous_2)","decl":{"start":{"line":93,"column":27},"end":{"line":93,"column":28}},"loc":{"start":{"line":93,"column":33},"end":{"line":100,"column":1}},"line":93},"3":{"name":"(anonymous_3)","decl":{"start":{"line":102,"column":28},"end":{"line":102,"column":29}},"loc":{"start":{"line":102,"column":34},"end":{"line":109,"column":1}},"line":102},"4":{"name":"(anonymous_4)","decl":{"start":{"line":112,"column":32},"end":{"line":112,"column":33}},"loc":{"start":{"line":112,"column":38},"end":{"line":123,"column":1}},"line":112}},"branchMap":{"0":{"loc":{"start":{"line":85,"column":33},"end":{"line":85,"column":66}},"type":"binary-expr","locations":[{"start":{"line":85,"column":33},"end":{"line":85,"column":48}},{"start":{"line":85,"column":52},"end":{"line":85,"column":66}}],"line":85},"1":{"loc":{"start":{"line":88,"column":2},"end":{"line":90,"column":null}},"type":"if","locations":[{"start":{"line":88,"column":2},"end":{"line":90,"column":null}},{"start":{},"end":{}}],"line":88},"2":{"loc":{"start":{"line":94,"column":2},"end":{"line":94,"column":null}},"type":"if","locations":[{"start":{"line":94,"column":2},"end":{"line":94,"column":null}},{"start":{},"end":{}}],"line":94},"3":{"loc":{"start":{"line":95,"column":2},"end":{"line":99,"column":null}},"type":"switch","locations":[{"start":{"line":96,"column":4},"end":{"line":96,"column":null}},{"start":{"line":97,"column":4},"end":{"line":97,"column":null}},{"start":{"line":98,"column":4},"end":{"line":98,"column":null}}],"line":95},"4":{"loc":{"start":{"line":103,"column":2},"end":{"line":103,"column":null}},"type":"if","locations":[{"start":{"line":103,"column":2},"end":{"line":103,"column":null}},{"start":{},"end":{}}],"line":103},"5":{"loc":{"start":{"line":104,"column":2},"end":{"line":108,"column":null}},"type":"switch","locations":[{"start":{"line":105,"column":4},"end":{"line":105,"column":null}},{"start":{"line":106,"column":4},"end":{"line":106,"column":null}},{"start":{"line":107,"column":4},"end":{"line":107,"column":null}}],"line":104},"6":{"loc":{"start":{"line":116,"column":2},"end":{"line":122,"column":null}},"type":"if","locations":[{"start":{"line":116,"column":2},"end":{"line":122,"column":null}},{"start":{"line":118,"column":9},"end":{"line":122,"column":null}}],"line":116},"7":{"loc":{"start":{"line":118,"column":9},"end":{"line":122,"column":null}},"type":"if","locations":[{"start":{"line":118,"column":9},"end":{"line":122,"column":null}},{"start":{"line":120,"column":9},"end":{"line":122,"column":null}}],"line":118}},"s":{"0":79,"1":79,"2":79,"3":79,"4":73,"5":79,"6":2,"7":1,"8":79,"9":38,"10":0,"11":38,"12":24,"13":13,"14":1,"15":79,"16":38,"17":0,"18":38,"19":24,"20":13,"21":1,"22":79,"23":73,"24":73,"25":73,"26":71,"27":2,"28":1,"29":1,"30":2},"f":{"0":73,"1":2,"2":38,"3":38,"4":73},"b":{"0":[73,72],"1":[1,1],"2":[0,38],"3":[24,13,1],"4":[0,38],"5":[24,13,1],"6":[71,2],"7":[1,1]},"meta":{"lastBranch":8,"lastFunction":5,"lastStatement":31,"seen":{"s:50:14:50:Infinity":0,"s:82:13:82:Infinity":1,"s:83:13:83:Infinity":2,"s:85:17:85:Infinity":3,"f:85:27:85:28":0,"s:85:33:85:66":4,"b:85:33:85:48:85:52:85:66":0,"s:87:16:91:Infinity":5,"f:87:16:87:17":1,"b:88:2:90:Infinity:undefined:undefined:undefined:undefined":1,"s:88:2:90:Infinity":6,"s:89:4:89:Infinity":7,"s:93:17:100:Infinity":8,"f:93:27:93:28":2,"b:94:2:94:Infinity:undefined:undefined:undefined:undefined":2,"s:94:2:94:Infinity":9,"s:94:20:94:Infinity":10,"b:96:4:96:Infinity:97:4:97:Infinity:98:4:98:Infinity":3,"s:95:2:99:Infinity":11,"s:96:15:96:Infinity":12,"s:97:17:97:Infinity":13,"s:98:13:98:Infinity":14,"s:102:18:109:Infinity":15,"f:102:28:102:29":3,"b:103:2:103:Infinity:undefined:undefined:undefined:undefined":4,"s:103:2:103:Infinity":16,"s:103:20:103:Infinity":17,"b:105:4:105:Infinity:106:4:106:Infinity:107:4:107:Infinity":5,"s:104:2:108:Infinity":18,"s:105:15:105:Infinity":19,"s:106:17:106:Infinity":20,"s:107:13:107:Infinity":21,"s:112:22:123:Infinity":22,"f:112:32:112:33":4,"s:113:19:113:Infinity":23,"s:114:17:114:Infinity":24,"b:116:2:122:Infinity:118:9:122:Infinity":6,"s:116:2:122:Infinity":25,"s:117:4:117:20":26,"b:118:9:122:Infinity:120:9:122:Infinity":7,"s:118:9:122:Infinity":27,"s:119:4:119:Infinity":28,"s:121:4:121:Infinity":29,"s:17:13:17:90":30}}}
,"/home/markus/workspace/finance-app/frontend/src/components/common/BaseTable.vue": {"path":"/home/markus/workspace/finance-app/frontend/src/components/common/BaseTable.vue","statementMap":{"0":{"start":{"line":19,"column":15},"end":{"line":31,"column":1}},"1":{"start":{"line":28,"column":17},"end":{"line":28,"column":31}},"2":{"start":{"line":29,"column":4},"end":{"line":29,"column":null}}},"fnMap":{"0":{"name":"(anonymous_0)","decl":{"start":{"line":27,"column":2},"end":{"line":27,"column":7}},"loc":{"start":{"line":27,"column":10},"end":{"line":30,"column":null}},"line":27}},"branchMap":{},"s":{"0":6,"1":16,"2":16},"f":{"0":16},"b":{},"meta":{"lastBranch":0,"lastFunction":1,"lastStatement":3,"seen":{"s:19:15:31:1":0,"f:27:2:27:7":0,"s:28:17:28:31":1,"s:29:4:29:Infinity":2}}}
,"/home/markus/workspace/finance-app/frontend/src/components/common/BaseTextField.vue": {"path":"/home/markus/workspace/finance-app/frontend/src/components/common/BaseTextField.vue","statementMap":{"0":{"start":{"line":14,"column":15},"end":{"line":17,"column":null}}},"fnMap":{},"branchMap":{},"s":{"0":18},"f":{},"b":{},"meta":{"lastBranch":0,"lastFunction":0,"lastStatement":1,"seen":{"s:14:15:17:Infinity":0}}}
,"/home/markus/workspace/finance-app/frontend/src/components/common/DeleteButton.vue": {"path":"/home/markus/workspace/finance-app/frontend/src/components/common/DeleteButton.vue","statementMap":{"0":{"start":{"line":29,"column":15},"end":{"line":36,"column":1}},"1":{"start":{"line":32,"column":4},"end":{"line":34,"column":null}},"2":{"start":{"line":2,"column":21},"end":{"line":2,"column":27}},"3":{"start":{"line":22,"column":23},"end":{"line":22,"column":37}},"4":{"start":{"line":23,"column":23},"end":{"line":23,"column":37}},"5":{"start":{"line":23,"column":37},"end":{"line":23,"column":55}}},"fnMap":{"0":{"name":"(anonymous_0)","decl":{"start":{"line":31,"column":2},"end":{"line":31,"column":6}},"loc":{"start":{"line":31,"column":9},"end":{"line":35,"column":null}},"line":31},"1":{"name":"(anonymous_1)","decl":{"start":{"line":2,"column":21},"end":{"line":2,"column":25}},"loc":{"start":{"line":2,"column":21},"end":{"line":2,"column":27}},"line":2},"2":{"name":"(anonymous_2)","decl":{"start":{"line":22,"column":21},"end":{"line":22,"column":23}},"loc":{"start":{"line":22,"column":23},"end":{"line":22,"column":37}},"line":22},"3":{"name":"(anonymous_3)","decl":{"start":{"line":23,"column":21},"end":{"line":23,"column":23}},"loc":{"start":{"line":23,"column":21},"end":{"line":23,"column":55}},"line":23}},"branchMap":{"0":{"loc":{"start":{"line":2,"column":21},"end":{"line":2,"column":27}},"type":"binary-expr","locations":[{"start":{"line":2,"column":21},"end":{"line":2,"column":25}},{"start":{"line":2,"column":21},"end":{"line":2,"column":27}}],"line":2},"1":{"loc":{"start":{"line":13,"column":11},"end":{"line":15,"column":21}},"type":"binary-expr","locations":[{"start":{"line":13,"column":11},"end":{"line":13,"column":null}},{"start":{"line":13,"column":11},"end":{"line":15,"column":21}}],"line":13},"2":{"loc":{"start":{"line":15,"column":37},"end":{"line":16,"column":12}},"type":"binary-expr","locations":[{"start":{"line":15,"column":37},"end":{"line":15,"column":null}},{"start":{"line":15,"column":37},"end":{"line":16,"column":12}}],"line":15},"3":{"loc":{"start":{"line":18,"column":8},"end":{"line":18,"column":36}},"type":"binary-expr","locations":[{"start":{"line":18,"column":8},"end":{"line":18,"column":11}},{"start":{"line":18,"column":8},"end":{"line":18,"column":36}}],"line":18},"4":{"loc":{"start":{"line":22,"column":21},"end":{"line":22,"column":37}},"type":"binary-expr","locations":[{"start":{"line":22,"column":21},"end":{"line":22,"column":23}},{"start":{"line":22,"column":21},"end":{"line":22,"column":37}}],"line":22},"5":{"loc":{"start":{"line":23,"column":21},"end":{"line":23,"column":55}},"type":"binary-expr","locations":[{"start":{"line":23,"column":21},"end":{"line":23,"column":23}},{"start":{"line":23,"column":21},"end":{"line":23,"column":55}}],"line":23}},"s":{"0":7,"1":23,"2":0,"3":0,"4":0,"5":0},"f":{"0":23,"1":0,"2":0,"3":0},"b":{"0":[24,23],"1":[2,1],"2":[2,1],"3":[2,1],"4":[2,1],"5":[2,1]},"meta":{"lastBranch":6,"lastFunction":4,"lastStatement":6,"seen":{"s:29:15:36:1":0,"f:31:2:31:6":0,"s:32:4:34:Infinity":1,"b:2:21:2:25:2:21:2:27":0,"f:2:21:2:25":1,"s:2:21:2:27":2,"b:13:11:13:Infinity:13:11:15:21":1,"b:15:37:15:Infinity:15:37:16:12":2,"b:18:8:18:11:18:8:18:36":3,"b:22:21:22:23:22:21:22:37":4,"f:22:21:22:23":2,"s:22:23:22:37":3,"b:23:21:23:23:23:21:23:55":5,"f:23:21:23:23":3,"s:23:23:23:37":4,"s:23:37:23:55":5}}}
,"/home/markus/workspace/finance-app/frontend/src/components/common/LoadablePage.js": {"path":"/home/markus/workspace/finance-app/frontend/src/components/common/LoadablePage.js","statementMap":{"0":{"start":{"line":4,"column":4},"end":{"line":6,"column":null}},"1":{"start":{"line":10,"column":6},"end":{"line":18,"column":null}},"2":{"start":{"line":11,"column":25},"end":{"line":11,"column":41}},"3":{"start":{"line":12,"column":23},"end":{"line":12,"column":44}},"4":{"start":{"line":13,"column":8},"end":{"line":13,"column":null}},"5":{"start":{"line":14,"column":8},"end":{"line":14,"column":null}},"6":{"start":{"line":16,"column":8},"end":{"line":16,"column":null}},"7":{"start":{"line":17,"column":8},"end":{"line":17,"column":null}}},"fnMap":{"0":{"name":"(anonymous_0)","decl":{"start":{"line":3,"column":2},"end":{"line":3,"column":6}},"loc":{"start":{"line":3,"column":9},"end":{"line":7,"column":3}},"line":3},"1":{"name":"(anonymous_1)","decl":{"start":{"line":9,"column":4},"end":{"line":9,"column":13}},"loc":{"start":{"line":9,"column":35},"end":{"line":19,"column":null}},"line":9}},"branchMap":{},"s":{"0":31,"1":29,"2":29,"3":26,"4":25,"5":25,"6":3,"7":3},"f":{"0":31,"1":6},"b":{},"meta":{"lastBranch":0,"lastFunction":2,"lastStatement":8,"seen":{"f:3:2:3:6":0,"s:4:4:6:Infinity":0,"f:9:4:9:13":1,"s:10:6:18:Infinity":1,"s:11:25:11:41":2,"s:12:23:12:44":3,"s:13:8:13:Infinity":4,"s:14:8:14:Infinity":5,"s:16:8:16:Infinity":6,"s:17:8:17:Infinity":7}}}
,"/home/markus/workspace/finance-app/frontend/src/components/common/MonthYearDatepicker.vue": {"path":"/home/markus/workspace/finance-app/frontend/src/components/common/MonthYearDatepicker.vue","statementMap":{"0":{"start":{"line":62,"column":14},"end":{"line":62,"column":null}},"1":{"start":{"line":73,"column":13},"end":{"line":73,"column":47}},"2":{"start":{"line":75,"column":16},"end":{"line":75,"column":27}},"3":{"start":{"line":76,"column":23},"end":{"line":76,"column":53}},"4":{"start":{"line":78,"column":15},"end":{"line":81,"column":1}},"5":{"start":{"line":84,"column":0},"end":{"line":90,"column":null}},"6":{"start":{"line":85,"column":2},"end":{"line":89,"column":null}},"7":{"start":{"line":86,"column":4},"end":{"line":86,"column":null}},"8":{"start":{"line":88,"column":4},"end":{"line":88,"column":null}},"9":{"start":{"line":93,"column":0},"end":{"line":97,"column":null}},"10":{"start":{"line":93,"column":12},"end":{"line":93,"column":28}},"11":{"start":{"line":94,"column":2},"end":{"line":96,"column":null}},"12":{"start":{"line":95,"column":4},"end":{"line":95,"column":null}},"13":{"start":{"line":99,"column":19},"end":{"line":101,"column":2}},"14":{"start":{"line":100,"column":2},"end":{"line":100,"column":null}},"15":{"start":{"line":103,"column":19},"end":{"line":105,"column":1}},"16":{"start":{"line":104,"column":2},"end":{"line":104,"column":null}},"17":{"start":{"line":107,"column":19},"end":{"line":113,"column":1}},"18":{"start":{"line":108,"column":2},"end":{"line":108,"column":null}},"19":{"start":{"line":108,"column":25},"end":{"line":108,"column":null}},"20":{"start":{"line":109,"column":2},"end":{"line":112,"column":null}},"21":{"start":{"line":115,"column":20},"end":{"line":120,"column":1}},"22":{"start":{"line":117,"column":18},"end":{"line":117,"column":64}},"23":{"start":{"line":118,"column":2},"end":{"line":118,"column":null}},"24":{"start":{"line":119,"column":2},"end":{"line":119,"column":null}},"25":{"start":{"line":28,"column":14},"end":{"line":28,"column":50}},"26":{"start":{"line":3,"column":13},"end":{"line":3,"column":null}},"27":{"start":{"line":18,"column":16},"end":{"line":18,"column":null}},"28":{"start":{"line":19,"column":16},"end":{"line":19,"column":null}},"29":{"start":{"line":25,"column":65},"end":{"line":25,"column":null}},"30":{"start":{"line":29,"column":65},"end":{"line":29,"column":null}},"31":{"start":{"line":46,"column":22},"end":{"line":46,"column":null}}},"fnMap":{"0":{"name":"(anonymous_0)","decl":{"start":{"line":84,"column":10},"end":{"line":84,"column":11}},"loc":{"start":{"line":84,"column":16},"end":{"line":90,"column":1}},"line":84},"1":{"name":"(anonymous_1)","decl":{"start":{"line":93,"column":6},"end":{"line":93,"column":7}},"loc":{"start":{"line":93,"column":12},"end":{"line":93,"column":28}},"line":93},"2":{"name":"(anonymous_2)","decl":{"start":{"line":93,"column":30},"end":{"line":93,"column":31}},"loc":{"start":{"line":93,"column":42},"end":{"line":97,"column":1}},"line":93},"3":{"name":"(anonymous_3)","decl":{"start":{"line":99,"column":29},"end":{"line":99,"column":30}},"loc":{"start":{"line":99,"column":35},"end":{"line":101,"column":1}},"line":99},"4":{"name":"(anonymous_4)","decl":{"start":{"line":103,"column":19},"end":{"line":103,"column":20}},"loc":{"start":{"line":103,"column":30},"end":{"line":105,"column":1}},"line":103},"5":{"name":"(anonymous_5)","decl":{"start":{"line":107,"column":19},"end":{"line":107,"column":20}},"loc":{"start":{"line":107,"column":35},"end":{"line":113,"column":1}},"line":107},"6":{"name":"(anonymous_6)","decl":{"start":{"line":115,"column":20},"end":{"line":115,"column":21}},"loc":{"start":{"line":115,"column":36},"end":{"line":120,"column":1}},"line":115},"7":{"name":"(anonymous_7)","decl":{"start":{"line":3,"column":13},"end":{"line":3,"column":21}},"loc":{"start":{"line":3,"column":13},"end":{"line":3,"column":null}},"line":3},"8":{"name":"(anonymous_8)","decl":{"start":{"line":18,"column":14},"end":{"line":18,"column":16}},"loc":{"start":{"line":18,"column":16},"end":{"line":18,"column":null}},"line":18},"9":{"name":"(anonymous_9)","decl":{"start":{"line":19,"column":14},"end":{"line":19,"column":16}},"loc":{"start":{"line":19,"column":16},"end":{"line":19,"column":null}},"line":19},"10":{"name":"(anonymous_10)","decl":{"start":{"line":25,"column":63},"end":{"line":25,"column":65}},"loc":{"start":{"line":25,"column":65},"end":{"line":25,"column":null}},"line":25},"11":{"name":"(anonymous_11)","decl":{"start":{"line":29,"column":63},"end":{"line":29,"column":65}},"loc":{"start":{"line":29,"column":65},"end":{"line":29,"column":null}},"line":29},"12":{"name":"(anonymous_12)","decl":{"start":{"line":46,"column":20},"end":{"line":46,"column":22}},"loc":{"start":{"line":46,"column":22},"end":{"line":46,"column":null}},"line":46}},"branchMap":{"0":{"loc":{"start":{"line":85,"column":2},"end":{"line":89,"column":null}},"type":"if","locations":[{"start":{"line":85,"column":2},"end":{"line":89,"column":null}},{"start":{"line":87,"column":9},"end":{"line":89,"column":null}}],"line":85},"1":{"loc":{"start":{"line":85,"column":6},"end":{"line":85,"column":60}},"type":"binary-expr","locations":[{"start":{"line":85,"column":6},"end":{"line":85,"column":22}},{"start":{"line":85,"column":26},"end":{"line":85,"column":60}}],"line":85},"2":{"loc":{"start":{"line":94,"column":2},"end":{"line":96,"column":null}},"type":"if","locations":[{"start":{"line":94,"column":2},"end":{"line":96,"column":null}},{"start":{},"end":{}}],"line":94},"3":{"loc":{"start":{"line":94,"column":6},"end":{"line":94,"column":40}},"type":"binary-expr","locations":[{"start":{"line":94,"column":6},"end":{"line":94,"column":12}},{"start":{"line":94,"column":16},"end":{"line":94,"column":40}}],"line":94},"4":{"loc":{"start":{"line":108,"column":2},"end":{"line":108,"column":null}},"type":"if","locations":[{"start":{"line":108,"column":2},"end":{"line":108,"column":null}},{"start":{},"end":{}}],"line":108},"5":{"loc":{"start":{"line":110,"column":4},"end":{"line":111,"column":null}},"type":"binary-expr","locations":[{"start":{"line":110,"column":4},"end":{"line":110,"column":60}},{"start":{"line":111,"column":4},"end":{"line":111,"column":null}}],"line":110},"6":{"loc":{"start":{"line":3,"column":13},"end":{"line":3,"column":null}},"type":"binary-expr","locations":[{"start":{"line":3,"column":13},"end":{"line":3,"column":21}},{"start":{"line":3,"column":13},"end":{"line":3,"column":null}}],"line":3},"7":{"loc":{"start":{"line":18,"column":14},"end":{"line":18,"column":null}},"type":"binary-expr","locations":[{"start":{"line":18,"column":14},"end":{"line":18,"column":16}},{"start":{"line":18,"column":14},"end":{"line":18,"column":null}}],"line":18},"8":{"loc":{"start":{"line":19,"column":14},"end":{"line":19,"column":null}},"type":"binary-expr","locations":[{"start":{"line":19,"column":14},"end":{"line":19,"column":16}},{"start":{"line":19,"column":14},"end":{"line":19,"column":null}}],"line":19},"9":{"loc":{"start":{"line":25,"column":63},"end":{"line":25,"column":null}},"type":"binary-expr","locations":[{"start":{"line":25,"column":63},"end":{"line":25,"column":65}},{"start":{"line":25,"column":63},"end":{"line":25,"column":null}}],"line":25},"10":{"loc":{"start":{"line":29,"column":63},"end":{"line":29,"column":null}},"type":"binary-expr","locations":[{"start":{"line":29,"column":63},"end":{"line":29,"column":65}},{"start":{"line":29,"column":63},"end":{"line":29,"column":null}}],"line":29},"11":{"loc":{"start":{"line":45,"column":22},"end":{"line":45,"column":null}},"type":"cond-expr","locations":[{"start":{"line":45,"column":38},"end":{"line":45,"column":null}},{"start":{"line":45,"column":38},"end":{"line":45,"column":null}}],"line":45}},"s":{"0":26,"1":26,"2":26,"3":26,"4":26,"5":26,"6":26,"7":0,"8":26,"9":26,"10":27,"11":1,"12":1,"13":26,"14":27,"15":26,"16":1,"17":26,"18":0,"19":0,"20":0,"21":26,"22":1,"23":1,"24":1,"25":13,"26":0,"27":0,"28":0,"29":0,"30":0,"31":0},"f":{"0":26,"1":27,"2":1,"3":27,"4":1,"5":0,"6":1,"7":0,"8":0,"9":0,"10":0,"11":0,"12":0},"b":{"0":[0,26],"1":[26,0],"2":[1,0],"3":[1,1],"4":[0,0],"5":[0,0],"6":[27,26],"7":[27,26],"8":[27,26],"9":[0,0],"10":[0,0],"11":[0,0]},"meta":{"lastBranch":0,"lastFunction":0,"lastStatement":0,"seen":{}}}
,"/home/markus/workspace/finance-app/frontend/src/components/common/ResponsiveDateCol.vue": {"path":"/home/markus/workspace/finance-app/frontend/src/components/common/ResponsiveDateCol.vue","statementMap":{"0":{"start":{"line":27,"column":15},"end":{"line":44,"column":1}},"1":{"start":{"line":31,"column":6},"end":{"line":31,"column":null}},"2":{"start":{"line":35,"column":4},"end":{"line":37,"column":null}},"3":{"start":{"line":41,"column":6},"end":{"line":41,"column":null}},"4":{"start":{"line":2,"column":6},"end":{"line":2,"column":null}},"5":{"start":{"line":3,"column":23},"end":{"line":3,"column":31}}},"fnMap":{"0":{"name":"(anonymous_0)","decl":{"start":{"line":30,"column":4},"end":{"line":30,"column":11}},"loc":{"start":{"line":30,"column":14},"end":{"line":32,"column":null}},"line":30},"1":{"name":"(anonymous_1)","decl":{"start":{"line":34,"column":2},"end":{"line":34,"column":6}},"loc":{"start":{"line":34,"column":9},"end":{"line":38,"column":3}},"line":34},"2":{"name":"(anonymous_2)","decl":{"start":{"line":40,"column":4},"end":{"line":40,"column":15}},"loc":{"start":{"line":40,"column":27},"end":{"line":42,"column":null}},"line":40},"3":{"name":"(anonymous_3)","decl":{"start":{"line":3,"column":23},"end":{"line":3,"column":29}},"loc":{"start":{"line":3,"column":23},"end":{"line":3,"column":31}},"line":3}},"branchMap":{"0":{"loc":{"start":{"line":31,"column":16},"end":{"line":31,"column":48}},"type":"binary-expr","locations":[{"start":{"line":31,"column":16},"end":{"line":31,"column":30}},{"start":{"line":31,"column":35},"end":{"line":31,"column":48}}],"line":31},"1":{"loc":{"start":{"line":3,"column":23},"end":{"line":3,"column":31}},"type":"binary-expr","locations":[{"start":{"line":3,"column":23},"end":{"line":3,"column":29}},{"start":{"line":3,"column":23},"end":{"line":3,"column":31}}],"line":3},"2":{"loc":{"start":{"line":11,"column":33},"end":{"line":13,"column":23}},"type":"binary-expr","locations":[{"start":{"line":11,"column":33},"end":{"line":11,"column":null}},{"start":{"line":11,"column":33},"end":{"line":13,"column":23}}],"line":11},"3":{"loc":{"start":{"line":15,"column":31},"end":{"line":17,"column":23}},"type":"binary-expr","locations":[{"start":{"line":15,"column":31},"end":{"line":15,"column":null}},{"start":{"line":15,"column":31},"end":{"line":17,"column":23}}],"line":15}},"s":{"0":3,"1":7,"2":7,"3":6,"4":3,"5":0},"f":{"0":7,"1":7,"2":6,"3":0},"b":{"0":[7,2],"1":[8,6],"2":[4,2],"3":[2,1]},"meta":{"lastBranch":4,"lastFunction":4,"lastStatement":6,"seen":{"s:27:15:44:1":0,"f:30:4:30:11":0,"s:31:6:31:Infinity":1,"b:31:16:31:30:31:35:31:48":0,"f:34:2:34:6":1,"s:35:4:37:Infinity":2,"f:40:4:40:15":2,"s:41:6:41:Infinity":3,"s:2:6:2:Infinity":4,"b:3:23:3:29:3:23:3:31":1,"f:3:23:3:29":3,"s:3:23:3:31":5,"b:11:33:11:Infinity:11:33:13:23":2,"b:15:31:15:Infinity:15:31:17:23":3}}}
,"/home/markus/workspace/finance-app/frontend/src/components/common/Utils.js": {"path":"/home/markus/workspace/finance-app/frontend/src/components/common/Utils.js","statementMap":{"0":{"start":{"line":1,"column":26},"end":{"line":8,"column":1}},"1":{"start":{"line":2,"column":2},"end":{"line":7,"column":null}},"2":{"start":{"line":12,"column":24},"end":{"line":25,"column":null}},"3":{"start":{"line":27,"column":28},"end":{"line":36,"column":null}},"4":{"start":{"line":28,"column":2},"end":{"line":28,"column":null}},"5":{"start":{"line":28,"column":57},"end":{"line":28,"column":null}},"6":{"start":{"line":30,"column":26},"end":{"line":30,"column":35}},"7":{"start":{"line":32,"column":27},"end":{"line":33,"column":31}},"8":{"start":{"line":35,"column":2},"end":{"line":35,"column":null}},"9":{"start":{"line":38,"column":18},"end":{"line":38,"column":60}},"10":{"start":{"line":38,"column":28},"end":{"line":38,"column":60}},"11":{"start":{"line":40,"column":27},"end":{"line":43,"column":78}},"12":{"start":{"line":41,"column":2},"end":{"line":43,"column":78}},"13":{"start":{"line":42,"column":14},"end":{"line":42,"column":65}},"14":{"start":{"line":42,"column":44},"end":{"line":42,"column":64}},"15":{"start":{"line":43,"column":17},"end":{"line":43,"column":77}},"16":{"start":{"line":43,"column":35},"end":{"line":43,"column":54}},"17":{"start":{"line":46,"column":31},"end":{"line":46,"column":52}},"18":{"start":{"line":47,"column":34},"end":{"line":47,"column":55}},"19":{"start":{"line":49,"column":33},"end":{"line":49,"column":72}},"20":{"start":{"line":49,"column":44},"end":{"line":49,"column":72}},"21":{"start":{"line":50,"column":35},"end":{"line":50,"column":77}},"22":{"start":{"line":50,"column":46},"end":{"line":50,"column":77}},"23":{"start":{"line":51,"column":23},"end":{"line":51,"column":51}},"24":{"start":{"line":51,"column":32},"end":{"line":51,"column":51}},"25":{"start":{"line":53,"column":29},"end":{"line":53,"column":null}},"26":{"start":{"line":53,"column":39},"end":{"line":53,"column":null}},"27":{"start":{"line":53,"column":67},"end":{"line":53,"column":83}},"28":{"start":{"line":56,"column":22},"end":{"line":62,"column":null}},"29":{"start":{"line":57,"column":2},"end":{"line":57,"column":null}},"30":{"start":{"line":57,"column":17},"end":{"line":57,"column":null}},"31":{"start":{"line":58,"column":2},"end":{"line":58,"column":null}},"32":{"start":{"line":58,"column":30},"end":{"line":58,"column":null}},"33":{"start":{"line":59,"column":16},"end":{"line":59,"column":null}},"34":{"start":{"line":60,"column":15},"end":{"line":60,"column":66}},"35":{"start":{"line":60,"column":45},"end":{"line":60,"column":65}},"36":{"start":{"line":61,"column":2},"end":{"line":61,"column":null}},"37":{"start":{"line":61,"column":49},"end":{"line":61,"column":68}},"38":{"start":{"line":64,"column":33},"end":{"line":87,"column":5}},"39":{"start":{"line":65,"column":2},"end":{"line":87,"column":5}},"40":{"start":{"line":89,"column":30},"end":{"line":96,"column":null}},"41":{"start":{"line":89,"column":39},"end":{"line":96,"column":1}},"42":{"start":{"line":98,"column":33},"end":{"line":98,"column":47}},"43":{"start":{"line":102,"column":26},"end":{"line":141,"column":2}},"44":{"start":{"line":102,"column":65},"end":{"line":141,"column":1}},"45":{"start":{"line":106,"column":4},"end":{"line":108,"column":null}},"46":{"start":{"line":113,"column":6},"end":{"line":113,"column":null}},"47":{"start":{"line":121,"column":6},"end":{"line":121,"column":null}},"48":{"start":{"line":124,"column":6},"end":{"line":124,"column":null}},"49":{"start":{"line":124,"column":25},"end":{"line":124,"column":null}},"50":{"start":{"line":128,"column":19},"end":{"line":128,"column":null}},"51":{"start":{"line":130,"column":6},"end":{"line":134,"column":null}},"52":{"start":{"line":136,"column":6},"end":{"line":136,"column":null}},"53":{"start":{"line":137,"column":6},"end":{"line":137,"column":null}}},"fnMap":{"0":{"name":"(anonymous_0)","decl":{"start":{"line":1,"column":26},"end":{"line":1,"column":27}},"loc":{"start":{"line":1,"column":38},"end":{"line":8,"column":1}},"line":1},"1":{"name":"(anonymous_1)","decl":{"start":{"line":27,"column":28},"end":{"line":27,"column":29}},"loc":{"start":{"line":27,"column":75},"end":{"line":36,"column":null}},"line":27},"2":{"name":"(anonymous_2)","decl":{"start":{"line":38,"column":18},"end":{"line":38,"column":19}},"loc":{"start":{"line":38,"column":28},"end":{"line":38,"column":60}},"line":38},"3":{"name":"(anonymous_3)","decl":{"start":{"line":40,"column":27},"end":{"line":40,"column":28}},"loc":{"start":{"line":41,"column":2},"end":{"line":43,"column":78}},"line":41},"4":{"name":"(anonymous_4)","decl":{"start":{"line":42,"column":9},"end":{"line":42,"column":10}},"loc":{"start":{"line":42,"column":14},"end":{"line":42,"column":65}},"line":42},"5":{"name":"(anonymous_5)","decl":{"start":{"line":42,"column":39},"end":{"line":42,"column":40}},"loc":{"start":{"line":42,"column":44},"end":{"line":42,"column":64}},"line":42},"6":{"name":"(anonymous_6)","decl":{"start":{"line":43,"column":9},"end":{"line":43,"column":13}},"loc":{"start":{"line":43,"column":17},"end":{"line":43,"column":77}},"line":43},"7":{"name":"(anonymous_7)","decl":{"start":{"line":43,"column":26},"end":{"line":43,"column":31}},"loc":{"start":{"line":43,"column":35},"end":{"line":43,"column":54}},"line":43},"8":{"name":"(anonymous_8)","decl":{"start":{"line":49,"column":33},"end":{"line":49,"column":40}},"loc":{"start":{"line":49,"column":44},"end":{"line":49,"column":72}},"line":49},"9":{"name":"(anonymous_9)","decl":{"start":{"line":50,"column":35},"end":{"line":50,"column":42}},"loc":{"start":{"line":50,"column":46},"end":{"line":50,"column":77}},"line":50},"10":{"name":"(anonymous_10)","decl":{"start":{"line":51,"column":23},"end":{"line":51,"column":28}},"loc":{"start":{"line":51,"column":32},"end":{"line":51,"column":51}},"line":51},"11":{"name":"(anonymous_11)","decl":{"start":{"line":53,"column":29},"end":{"line":53,"column":30}},"loc":{"start":{"line":53,"column":39},"end":{"line":53,"column":null}},"line":53},"12":{"name":"(anonymous_12)","decl":{"start":{"line":53,"column":48},"end":{"line":53,"column":49}},"loc":{"start":{"line":53,"column":67},"end":{"line":53,"column":83}},"line":53},"13":{"name":"(anonymous_13)","decl":{"start":{"line":56,"column":22},"end":{"line":56,"column":23}},"loc":{"start":{"line":56,"column":34},"end":{"line":62,"column":null}},"line":56},"14":{"name":"(anonymous_14)","decl":{"start":{"line":60,"column":38},"end":{"line":60,"column":41}},"loc":{"start":{"line":60,"column":45},"end":{"line":60,"column":65}},"line":60},"15":{"name":"(anonymous_15)","decl":{"start":{"line":61,"column":42},"end":{"line":61,"column":45}},"loc":{"start":{"line":61,"column":49},"end":{"line":61,"column":68}},"line":61},"16":{"name":"(anonymous_16)","decl":{"start":{"line":64,"column":33},"end":{"line":64,"column":37}},"loc":{"start":{"line":65,"column":2},"end":{"line":87,"column":5}},"line":65},"17":{"name":"(anonymous_17)","decl":{"start":{"line":89,"column":30},"end":{"line":89,"column":34}},"loc":{"start":{"line":89,"column":39},"end":{"line":96,"column":1}},"line":89},"18":{"name":"(anonymous_18)","decl":{"start":{"line":102,"column":26},"end":{"line":102,"column":27}},"loc":{"start":{"line":102,"column":65},"end":{"line":141,"column":1}},"line":102},"19":{"name":"(anonymous_19)","decl":{"start":{"line":105,"column":2},"end":{"line":105,"column":6}},"loc":{"start":{"line":105,"column":9},"end":{"line":109,"column":3}},"line":105},"20":{"name":"(anonymous_20)","decl":{"start":{"line":112,"column":4},"end":{"line":112,"column":11}},"loc":{"start":{"line":112,"column":14},"end":{"line":114,"column":null}},"line":112},"21":{"name":"(anonymous_21)","decl":{"start":{"line":120,"column":4},"end":{"line":120,"column":9}},"loc":{"start":{"line":120,"column":16},"end":{"line":122,"column":5}},"line":120},"22":{"name":"(anonymous_22)","decl":{"start":{"line":123,"column":4},"end":{"line":123,"column":14}},"loc":{"start":{"line":123,"column":21},"end":{"line":125,"column":5}},"line":123},"23":{"name":"(anonymous_23)","decl":{"start":{"line":124,"column":13},"end":{"line":124,"column":21}},"loc":{"start":{"line":124,"column":25},"end":{"line":124,"column":null}},"line":124},"24":{"name":"(anonymous_24)","decl":{"start":{"line":126,"column":4},"end":{"line":126,"column":12}},"loc":{"start":{"line":126,"column":32},"end":{"line":138,"column":null}},"line":126}},"branchMap":{"0":{"loc":{"start":{"line":27,"column":40},"end":{"line":27,"column":57}},"type":"default-arg","locations":[{"start":{"line":27,"column":53},"end":{"line":27,"column":57}}],"line":27},"1":{"loc":{"start":{"line":27,"column":59},"end":{"line":27,"column":70}},"type":"default-arg","locations":[{"start":{"line":27,"column":67},"end":{"line":27,"column":70}}],"line":27},"2":{"loc":{"start":{"line":28,"column":2},"end":{"line":28,"column":null}},"type":"if","locations":[{"start":{"line":28,"column":2},"end":{"line":28,"column":null}},{"start":{},"end":{}}],"line":28},"3":{"loc":{"start":{"line":28,"column":6},"end":{"line":28,"column":55}},"type":"binary-expr","locations":[{"start":{"line":28,"column":6},"end":{"line":28,"column":16}},{"start":{"line":28,"column":20},"end":{"line":28,"column":35}},{"start":{"line":28,"column":39},"end":{"line":28,"column":55}}],"line":28},"4":{"loc":{"start":{"line":32,"column":27},"end":{"line":33,"column":31}},"type":"cond-expr","locations":[{"start":{"line":33,"column":4},"end":{"line":33,"column":9}},{"start":{"line":33,"column":12},"end":{"line":33,"column":31}}],"line":32},"5":{"loc":{"start":{"line":32,"column":27},"end":{"line":32,"column":64}},"type":"binary-expr","locations":[{"start":{"line":32,"column":27},"end":{"line":32,"column":37}},{"start":{"line":32,"column":41},"end":{"line":32,"column":64}}],"line":32},"6":{"loc":{"start":{"line":38,"column":28},"end":{"line":38,"column":60}},"type":"cond-expr","locations":[{"start":{"line":38,"column":46},"end":{"line":38,"column":50}},{"start":{"line":38,"column":53},"end":{"line":38,"column":60}}],"line":38},"7":{"loc":{"start":{"line":57,"column":2},"end":{"line":57,"column":null}},"type":"if","locations":[{"start":{"line":57,"column":2},"end":{"line":57,"column":null}},{"start":{},"end":{}}],"line":57},"8":{"loc":{"start":{"line":58,"column":2},"end":{"line":58,"column":null}},"type":"if","locations":[{"start":{"line":58,"column":2},"end":{"line":58,"column":null}},{"start":{},"end":{}}],"line":58},"9":{"loc":{"start":{"line":58,"column":6},"end":{"line":58,"column":28}},"type":"binary-expr","locations":[{"start":{"line":58,"column":6},"end":{"line":58,"column":8}},{"start":{"line":58,"column":12},"end":{"line":58,"column":15}},{"start":{"line":58,"column":19},"end":{"line":58,"column":22}},{"start":{"line":58,"column":26},"end":{"line":58,"column":28}}],"line":58},"10":{"loc":{"start":{"line":61,"column":9},"end":{"line":61,"column":69}},"type":"binary-expr","locations":[{"start":{"line":61,"column":9},"end":{"line":61,"column":26}},{"start":{"line":61,"column":30},"end":{"line":61,"column":69}}],"line":61},"11":{"loc":{"start":{"line":65,"column":2},"end":{"line":87,"column":5}},"type":"cond-expr","locations":[{"start":{"line":66,"column":6},"end":{"line":77,"column":null}},{"start":{"line":78,"column":6},"end":{"line":87,"column":5}}],"line":65},"12":{"loc":{"start":{"line":70,"column":12},"end":{"line":72,"column":50}},"type":"cond-expr","locations":[{"start":{"line":71,"column":11},"end":{"line":71,"column":59}},{"start":{"line":72,"column":11},"end":{"line":72,"column":49}}],"line":70},"13":{"loc":{"start":{"line":71,"column":11},"end":{"line":71,"column":59}},"type":"cond-expr","locations":[{"start":{"line":71,"column":29},"end":{"line":71,"column":48}},{"start":{"line":71,"column":51},"end":{"line":71,"column":59}}],"line":71},"14":{"loc":{"start":{"line":72,"column":11},"end":{"line":72,"column":49}},"type":"cond-expr","locations":[{"start":{"line":72,"column":29},"end":{"line":72,"column":37}},{"start":{"line":72,"column":40},"end":{"line":72,"column":49}}],"line":72},"15":{"loc":{"start":{"line":92,"column":10},"end":{"line":92,"column":110}},"type":"cond-expr","locations":[{"start":{"line":92,"column":30},"end":{"line":92,"column":31}},{"start":{"line":92,"column":34},"end":{"line":92,"column":110}}],"line":92},"16":{"loc":{"start":{"line":92,"column":49},"end":{"line":92,"column":109}},"type":"cond-expr","locations":[{"start":{"line":92,"column":103},"end":{"line":92,"column":104}},{"start":{"line":92,"column":107},"end":{"line":92,"column":109}}],"line":92},"17":{"loc":{"start":{"line":94,"column":8},"end":{"line":94,"column":45}},"type":"cond-expr","locations":[{"start":{"line":94,"column":22},"end":{"line":94,"column":38}},{"start":{"line":94,"column":41},"end":{"line":94,"column":45}}],"line":94},"18":{"loc":{"start":{"line":95,"column":6},"end":{"line":95,"column":null}},"type":"cond-expr","locations":[{"start":{"line":95,"column":20},"end":{"line":95,"column":34}},{"start":{"line":95,"column":37},"end":{"line":95,"column":null}}],"line":95},"19":{"loc":{"start":{"line":121,"column":24},"end":{"line":121,"column":77}},"type":"cond-expr","locations":[{"start":{"line":121,"column":54},"end":{"line":121,"column":62}},{"start":{"line":121,"column":65},"end":{"line":121,"column":77}}],"line":121},"20":{"loc":{"start":{"line":121,"column":24},"end":{"line":121,"column":51}},"type":"binary-expr","locations":[{"start":{"line":121,"column":24},"end":{"line":121,"column":33}},{"start":{"line":121,"column":37},"end":{"line":121,"column":51}}],"line":121},"21":{"loc":{"start":{"line":124,"column":62},"end":{"line":124,"column":118}},"type":"cond-expr","locations":[{"start":{"line":124,"column":92},"end":{"line":124,"column":102}},{"start":{"line":124,"column":105},"end":{"line":124,"column":118}}],"line":124},"22":{"loc":{"start":{"line":124,"column":62},"end":{"line":124,"column":89}},"type":"binary-expr","locations":[{"start":{"line":124,"column":62},"end":{"line":124,"column":71}},{"start":{"line":124,"column":75},"end":{"line":124,"column":89}}],"line":124}},"s":{"0":17,"1":80,"2":17,"3":17,"4":68,"5":16,"6":52,"7":52,"8":68,"9":17,"10":153,"11":17,"12":34,"13":153,"14":408,"15":153,"16":408,"17":17,"18":17,"19":17,"20":3,"21":17,"22":2,"23":17,"24":3,"25":17,"26":11,"27":54,"28":17,"29":63,"30":4,"31":59,"32":2,"33":57,"34":57,"35":295,"36":57,"37":250,"38":17,"39":105,"40":17,"41":10,"42":17,"43":17,"44":28,"45":49,"46":53,"47":52,"48":52,"49":2,"50":6,"51":6,"52":6,"53":6},"f":{"0":80,"1":68,"2":153,"3":34,"4":153,"5":408,"6":153,"7":408,"8":3,"9":2,"10":3,"11":11,"12":54,"13":63,"14":295,"15":250,"16":105,"17":10,"18":28,"19":49,"20":53,"21":52,"22":52,"23":2,"24":28},"b":{"0":[68],"1":[68],"2":[16,52],"3":[68,56,52],"4":[1,51],"5":[52,22],"6":[51,102],"7":[4,59],"8":[2,57],"9":[59,58,58,1],"10":[57,55],"11":[54,51],"12":[4,50],"13":[1,3],"14":[39,11],"15":[2,8],"16":[2,6],"17":[5,5],"18":[5,5],"19":[21,31],"20":[52,26],"21":[1,1],"22":[2,1]},"meta":{"lastBranch":23,"lastFunction":25,"lastStatement":54,"seen":{"s:1:26:8:1":0,"f:1:26:1:27":0,"s:2:2:7:Infinity":1,"s:12:24:25:Infinity":2,"s:27:28:36:Infinity":3,"f:27:28:27:29":1,"b:27:53:27:57":0,"b:27:67:27:70":1,"b:28:2:28:Infinity:undefined:undefined:undefined:undefined":2,"s:28:2:28:Infinity":4,"b:28:6:28:16:28:20:28:35:28:39:28:55":3,"s:28:57:28:Infinity":5,"s:30:26:30:35":6,"s:32:27:33:31":7,"b:33:4:33:9:33:12:33:31":4,"b:32:27:32:37:32:41:32:64":5,"s:35:2:35:Infinity":8,"s:38:18:38:60":9,"f:38:18:38:19":2,"s:38:28:38:60":10,"b:38:46:38:50:38:53:38:60":6,"s:40:27:43:78":11,"f:40:27:40:28":3,"s:41:2:43:78":12,"f:42:9:42:10":4,"s:42:14:42:65":13,"f:42:39:42:40":5,"s:42:44:42:64":14,"f:43:9:43:13":6,"s:43:17:43:77":15,"f:43:26:43:31":7,"s:43:35:43:54":16,"s:46:31:46:52":17,"s:47:34:47:55":18,"s:49:33:49:72":19,"f:49:33:49:40":8,"s:49:44:49:72":20,"s:50:35:50:77":21,"f:50:35:50:42":9,"s:50:46:50:77":22,"s:51:23:51:51":23,"f:51:23:51:28":10,"s:51:32:51:51":24,"s:53:29:53:Infinity":25,"f:53:29:53:30":11,"s:53:39:53:Infinity":26,"f:53:48:53:49":12,"s:53:67:53:83":27,"s:56:22:62:Infinity":28,"f:56:22:56:23":13,"b:57:2:57:Infinity:undefined:undefined:undefined:undefined":7,"s:57:2:57:Infinity":29,"s:57:17:57:Infinity":30,"b:58:2:58:Infinity:undefined:undefined:undefined:undefined":8,"s:58:2:58:Infinity":31,"b:58:6:58:8:58:12:58:15:58:19:58:22:58:26:58:28":9,"s:58:30:58:Infinity":32,"s:59:16:59:Infinity":33,"s:60:15:60:66":34,"f:60:38:60:41":14,"s:60:45:60:65":35,"s:61:2:61:Infinity":36,"b:61:9:61:26:61:30:61:69":10,"f:61:42:61:45":15,"s:61:49:61:68":37,"s:64:33:87:5":38,"f:64:33:64:37":16,"s:65:2:87:5":39,"b:66:6:77:Infinity:78:6:87:5":11,"b:71:11:71:59:72:11:72:49":12,"b:71:29:71:48:71:51:71:59":13,"b:72:29:72:37:72:40:72:49":14,"s:89:30:96:Infinity":40,"f:89:30:89:34":17,"s:89:39:96:1":41,"b:92:30:92:31:92:34:92:110":15,"b:92:103:92:104:92:107:92:109":16,"b:94:22:94:38:94:41:94:45":17,"b:95:20:95:34:95:37:95:Infinity":18,"s:98:33:98:47":42,"s:102:26:141:2":43,"f:102:26:102:27":18,"s:102:65:141:1":44,"f:105:2:105:6":19,"s:106:4:108:Infinity":45,"f:112:4:112:11":20,"s:113:6:113:Infinity":46,"f:120:4:120:9":21,"s:121:6:121:Infinity":47,"b:121:54:121:62:121:65:121:77":19,"b:121:24:121:33:121:37:121:51":20,"f:123:4:123:14":22,"s:124:6:124:Infinity":48,"f:124:13:124:21":23,"s:124:25:124:Infinity":49,"b:124:92:124:102:124:105:124:118":21,"b:124:62:124:71:124:75:124:89":22,"f:126:4:126:12":24,"s:128:19:128:Infinity":50,"s:130:6:134:Infinity":51,"s:136:6:136:Infinity":52,"s:137:6:137:Infinity":53}}}
,"/home/markus/workspace/finance-app/frontend/src/components/editform/CostEditForm.vue": {"path":"/home/markus/workspace/finance-app/frontend/src/components/editform/CostEditForm.vue","statementMap":{"0":{"start":{"line":38,"column":15},"end":{"line":88,"column":1}},"1":{"start":{"line":41,"column":4},"end":{"line":48,"column":null}},"2":{"start":{"line":52,"column":6},"end":{"line":54,"column":null}},"3":{"start":{"line":53,"column":8},"end":{"line":53,"column":null}},"4":{"start":{"line":59,"column":6},"end":{"line":59,"column":null}},"5":{"start":{"line":64,"column":6},"end":{"line":69,"column":null}},"6":{"start":{"line":65,"column":22},"end":{"line":65,"column":103}},"7":{"start":{"line":66,"column":8},"end":{"line":68,"column":null}},"8":{"start":{"line":67,"column":10},"end":{"line":67,"column":null}},"9":{"start":{"line":72,"column":6},"end":{"line":75,"column":null}},"10":{"start":{"line":73,"column":8},"end":{"line":73,"column":null}},"11":{"start":{"line":74,"column":8},"end":{"line":74,"column":null}},"12":{"start":{"line":78,"column":6},"end":{"line":78,"column":null}},"13":{"start":{"line":79,"column":6},"end":{"line":79,"column":null}},"14":{"start":{"line":80,"column":6},"end":{"line":80,"column":null}},"15":{"start":{"line":83,"column":6},"end":{"line":83,"column":null}},"16":{"start":{"line":84,"column":6},"end":{"line":84,"column":null}},"17":{"start":{"line":85,"column":6},"end":{"line":85,"column":null}},"18":{"start":{"line":3,"column":23},"end":{"line":3,"column":31}},"19":{"start":{"line":11,"column":36},"end":{"line":11,"column":44}},"20":{"start":{"line":22,"column":42},"end":{"line":22,"column":59}},"21":{"start":{"line":33,"column":25},"end":{"line":33,"column":35}},"22":{"start":{"line":34,"column":25},"end":{"line":34,"column":40}}},"fnMap":{"0":{"name":"(anonymous_0)","decl":{"start":{"line":40,"column":2},"end":{"line":40,"column":6}},"loc":{"start":{"line":40,"column":9},"end":{"line":49,"column":3}},"line":40},"1":{"name":"(anonymous_1)","decl":{"start":{"line":51,"column":4},"end":{"line":51,"column":10}},"loc":{"start":{"line":51,"column":16},"end":{"line":55,"column":null}},"line":51},"2":{"name":"(anonymous_2)","decl":{"start":{"line":58,"column":4},"end":{"line":58,"column":11}},"loc":{"start":{"line":58,"column":14},"end":{"line":60,"column":null}},"line":58},"3":{"name":"(anonymous_3)","decl":{"start":{"line":63,"column":4},"end":{"line":63,"column":16}},"loc":{"start":{"line":63,"column":19},"end":{"line":70,"column":5}},"line":63},"4":{"name":"(anonymous_4)","decl":{"start":{"line":71,"column":4},"end":{"line":71,"column":8}},"loc":{"start":{"line":71,"column":11},"end":{"line":76,"column":5}},"line":71},"5":{"name":"(anonymous_5)","decl":{"start":{"line":77,"column":4},"end":{"line":77,"column":11}},"loc":{"start":{"line":77,"column":14},"end":{"line":81,"column":5}},"line":77},"6":{"name":"(anonymous_6)","decl":{"start":{"line":82,"column":4},"end":{"line":82,"column":9}},"loc":{"start":{"line":82,"column":15},"end":{"line":86,"column":null}},"line":82},"7":{"name":"(anonymous_7)","decl":{"start":{"line":3,"column":23},"end":{"line":3,"column":29}},"loc":{"start":{"line":3,"column":23},"end":{"line":3,"column":31}},"line":3},"8":{"name":"(anonymous_8)","decl":{"start":{"line":11,"column":36},"end":{"line":11,"column":41}},"loc":{"start":{"line":11,"column":36},"end":{"line":11,"column":44}},"line":11},"9":{"name":"(anonymous_9)","decl":{"start":{"line":22,"column":40},"end":{"line":22,"column":42}},"loc":{"start":{"line":22,"column":42},"end":{"line":22,"column":59}},"line":22},"10":{"name":"(anonymous_10)","decl":{"start":{"line":33,"column":25},"end":{"line":33,"column":33}},"loc":{"start":{"line":33,"column":25},"end":{"line":33,"column":35}},"line":33},"11":{"name":"(anonymous_11)","decl":{"start":{"line":34,"column":25},"end":{"line":34,"column":38}},"loc":{"start":{"line":34,"column":25},"end":{"line":34,"column":40}},"line":34}},"branchMap":{"0":{"loc":{"start":{"line":52,"column":6},"end":{"line":54,"column":null}},"type":"if","locations":[{"start":{"line":52,"column":6},"end":{"line":54,"column":null}},{"start":{},"end":{}}],"line":52},"1":{"loc":{"start":{"line":59,"column":13},"end":{"line":59,"column":35}},"type":"binary-expr","locations":[{"start":{"line":59,"column":13},"end":{"line":59,"column":21}},{"start":{"line":59,"column":26},"end":{"line":59,"column":35}}],"line":59},"2":{"loc":{"start":{"line":64,"column":6},"end":{"line":69,"column":null}},"type":"if","locations":[{"start":{"line":64,"column":6},"end":{"line":69,"column":null}},{"start":{},"end":{}}],"line":64},"3":{"loc":{"start":{"line":66,"column":8},"end":{"line":68,"column":null}},"type":"if","locations":[{"start":{"line":66,"column":8},"end":{"line":68,"column":null}},{"start":{},"end":{}}],"line":66},"4":{"loc":{"start":{"line":72,"column":6},"end":{"line":75,"column":null}},"type":"if","locations":[{"start":{"line":72,"column":6},"end":{"line":75,"column":null}},{"start":{},"end":{}}],"line":72},"5":{"loc":{"start":{"line":72,"column":10},"end":{"line":72,"column":52}},"type":"binary-expr","locations":[{"start":{"line":72,"column":10},"end":{"line":72,"column":19}},{"start":{"line":72,"column":24},"end":{"line":72,"column":35}},{"start":{"line":72,"column":40},"end":{"line":72,"column":52}}],"line":72},"6":{"loc":{"start":{"line":84,"column":22},"end":{"line":84,"column":58}},"type":"binary-expr","locations":[{"start":{"line":84,"column":22},"end":{"line":84,"column":24}},{"start":{"line":84,"column":29},"end":{"line":84,"column":58}}],"line":84},"7":{"loc":{"start":{"line":3,"column":23},"end":{"line":3,"column":31}},"type":"binary-expr","locations":[{"start":{"line":3,"column":23},"end":{"line":3,"column":29}},{"start":{"line":3,"column":23},"end":{"line":3,"column":31}}],"line":3},"8":{"loc":{"start":{"line":5,"column":40},"end":{"line":5,"column":72}},"type":"cond-expr","locations":[{"start":{"line":5,"column":51},"end":{"line":5,"column":63}},{"start":{"line":5,"column":63},"end":{"line":5,"column":72}}],"line":5},"9":{"loc":{"start":{"line":11,"column":36},"end":{"line":11,"column":44}},"type":"binary-expr","locations":[{"start":{"line":11,"column":36},"end":{"line":11,"column":41}},{"start":{"line":11,"column":36},"end":{"line":11,"column":44}}],"line":11},"10":{"loc":{"start":{"line":22,"column":40},"end":{"line":22,"column":59}},"type":"binary-expr","locations":[{"start":{"line":22,"column":40},"end":{"line":22,"column":42}},{"start":{"line":22,"column":40},"end":{"line":22,"column":59}}],"line":22},"11":{"loc":{"start":{"line":26,"column":23},"end":{"line":26,"column":43}},"type":"binary-expr","locations":[{"start":{"line":26,"column":23},"end":{"line":26,"column":31}},{"start":{"line":26,"column":31},"end":{"line":26,"column":43}}],"line":26},"12":{"loc":{"start":{"line":33,"column":25},"end":{"line":33,"column":35}},"type":"binary-expr","locations":[{"start":{"line":33,"column":25},"end":{"line":33,"column":33}},{"start":{"line":33,"column":25},"end":{"line":33,"column":35}}],"line":33},"13":{"loc":{"start":{"line":34,"column":25},"end":{"line":34,"column":40}},"type":"binary-expr","locations":[{"start":{"line":34,"column":25},"end":{"line":34,"column":38}},{"start":{"line":34,"column":25},"end":{"line":34,"column":40}}],"line":34}},"s":{"0":12,"1":52,"2":7,"3":6,"4":42,"5":0,"6":0,"7":0,"8":0,"9":0,"10":0,"11":0,"12":2,"13":2,"14":2,"15":0,"16":0,"17":0,"18":0,"19":0,"20":0,"21":0,"22":0},"f":{"0":52,"1":7,"2":42,"3":0,"4":0,"5":2,"6":0,"7":0,"8":0,"9":0,"10":0,"11":0},"b":{"0":[6,1],"1":[42,34],"2":[0,0],"3":[0,0],"4":[0,0],"5":[0,0,0],"6":[0,0],"7":[61,52],"8":[10,56],"9":[11,6],"10":[11,6],"11":[11,8],"12":[61,52],"13":[61,52]},"meta":{"lastBranch":14,"lastFunction":12,"lastStatement":23,"seen":{"s:38:15:88:1":0,"f:40:2:40:6":0,"s:41:4:48:Infinity":1,"f:51:4:51:10":1,"b:52:6:54:Infinity:undefined:undefined:undefined:undefined":0,"s:52:6:54:Infinity":2,"s:53:8:53:Infinity":3,"f:58:4:58:11":2,"s:59:6:59:Infinity":4,"b:59:13:59:21:59:26:59:35":1,"f:63:4:63:16":3,"b:64:6:69:Infinity:undefined:undefined:undefined:undefined":2,"s:64:6:69:Infinity":5,"s:65:22:65:103":6,"b:66:8:68:Infinity:undefined:undefined:undefined:undefined":3,"s:66:8:68:Infinity":7,"s:67:10:67:Infinity":8,"f:71:4:71:8":4,"b:72:6:75:Infinity:undefined:undefined:undefined:undefined":4,"s:72:6:75:Infinity":9,"b:72:10:72:19:72:24:72:35:72:40:72:52":5,"s:73:8:73:Infinity":10,"s:74:8:74:Infinity":11,"f:77:4:77:11":5,"s:78:6:78:Infinity":12,"s:79:6:79:Infinity":13,"s:80:6:80:Infinity":14,"f:82:4:82:9":6,"s:83:6:83:Infinity":15,"s:84:6:84:Infinity":16,"b:84:22:84:24:84:29:84:58":6,"s:85:6:85:Infinity":17,"b:3:23:3:29:3:23:3:31":7,"f:3:23:3:29":7,"s:3:23:3:31":18,"b:5:51:5:63:5:63:5:72":8,"b:11:36:11:41:11:36:11:44":9,"f:11:36:11:41":8,"s:11:36:11:44":19,"b:22:40:22:42:22:40:22:59":10,"f:22:40:22:42":9,"s:22:42:22:59":20,"b:26:23:26:31:26:31:26:43":11,"b:33:25:33:33:33:25:33:35":12,"f:33:25:33:33":10,"s:33:25:33:35":21,"b:34:25:34:38:34:25:34:40":13,"f:34:25:34:38":11,"s:34:25:34:40":22}}}
,"/home/markus/workspace/finance-app/frontend/src/components/editform/CurrencyInput.vue": {"path":"/home/markus/workspace/finance-app/frontend/src/components/editform/CurrencyInput.vue","statementMap":{"0":{"start":{"line":16,"column":15},"end":{"line":44,"column":1}},"1":{"start":{"line":23,"column":4},"end":{"line":29,"column":null}},"2":{"start":{"line":27,"column":13},"end":{"line":27,"column":73}},"3":{"start":{"line":34,"column":6},"end":{"line":34,"column":null}},"4":{"start":{"line":39,"column":23},"end":{"line":39,"column":45}},"5":{"start":{"line":41,"column":6},"end":{"line":41,"column":null}},"6":{"start":{"line":6,"column":11},"end":{"line":6,"column":null}},"7":{"start":{"line":7,"column":12},"end":{"line":7,"column":null}}},"fnMap":{"0":{"name":"(anonymous_0)","decl":{"start":{"line":22,"column":2},"end":{"line":22,"column":6}},"loc":{"start":{"line":22,"column":9},"end":{"line":30,"column":3}},"line":22},"1":{"name":"(anonymous_1)","decl":{"start":{"line":27,"column":8},"end":{"line":27,"column":10}},"loc":{"start":{"line":27,"column":13},"end":{"line":27,"column":73}},"line":27},"2":{"name":"(anonymous_2)","decl":{"start":{"line":33,"column":4},"end":{"line":33,"column":16}},"loc":{"start":{"line":33,"column":19},"end":{"line":35,"column":null}},"line":33},"3":{"name":"(anonymous_3)","decl":{"start":{"line":38,"column":4},"end":{"line":38,"column":16}},"loc":{"start":{"line":38,"column":20},"end":{"line":42,"column":null}},"line":38},"4":{"name":"(anonymous_4)","decl":{"start":{"line":6,"column":9},"end":{"line":6,"column":11}},"loc":{"start":{"line":6,"column":11},"end":{"line":6,"column":null}},"line":6},"5":{"name":"(anonymous_5)","decl":{"start":{"line":7,"column":10},"end":{"line":7,"column":12}},"loc":{"start":{"line":7,"column":12},"end":{"line":7,"column":null}},"line":7}},"branchMap":{"0":{"loc":{"start":{"line":27,"column":13},"end":{"line":27,"column":73}},"type":"binary-expr","locations":[{"start":{"line":27,"column":13},"end":{"line":27,"column":29}},{"start":{"line":27,"column":32},"end":{"line":27,"column":73}}],"line":27},"1":{"loc":{"start":{"line":34,"column":13},"end":{"line":34,"column":71}},"type":"cond-expr","locations":[{"start":{"line":34,"column":26},"end":{"line":34,"column":40}},{"start":{"line":34,"column":42},"end":{"line":34,"column":71}}],"line":34},"2":{"loc":{"start":{"line":41,"column":38},"end":{"line":41,"column":68}},"type":"cond-expr","locations":[{"start":{"line":41,"column":56},"end":{"line":41,"column":58}},{"start":{"line":41,"column":60},"end":{"line":41,"column":68}}],"line":41},"3":{"loc":{"start":{"line":6,"column":9},"end":{"line":6,"column":null}},"type":"binary-expr","locations":[{"start":{"line":6,"column":9},"end":{"line":6,"column":11}},{"start":{"line":6,"column":9},"end":{"line":6,"column":null}}],"line":6},"4":{"loc":{"start":{"line":7,"column":10},"end":{"line":7,"column":null}},"type":"binary-expr","locations":[{"start":{"line":7,"column":10},"end":{"line":7,"column":12}},{"start":{"line":7,"column":10},"end":{"line":7,"column":null}}],"line":7}},"s":{"0":7,"1":24,"2":34,"3":30,"4":4,"5":4,"6":0,"7":1},"f":{"0":24,"1":34,"2":30,"3":4,"4":0,"5":1},"b":{"0":[34,13],"1":[2,28],"2":[1,3],"3":[30,24],"4":[30,24]},"meta":{"lastBranch":5,"lastFunction":6,"lastStatement":8,"seen":{"s:16:15:44:1":0,"f:22:2:22:6":0,"s:23:4:29:Infinity":1,"f:27:8:27:10":1,"s:27:13:27:73":2,"b:27:13:27:29:27:32:27:73":0,"f:33:4:33:16":2,"s:34:6:34:Infinity":3,"b:34:26:34:40:34:42:34:71":1,"f:38:4:38:16":3,"s:39:23:39:45":4,"s:41:6:41:Infinity":5,"b:41:56:41:58:41:60:41:68":2,"b:6:9:6:11:6:9:6:Infinity":3,"f:6:9:6:11":4,"s:6:11:6:Infinity":6,"b:7:10:7:12:7:10:7:Infinity":4,"f:7:10:7:12":5,"s:7:12:7:Infinity":7}}}
,"/home/markus/workspace/finance-app/frontend/src/components/editform/FromToDateFields.vue": {"path":"/home/markus/workspace/finance-app/frontend/src/components/editform/FromToDateFields.vue","statementMap":{"0":{"start":{"line":27,"column":15},"end":{"line":55,"column":null}},"1":{"start":{"line":34,"column":6},"end":{"line":34,"column":null}},"2":{"start":{"line":37,"column":6},"end":{"line":37,"column":null}},"3":{"start":{"line":40,"column":6},"end":{"line":40,"column":null}},"4":{"start":{"line":40,"column":42},"end":{"line":40,"column":null}},"5":{"start":{"line":41,"column":6},"end":{"line":43,"column":null}},"6":{"start":{"line":42,"column":8},"end":{"line":42,"column":null}},"7":{"start":{"line":44,"column":6},"end":{"line":44,"column":null}},"8":{"start":{"line":49,"column":6},"end":{"line":49,"column":null}},"9":{"start":{"line":52,"column":6},"end":{"line":52,"column":null}}},"fnMap":{"0":{"name":"(anonymous_0)","decl":{"start":{"line":33,"column":4},"end":{"line":33,"column":12}},"loc":{"start":{"line":33,"column":15},"end":{"line":35,"column":5}},"line":33},"1":{"name":"(anonymous_1)","decl":{"start":{"line":36,"column":4},"end":{"line":36,"column":10}},"loc":{"start":{"line":36,"column":13},"end":{"line":38,"column":5}},"line":36},"2":{"name":"(anonymous_2)","decl":{"start":{"line":39,"column":4},"end":{"line":39,"column":16}},"loc":{"start":{"line":39,"column":19},"end":{"line":45,"column":null}},"line":39},"3":{"name":"(anonymous_3)","decl":{"start":{"line":48,"column":4},"end":{"line":48,"column":14}},"loc":{"start":{"line":48,"column":21},"end":{"line":50,"column":5}},"line":48},"4":{"name":"(anonymous_4)","decl":{"start":{"line":51,"column":4},"end":{"line":51,"column":12}},"loc":{"start":{"line":51,"column":19},"end":{"line":53,"column":null}},"line":51}},"branchMap":{"0":{"loc":{"start":{"line":40,"column":6},"end":{"line":40,"column":null}},"type":"if","locations":[{"start":{"line":40,"column":6},"end":{"line":40,"column":null}},{"start":{},"end":{}}],"line":40},"1":{"loc":{"start":{"line":40,"column":10},"end":{"line":40,"column":40}},"type":"binary-expr","locations":[{"start":{"line":40,"column":10},"end":{"line":40,"column":21}},{"start":{"line":40,"column":26},"end":{"line":40,"column":40}}],"line":40},"2":{"loc":{"start":{"line":41,"column":6},"end":{"line":43,"column":null}},"type":"if","locations":[{"start":{"line":41,"column":6},"end":{"line":43,"column":null}},{"start":{},"end":{}}],"line":41}},"s":{"0":7,"1":16,"2":16,"3":16,"4":11,"5":5,"6":1,"7":4,"8":0,"9":0},"f":{"0":16,"1":16,"2":16,"3":0,"4":0},"b":{"0":[11,5],"1":[16,5],"2":[1,4]},"meta":{"lastBranch":3,"lastFunction":5,"lastStatement":10,"seen":{"s:27:15:55:Infinity":0,"f:33:4:33:12":0,"s:34:6:34:Infinity":1,"f:36:4:36:10":1,"s:37:6:37:Infinity":2,"f:39:4:39:16":2,"b:40:6:40:Infinity:undefined:undefined:undefined:undefined":0,"s:40:6:40:Infinity":3,"b:40:10:40:21:40:26:40:40":1,"s:40:42:40:Infinity":4,"b:41:6:43:Infinity:undefined:undefined:undefined:undefined":2,"s:41:6:43:Infinity":5,"s:42:8:42:Infinity":6,"s:44:6:44:Infinity":7,"f:48:4:48:14":3,"s:49:6:49:Infinity":8,"f:51:4:51:12":4,"s:52:6:52:Infinity":9}}}
,"/home/markus/workspace/finance-app/frontend/src/components/editform/HalfyearlyCostEditForm.vue": {"path":"/home/markus/workspace/finance-app/frontend/src/components/editform/HalfyearlyCostEditForm.vue","statementMap":{"0":{"start":{"line":51,"column":19},"end":{"line":62,"column":1}},"1":{"start":{"line":52,"column":13},"end":{"line":52,"column":38}},"2":{"start":{"line":53,"column":2},"end":{"line":61,"column":null}},"3":{"start":{"line":64,"column":19},"end":{"line":69,"column":1}},"4":{"start":{"line":65,"column":2},"end":{"line":68,"column":null}},"5":{"start":{"line":71,"column":15},"end":{"line":86,"column":1}},"6":{"start":{"line":82,"column":4},"end":{"line":84,"column":null}},"7":{"start":{"line":9,"column":11},"end":{"line":9,"column":null}},"8":{"start":{"line":14,"column":34},"end":{"line":14,"column":47}},"9":{"start":{"line":19,"column":48},"end":{"line":19,"column":63}},"10":{"start":{"line":24,"column":42},"end":{"line":24,"column":57}},"11":{"start":{"line":29,"column":34},"end":{"line":29,"column":47}},"12":{"start":{"line":33,"column":36},"end":{"line":33,"column":51}}},"fnMap":{"0":{"name":"(anonymous_0)","decl":{"start":{"line":51,"column":19},"end":{"line":51,"column":22}},"loc":{"start":{"line":51,"column":27},"end":{"line":62,"column":1}},"line":51},"1":{"name":"(anonymous_1)","decl":{"start":{"line":64,"column":19},"end":{"line":64,"column":22}},"loc":{"start":{"line":64,"column":27},"end":{"line":69,"column":1}},"line":64},"2":{"name":"(anonymous_2)","decl":{"start":{"line":81,"column":2},"end":{"line":81,"column":6}},"loc":{"start":{"line":81,"column":9},"end":{"line":85,"column":null}},"line":81},"3":{"name":"(anonymous_3)","decl":{"start":{"line":9,"column":9},"end":{"line":9,"column":11}},"loc":{"start":{"line":9,"column":11},"end":{"line":9,"column":null}},"line":9},"4":{"name":"(anonymous_4)","decl":{"start":{"line":14,"column":34},"end":{"line":14,"column":38}},"loc":{"start":{"line":14,"column":34},"end":{"line":14,"column":47}},"line":14},"5":{"name":"(anonymous_5)","decl":{"start":{"line":19,"column":48},"end":{"line":19,"column":52}},"loc":{"start":{"line":19,"column":48},"end":{"line":19,"column":63}},"line":19},"6":{"name":"(anonymous_6)","decl":{"start":{"line":24,"column":42},"end":{"line":24,"column":46}},"loc":{"start":{"line":24,"column":42},"end":{"line":24,"column":57}},"line":24},"7":{"name":"(anonymous_7)","decl":{"start":{"line":29,"column":34},"end":{"line":29,"column":38}},"loc":{"start":{"line":29,"column":34},"end":{"line":29,"column":47}},"line":29},"8":{"name":"(anonymous_8)","decl":{"start":{"line":33,"column":36},"end":{"line":33,"column":40}},"loc":{"start":{"line":33,"column":36},"end":{"line":33,"column":51}},"line":33}},"branchMap":{"0":{"loc":{"start":{"line":53,"column":9},"end":{"line":61,"column":7}},"type":"cond-expr","locations":[{"start":{"line":54,"column":6},"end":{"line":57,"column":null}},{"start":{"line":58,"column":6},"end":{"line":61,"column":7}}],"line":53},"1":{"loc":{"start":{"line":9,"column":9},"end":{"line":9,"column":null}},"type":"binary-expr","locations":[{"start":{"line":9,"column":9},"end":{"line":9,"column":11}},{"start":{"line":9,"column":9},"end":{"line":9,"column":null}}],"line":9},"2":{"loc":{"start":{"line":14,"column":34},"end":{"line":14,"column":47}},"type":"binary-expr","locations":[{"start":{"line":14,"column":34},"end":{"line":14,"column":38}},{"start":{"line":14,"column":34},"end":{"line":14,"column":47}}],"line":14},"3":{"loc":{"start":{"line":19,"column":48},"end":{"line":19,"column":63}},"type":"binary-expr","locations":[{"start":{"line":19,"column":48},"end":{"line":19,"column":52}},{"start":{"line":19,"column":48},"end":{"line":19,"column":63}}],"line":19},"4":{"loc":{"start":{"line":24,"column":42},"end":{"line":24,"column":57}},"type":"binary-expr","locations":[{"start":{"line":24,"column":42},"end":{"line":24,"column":46}},{"start":{"line":24,"column":42},"end":{"line":24,"column":57}}],"line":24},"5":{"loc":{"start":{"line":29,"column":34},"end":{"line":29,"column":47}},"type":"binary-expr","locations":[{"start":{"line":29,"column":34},"end":{"line":29,"column":38}},{"start":{"line":29,"column":34},"end":{"line":29,"column":47}}],"line":29},"6":{"loc":{"start":{"line":33,"column":36},"end":{"line":33,"column":51}},"type":"binary-expr","locations":[{"start":{"line":33,"column":36},"end":{"line":33,"column":40}},{"start":{"line":33,"column":36},"end":{"line":33,"column":51}}],"line":33}},"s":{"0":3,"1":5,"2":5,"3":3,"4":1,"5":3,"6":2,"7":0,"8":0,"9":0,"10":0,"11":0,"12":0},"f":{"0":5,"1":1,"2":2,"3":0,"4":0,"5":0,"6":0,"7":0,"8":0},"b":{"0":[5,0],"1":[3,2],"2":[3,2],"3":[3,2],"4":[3,2],"5":[2,2],"6":[2,2]},"meta":{"lastBranch":7,"lastFunction":9,"lastStatement":13,"seen":{"s:51:19:62:1":0,"f:51:19:51:22":0,"s:52:13:52:38":1,"s:53:2:61:Infinity":2,"b:54:6:57:Infinity:58:6:61:7":0,"s:64:19:69:1":3,"f:64:19:64:22":1,"s:65:2:68:Infinity":4,"s:71:15:86:1":5,"f:81:2:81:6":2,"s:82:4:84:Infinity":6,"b:9:9:9:11:9:9:9:Infinity":1,"f:9:9:9:11":3,"s:9:11:9:Infinity":7,"b:14:34:14:38:14:34:14:47":2,"f:14:34:14:38":4,"s:14:34:14:47":8,"b:19:48:19:52:19:48:19:63":3,"f:19:48:19:52":5,"s:19:48:19:63":9,"b:24:42:24:46:24:42:24:57":4,"f:24:42:24:46":6,"s:24:42:24:57":10,"b:29:34:29:38:29:34:29:47":5,"f:29:34:29:38":7,"s:29:34:29:47":11,"b:33:36:33:40:33:36:33:51":6,"f:33:36:33:40":8,"s:33:36:33:51":12}}}
[...]
,"/home/markus/workspace/finance-app/frontend/src/components/wealth/WealthForecastTable.vue": {"path":"/home/markus/workspace/finance-app/frontend/src/components/wealth/WealthForecastTable.vue","statementMap":{"0":{"start":{"line":48,"column":15},"end":{"line":75,"column":1}},"1":{"start":{"line":65,"column":20},"end":{"line":68,"column":6}},"2":{"start":{"line":66,"column":6},"end":{"line":66,"column":null}},"3":{"start":{"line":66,"column":53},"end":{"line":66,"column":null}},"4":{"start":{"line":67,"column":6},"end":{"line":67,"column":null}},"5":{"start":{"line":70,"column":4},"end":{"line":73,"column":null}},"6":{"start":{"line":32,"column":14},"end":{"line":32,"column":52}},"7":{"start":{"line":33,"column":14},"end":{"line":33,"column":36}},"8":{"start":{"line":34,"column":14},"end":{"line":34,"column":47}},"9":{"start":{"line":35,"column":14},"end":{"line":35,"column":55}},"10":{"start":{"line":36,"column":14},"end":{"line":36,"column":49}},"11":{"start":{"line":28,"column":23},"end":{"line":28,"column":null}},"12":{"start":{"line":29,"column":23},"end":{"line":29,"column":null}}},"fnMap":{"0":{"name":"(anonymous_0)","decl":{"start":{"line":64,"column":2},"end":{"line":64,"column":7}},"loc":{"start":{"line":64,"column":15},"end":{"line":74,"column":null}},"line":64},"1":{"name":"(anonymous_1)","decl":{"start":{"line":65,"column":31},"end":{"line":65,"column":32}},"loc":{"start":{"line":65,"column":37},"end":{"line":68,"column":5}},"line":65},"2":{"name":"(anonymous_2)","decl":{"start":{"line":28,"column":21},"end":{"line":28,"column":23}},"loc":{"start":{"line":28,"column":23},"end":{"line":28,"column":null}},"line":28},"3":{"name":"(anonymous_3)","decl":{"start":{"line":29,"column":21},"end":{"line":29,"column":23}},"loc":{"start":{"line":29,"column":23},"end":{"line":29,"column":null}},"line":29}},"branchMap":{"0":{"loc":{"start":{"line":66,"column":6},"end":{"line":66,"column":null}},"type":"if","locations":[{"start":{"line":66,"column":6},"end":{"line":66,"column":null}},{"start":{},"end":{}}],"line":66},"1":{"loc":{"start":{"line":66,"column":10},"end":{"line":66,"column":51}},"type":"binary-expr","locations":[{"start":{"line":66,"column":10},"end":{"line":66,"column":24}},{"start":{"line":66,"column":29},"end":{"line":66,"column":51}}],"line":66},"2":{"loc":{"start":{"line":10,"column":21},"end":{"line":10,"column":83}},"type":"binary-expr","locations":[{"start":{"line":10,"column":21},"end":{"line":10,"column":29}},{"start":{"line":10,"column":29},"end":{"line":10,"column":49}},{"start":{"line":10,"column":53},"end":{"line":10,"column":83}}],"line":10},"3":{"loc":{"start":{"line":29,"column":21},"end":{"line":29,"column":null}},"type":"binary-expr","locations":[{"start":{"line":29,"column":21},"end":{"line":29,"column":23}},{"start":{"line":29,"column":21},"end":{"line":29,"column":null}}],"line":29}},"s":{"0":1,"1":4,"2":2,"3":0,"4":2,"5":4,"6":1,"7":1,"8":1,"9":1,"10":1,"11":1,"12":0},"f":{"0":4,"1":2,"2":1,"3":0},"b":{"0":[0,2],"1":[2,2],"2":[3,3,3],"3":[2,2]},"meta":{"lastBranch":0,"lastFunction":0,"lastStatement":0,"seen":{}}}
,"/home/markus/workspace/finance-app/frontend/src/composables/useIntersectionObserver.js": {"path":"/home/markus/workspace/finance-app/frontend/src/composables/useIntersectionObserver.js","statementMap":{"0":{"start":{"line":4,"column":19},"end":{"line":4,"column":null}},"1":{"start":{"line":5,"column":24},"end":{"line":5,"column":null}},"2":{"start":{"line":6,"column":17},"end":{"line":6,"column":null}},"3":{"start":{"line":8,"column":1},"end":{"line":19,"column":null}},"4":{"start":{"line":9,"column":4},"end":{"line":9,"column":null}},"5":{"start":{"line":9,"column":26},"end":{"line":9,"column":null}},"6":{"start":{"line":11,"column":4},"end":{"line":16,"column":null}},"7":{"start":{"line":12,"column":6},"end":{"line":12,"column":null}},"8":{"start":{"line":13,"column":6},"end":{"line":15,"column":null}},"9":{"start":{"line":14,"column":8},"end":{"line":14,"column":null}},"10":{"start":{"line":18,"column":4},"end":{"line":18,"column":null}},"11":{"start":{"line":21,"column":1},"end":{"line":23,"column":null}},"12":{"start":{"line":22,"column":4},"end":{"line":22,"column":null}},"13":{"start":{"line":22,"column":18},"end":{"line":22,"column":null}},"14":{"start":{"line":25,"column":2},"end":{"line":25,"column":null}}},"fnMap":{"0":{"name":"useIntersectionObserver","decl":{"start":{"line":3,"column":16},"end":{"line":3,"column":39}},"loc":{"start":{"line":3,"column":54},"end":{"line":26,"column":null}},"line":3},"1":{"name":"(anonymous_1)","decl":{"start":{"line":8,"column":12},"end":{"line":8,"column":13}},"loc":{"start":{"line":8,"column":18},"end":{"line":19,"column":3}},"line":8},"2":{"name":"(anonymous_2)","decl":{"start":{"line":11,"column":40},"end":{"line":11,"column":41}},"loc":{"start":{"line":11,"column":53},"end":{"line":16,"column":5}},"line":11},"3":{"name":"(anonymous_3)","decl":{"start":{"line":21,"column":14},"end":{"line":21,"column":15}},"loc":{"start":{"line":21,"column":20},"end":{"line":23,"column":3}},"line":21}},"branchMap":{"0":{"loc":{"start":{"line":3,"column":40},"end":{"line":3,"column":52}},"type":"default-arg","locations":[{"start":{"line":3,"column":50},"end":{"line":3,"column":52}}],"line":3},"1":{"loc":{"start":{"line":9,"column":4},"end":{"line":9,"column":null}},"type":"if","locations":[{"start":{"line":9,"column":4},"end":{"line":9,"column":null}},{"start":{},"end":{}}],"line":9},"2":{"loc":{"start":{"line":13,"column":6},"end":{"line":15,"column":null}},"type":"if","locations":[{"start":{"line":13,"column":6},"end":{"line":15,"column":null}},{"start":{},"end":{}}],"line":13},"3":{"loc":{"start":{"line":13,"column":10},"end":{"line":13,"column":46}},"type":"binary-expr","locations":[{"start":{"line":13,"column":10},"end":{"line":13,"column":30}},{"start":{"line":13,"column":34},"end":{"line":13,"column":46}}],"line":13},"4":{"loc":{"start":{"line":22,"column":4},"end":{"line":22,"column":null}},"type":"if","locations":[{"start":{"line":22,"column":4},"end":{"line":22,"column":null}},{"start":{},"end":{}}],"line":22}},"s":{"0":2,"1":2,"2":2,"3":2,"4":2,"5":0,"6":2,"7":0,"8":0,"9":0,"10":2,"11":2,"12":0,"13":0,"14":2},"f":{"0":2,"1":2,"2":0,"3":0},"b":{"0":[2],"1":[0,2],"2":[0,0],"3":[0,0],"4":[0,0]},"meta":{"lastBranch":5,"lastFunction":4,"lastStatement":15,"seen":{"f:3:16:3:39":0,"b:3:50:3:52":0,"s:4:19:4:Infinity":0,"s:5:24:5:Infinity":1,"s:6:17:6:Infinity":2,"s:8:1:19:Infinity":3,"f:8:12:8:13":1,"b:9:4:9:Infinity:undefined:undefined:undefined:undefined":1,"s:9:4:9:Infinity":4,"s:9:26:9:Infinity":5,"s:11:4:16:Infinity":6,"f:11:40:11:41":2,"s:12:6:12:Infinity":7,"b:13:6:15:Infinity:undefined:undefined:undefined:undefined":2,"s:13:6:15:Infinity":8,"b:13:10:13:30:13:34:13:46":3,"s:14:8:14:Infinity":9,"s:18:4:18:Infinity":10,"s:21:1:23:Infinity":11,"f:21:14:21:15":3,"b:22:4:22:Infinity:undefined:undefined:undefined:undefined":4,"s:22:4:22:Infinity":12,"s:22:18:22:Infinity":13,"s:25:2:25:Infinity":14}}}
,"/home/markus/workspace/finance-app/frontend/src/plugins/vuetify.js": {"path":"/home/markus/workspace/finance-app/frontend/src/plugins/vuetify.js","statementMap":{"0":{"start":{"line":9,"column":12},"end":{"line":14,"column":null}},"1":{"start":{"line":10,"column":23},"end":{"line":13,"column":4}},"2":{"start":{"line":17,"column":20},"end":{"line":49,"column":null}}},"fnMap":{"0":{"name":"(anonymous_0)","decl":{"start":{"line":10,"column":13},"end":{"line":10,"column":14}},"loc":{"start":{"line":10,"column":23},"end":{"line":13,"column":4}},"line":10}},"branchMap":{},"s":{"0":2,"1":0,"2":2},"f":{"0":0},"b":{},"meta":{"lastBranch":0,"lastFunction":1,"lastStatement":3,"seen":{"s:9:12:14:Infinity":0,"f:10:13:10:14":0,"s:10:23:13:4":1,"s:17:20:49:Infinity":2}}}
,"/home/markus/workspace/finance-app/frontend/src/services/auth.js": {"path":"/home/markus/workspace/finance-app/frontend/src/services/auth.js","statementMap":{"0":{"start":{"line":3,"column":16},"end":{"line":3,"column":44}},"1":{"start":{"line":5,"column":27},"end":{"line":29,"column":1}},"2":{"start":{"line":7,"column":4},"end":{"line":13,"column":null}},"3":{"start":{"line":9,"column":23},"end":{"line":9,"column":82}},"4":{"start":{"line":10,"column":6},"end":{"line":10,"column":null}},"5":{"start":{"line":12,"column":6},"end":{"line":12,"column":null}},"6":{"start":{"line":17,"column":4},"end":{"line":23,"column":null}},"7":{"start":{"line":18,"column":6},"end":{"line":18,"column":null}},"8":{"start":{"line":19,"column":6},"end":{"line":19,"column":null}},"9":{"start":{"line":21,"column":6},"end":{"line":21,"column":null}},"10":{"start":{"line":22,"column":6},"end":{"line":22,"column":null}},"11":{"start":{"line":27,"column":4},"end":{"line":27,"column":null}}},"fnMap":{"0":{"name":"(anonymous_0)","decl":{"start":{"line":6,"column":8},"end":{"line":6,"column":15}},"loc":{"start":{"line":6,"column":18},"end":{"line":14,"column":3}},"line":6},"1":{"name":"(anonymous_1)","decl":{"start":{"line":16,"column":8},"end":{"line":16,"column":14}},"loc":{"start":{"line":16,"column":17},"end":{"line":24,"column":3}},"line":16},"2":{"name":"(anonymous_2)","decl":{"start":{"line":26,"column":2},"end":{"line":26,"column":7}},"loc":{"start":{"line":26,"column":10},"end":{"line":28,"column":null}},"line":26}},"branchMap":{},"s":{"0":1,"1":1,"2":0,"3":0,"4":0,"5":0,"6":0,"7":0,"8":0,"9":0,"10":0,"11":0},"f":{"0":0,"1":0,"2":0},"b":{},"meta":{"lastBranch":0,"lastFunction":3,"lastStatement":12,"seen":{"s:3:16:3:44":0,"s:5:27:29:1":1,"f:6:8:6:15":0,"s:7:4:13:Infinity":2,"s:9:23:9:82":3,"s:10:6:10:Infinity":4,"s:12:6:12:Infinity":5,"f:16:8:16:14":1,"s:17:4:23:Infinity":6,"s:18:6:18:Infinity":7,"s:19:6:19:Infinity":8,"s:21:6:21:Infinity":9,"s:22:6:22:Infinity":10,"f:26:2:26:7":2,"s:27:4:27:Infinity":11}}}
,"/home/markus/workspace/finance-app/frontend/src/services/dateAdapter.js": {"path":"/home/markus/workspace/finance-app/frontend/src/services/dateAdapter.js","statementMap":{"0":{"start":{"line":12,"column":31},"end":{"line":20,"column":1}},"1":{"start":{"line":13,"column":2},"end":{"line":15,"column":null}},"2":{"start":{"line":14,"column":4},"end":{"line":14,"column":null}},"3":{"start":{"line":16,"column":2},"end":{"line":19,"column":null}},"4":{"start":{"line":27,"column":31},"end":{"line":33,"column":1}},"5":{"start":{"line":28,"column":2},"end":{"line":30,"column":null}},"6":{"start":{"line":29,"column":4},"end":{"line":29,"column":null}},"7":{"start":{"line":32,"column":2},"end":{"line":32,"column":null}},"8":{"start":{"line":40,"column":31},"end":{"line":45,"column":1}},"9":{"start":{"line":41,"column":2},"end":{"line":43,"column":null}},"10":{"start":{"line":42,"column":4},"end":{"line":42,"column":null}},"11":{"start":{"line":44,"column":2},"end":{"line":44,"column":null}}},"fnMap":{"0":{"name":"(anonymous_0)","decl":{"start":{"line":12,"column":31},"end":{"line":12,"column":32}},"loc":{"start":{"line":12,"column":41},"end":{"line":20,"column":1}},"line":12},"1":{"name":"(anonymous_1)","decl":{"start":{"line":27,"column":31},"end":{"line":27,"column":32}},"loc":{"start":{"line":27,"column":46},"end":{"line":33,"column":1}},"line":27},"2":{"name":"(anonymous_2)","decl":{"start":{"line":40,"column":31},"end":{"line":40,"column":32}},"loc":{"start":{"line":40,"column":41},"end":{"line":45,"column":1}},"line":40}},"branchMap":{"0":{"loc":{"start":{"line":13,"column":2},"end":{"line":15,"column":null}},"type":"if","locations":[{"start":{"line":13,"column":2},"end":{"line":15,"column":null}},{"start":{},"end":{}}],"line":13},"1":{"loc":{"start":{"line":13,"column":6},"end":{"line":13,"column":36}},"type":"binary-expr","locations":[{"start":{"line":13,"column":6},"end":{"line":13,"column":11}},{"start":{"line":13,"column":15},"end":{"line":13,"column":36}}],"line":13},"2":{"loc":{"start":{"line":28,"column":2},"end":{"line":30,"column":null}},"type":"if","locations":[{"start":{"line":28,"column":2},"end":{"line":30,"column":null}},{"start":{},"end":{}}],"line":28},"3":{"loc":{"start":{"line":28,"column":6},"end":{"line":28,"column":55}},"type":"binary-expr","locations":[{"start":{"line":28,"column":6},"end":{"line":28,"column":16}},{"start":{"line":28,"column":20},"end":{"line":28,"column":35}},{"start":{"line":28,"column":39},"end":{"line":28,"column":55}}],"line":28},"4":{"loc":{"start":{"line":41,"column":2},"end":{"line":43,"column":null}},"type":"if","locations":[{"start":{"line":41,"column":2},"end":{"line":43,"column":null}},{"start":{},"end":{}}],"line":41},"5":{"loc":{"start":{"line":41,"column":6},"end":{"line":41,"column":36}},"type":"binary-expr","locations":[{"start":{"line":41,"column":6},"end":{"line":41,"column":11}},{"start":{"line":41,"column":15},"end":{"line":41,"column":36}}],"line":41}},"s":{"0":13,"1":0,"2":0,"3":0,"4":13,"5":32,"6":22,"7":10,"8":13,"9":27,"10":26,"11":1},"f":{"0":0,"1":32,"2":27},"b":{"0":[0,0],"1":[0,0],"2":[22,10],"3":[32,12,10],"4":[26,1],"5":[27,1]},"meta":{"lastBranch":6,"lastFunction":3,"lastStatement":12,"seen":{"s:12:31:20:1":0,"f:12:31:12:32":0,"b:13:2:15:Infinity:undefined:undefined:undefined:undefined":0,"s:13:2:15:Infinity":1,"b:13:6:13:11:13:15:13:36":1,"s:14:4:14:Infinity":2,"s:16:2:19:Infinity":3,"s:27:31:33:1":4,"f:27:31:27:32":1,"b:28:2:30:Infinity:undefined:undefined:undefined:undefined":2,"s:28:2:30:Infinity":5,"b:28:6:28:16:28:20:28:35:28:39:28:55":3,"s:29:4:29:Infinity":6,"s:32:2:32:Infinity":7,"s:40:31:45:1":8,"f:40:31:40:32":2,"b:41:2:43:Infinity:undefined:undefined:undefined:undefined":4,"s:41:2:43:Infinity":9,"b:41:6:41:11:41:15:41:36":5,"s:42:4:42:Infinity":10,"s:44:2:44:Infinity":11}}}
,"/home/markus/workspace/finance-app/frontend/src/services/specialcosts.js": {"path":"/home/markus/workspace/finance-app/frontend/src/services/specialcosts.js","statementMap":{"0":{"start":{"line":3,"column":16},"end":{"line":3,"column":35}},"1":{"start":{"line":10,"column":19},"end":{"line":10,"column":39}},"2":{"start":{"line":11,"column":2},"end":{"line":13,"column":null}},"3":{"start":{"line":12,"column":4},"end":{"line":12,"column":null}},"4":{"start":{"line":14,"column":2},"end":{"line":14,"column":null}},"5":{"start":{"line":23,"column":19},"end":{"line":29,"column":4}},"6":{"start":{"line":30,"column":2},"end":{"line":32,"column":null}},"7":{"start":{"line":31,"column":4},"end":{"line":31,"column":null}},"8":{"start":{"line":35,"column":15},"end":{"line":35,"column":36}},"9":{"start":{"line":36,"column":2},"end":{"line":36,"column":null}},"10":{"start":{"line":45,"column":19},"end":{"line":47,"column":4}},"11":{"start":{"line":48,"column":2},"end":{"line":50,"column":null}},"12":{"start":{"line":49,"column":4},"end":{"line":49,"column":null}}},"fnMap":{"0":{"name":"getSpecialCosts","decl":{"start":{"line":9,"column":22},"end":{"line":9,"column":37}},"loc":{"start":{"line":9,"column":40},"end":{"line":15,"column":null}},"line":9},"1":{"name":"saveSpecialCost","decl":{"start":{"line":22,"column":22},"end":{"line":22,"column":37}},"loc":{"start":{"line":22,"column":44},"end":{"line":37,"column":null}},"line":22},"2":{"name":"deleteSpecialCost","decl":{"start":{"line":44,"column":22},"end":{"line":44,"column":39}},"loc":{"start":{"line":44,"column":44},"end":{"line":51,"column":null}},"line":44}},"branchMap":{"0":{"loc":{"start":{"line":11,"column":2},"end":{"line":13,"column":null}},"type":"if","locations":[{"start":{"line":11,"column":2},"end":{"line":13,"column":null}},{"start":{},"end":{}}],"line":11},"1":{"loc":{"start":{"line":30,"column":2},"end":{"line":32,"column":null}},"type":"if","locations":[{"start":{"line":30,"column":2},"end":{"line":32,"column":null}},{"start":{},"end":{}}],"line":30},"2":{"loc":{"start":{"line":36,"column":9},"end":{"line":36,"column":37}},"type":"cond-expr","locations":[{"start":{"line":36,"column":16},"end":{"line":36,"column":32}},{"start":{"line":36,"column":35},"end":{"line":36,"column":37}}],"line":36},"3":{"loc":{"start":{"line":48,"column":2},"end":{"line":50,"column":null}},"type":"if","locations":[{"start":{"line":48,"column":2},"end":{"line":50,"column":null}},{"start":{},"end":{}}],"line":48}},"s":{"0":4,"1":0,"2":0,"3":0,"4":0,"5":0,"6":0,"7":0,"8":0,"9":0,"10":1,"11":1,"12":0},"f":{"0":0,"1":0,"2":1},"b":{"0":[0,0],"1":[0,0],"2":[0,0],"3":[0,1]},"meta":{"lastBranch":4,"lastFunction":3,"lastStatement":13,"seen":{"s:3:16:3:35":0,"f:9:22:9:37":0,"s:10:19:10:39":1,"b:11:2:13:Infinity:undefined:undefined:undefined:undefined":0,"s:11:2:13:Infinity":2,"s:12:4:12:Infinity":3,"s:14:2:14:Infinity":4,"f:22:22:22:37":1,"s:23:19:29:4":5,"b:30:2:32:Infinity:undefined:undefined:undefined:undefined":1,"s:30:2:32:Infinity":6,"s:31:4:31:Infinity":7,"s:35:15:35:36":8,"s:36:2:36:Infinity":9,"b:36:16:36:32:36:35:36:37":2,"f:44:22:44:39":2,"s:45:19:47:4":10,"b:48:2:50:Infinity:undefined:undefined:undefined:undefined":3,"s:48:2:50:Infinity":11,"s:49:4:49:Infinity":12}}}
,"/home/markus/workspace/finance-app/frontend/src/services/statistics.js": {"path":"/home/markus/workspace/finance-app/frontend/src/services/statistics.js","statementMap":{"0":{"start":{"line":4,"column":33},"end":{"line":19,"column":1}},"1":{"start":{"line":11,"column":21},"end":{"line":11,"column":59}},"2":{"start":{"line":13,"column":4},"end":{"line":15,"column":null}},"3":{"start":{"line":14,"column":6},"end":{"line":14,"column":null}},"4":{"start":{"line":17,"column":4},"end":{"line":17,"column":null}}},"fnMap":{"0":{"name":"(anonymous_0)","decl":{"start":{"line":10,"column":8},"end":{"line":10,"column":28}},"loc":{"start":{"line":10,"column":31},"end":{"line":18,"column":3}},"line":10}},"branchMap":{"0":{"loc":{"start":{"line":13,"column":4},"end":{"line":15,"column":null}},"type":"if","locations":[{"start":{"line":13,"column":4},"end":{"line":15,"column":null}},{"start":{},"end":{}}],"line":13}},"s":{"0":1,"1":0,"2":0,"3":0,"4":0},"f":{"0":0},"b":{"0":[0,0]},"meta":{"lastBranch":1,"lastFunction":1,"lastStatement":5,"seen":{"s:4:33:19:1":0,"f:10:8:10:28":0,"s:11:21:11:59":1,"b:13:4:15:Infinity:undefined:undefined:undefined:undefined":0,"s:13:4:15:Infinity":2,"s:14:6:14:Infinity":3,"s:17:4:17:Infinity":4}}}
,"/home/markus/workspace/finance-app/frontend/src/services/user.js": {"path":"/home/markus/workspace/finance-app/frontend/src/services/user.js","statementMap":{"0":{"start":{"line":5,"column":27},"end":{"line":27,"column":1}},"1":{"start":{"line":13,"column":21},"end":{"line":19,"column":6}},"2":{"start":{"line":21,"column":4},"end":{"line":23,"column":null}},"3":{"start":{"line":22,"column":6},"end":{"line":22,"column":null}},"4":{"start":{"line":25,"column":4},"end":{"line":25,"column":null}}},"fnMap":{"0":{"name":"(anonymous_0)","decl":{"start":{"line":12,"column":8},"end":{"line":12,"column":27}},"loc":{"start":{"line":12,"column":36},"end":{"line":26,"column":3}},"line":12}},"branchMap":{"0":{"loc":{"start":{"line":21,"column":4},"end":{"line":23,"column":null}},"type":"if","locations":[{"start":{"line":21,"column":4},"end":{"line":23,"column":null}},{"start":{},"end":{}}],"line":21}},"s":{"0":2,"1":0,"2":0,"3":0,"4":0},"f":{"0":0},"b":{"0":[0,0]},"meta":{"lastBranch":1,"lastFunction":1,"lastStatement":5,"seen":{"s:5:27:27:1":0,"f:12:8:12:27":0,"s:13:21:19:6":1,"b:21:4:23:Infinity:undefined:undefined:undefined:undefined":0,"s:21:4:23:Infinity":2,"s:22:6:22:Infinity":3,"s:25:4:25:Infinity":4}}}
}
