{"/home/markus/workspace/finance-app/frontend/src/Layout.vue": {"path":"/home/markus/workspace/finance-app/frontend/src/Layout.vue","statementMap":{"0":{"start":{"line":64,"column":15},"end":{"line":71,"column":null}},"1":{"start":{"line":68,"column":15},"end":{"line":70,"column":3}},"2":{"start":{"line":3,"column":34},"end":{"line":3,"column":42}},"3":{"start":{"line":41,"column":41},"end":{"line":41,"column":57}}},"fnMap":{"0":{"name":"(anonymous_0)","decl":{"start":{"line":68,"column":8},"end":{"line":68,"column":9}},"loc":{"start":{"line":68,"column":15},"end":{"line":70,"column":3}},"line":68},"1":{"name":"(anonymous_1)","decl":{"start":{"line":3,"column":34},"end":{"line":3,"column":40}},"loc":{"start":{"line":3,"column":34},"end":{"line":3,"column":42}},"line":3},"2":{"name":"(anonymous_2)","decl":{"start":{"line":41,"column":34},"end":{"line":41,"column":41}},"loc":{"start":{"line":41,"column":41},"end":{"line":41,"column":57}},"line":41}},"branchMap":{"0":{"loc":{"start":{"line":3,"column":34},"end":{"line":3,"column":42}},"type":"binary-expr","locations":[{"start":{"line":3,"column":34},"end":{"line":3,"column":40}},{"start":{"line":3,"column":34},"end":{"line":3,"column":42}}],"line":3},"1":{"loc":{"start":{"line":41,"column":34},"end":{"line":41,"column":59}},"type":"binary-expr","locations":[{"start":{"line":41,"column":34},"end":{"line":41,"column":41}},{"start":{"line":41,"column":34},"end":{"line":41,"column":59}}],"line":41}},"s":{"0":1,"1":12,"2":0,"3":1},"f":{"0":12,"1":0,"2":1},"b":{"0":[13,12],"1":[36,12]},"meta":{"lastBranch":2,"lastFunction":3,"lastStatement":4,"seen":{"s:64:15:71:Infinity":0,"f:68:8:68:9":0,"s:68:15:70:3":1,"b:3:34:3:40:3:34:3:42":0,"f:3:34:3:40":1,"s:3:34:3:42":2,"b:41:34:41:41:41:34:41:59":1,"f:41:34:41:41":2,"s:41:41:41:57":3}}}
,"/home/markus/workspace/finance-app/frontend/src/components/DeleteButton.vue": {"path":"/home/markus/workspace/finance-app/frontend/src/components/DeleteButton.vue","statementMap":{"0":{"start":{"line":29,"column":15},"end":{"line":36,"column":1}},"1":{"start":{"line":32,"column":4},"end":{"line":34,"column":null}},"2":{"start":{"line":2,"column":21},"end":{"line":2,"column":27}},"3":{"start":{"line":22,"column":23},"end":{"line":22,"column":37}},"4":{"start":{"line":23,"column":23},"end":{"line":23,"column":37}},"5":{"start":{"line":23,"column":37},"end":{"line":23,"column":55}}},"fnMap":{"0":{"name":"(anonymous_0)","decl":{"start":{"line":31,"column":2},"end":{"line":31,"column":6}},"loc":{"start":{"line":31,"column":9},"end":{"line":35,"column":null}},"line":31},"1":{"name":"(anonymous_1)","decl":{"start":{"line":2,"column":21},"end":{"line":2,"column":25}},"loc":{"start":{"line":2,"column":21},"end":{"line":2,"column":27}},"line":2},"2":{"name":"(anonymous_2)","decl":{"start":{"line":22,"column":21},"end":{"line":22,"column":23}},"loc":{"start":{"line":22,"column":23},"end":{"line":22,"column":37}},"line":22},"3":{"name":"(anonymous_3)","decl":{"start":{"line":23,"column":21},"end":{"line":23,"column":23}},"loc":{"start":{"line":23,"column":21},"end":{"line":23,"column":55}},"line":23}},"branchMap":{"0":{"loc":{"start":{"line":2,"column":21},"end":{"line":2,"column":27}},"type":"binary-expr","locations":[{"start":{"line":2,"column":21},"end":{"line":2,"column":25}},{"start":{"line":2,"column":21},"end":{"line":2,"column":27}}],"line":2},"1":{"loc":{"start":{"line":13,"column":11},"end":{"line":15,"column":21}},"type":"binary-expr","locations":[{"start":{"line":13,"column":11},"end":{"line":13,"column":null}},{"start":{"line":13,"column":11},"end":{"line":15,"column":21}}],"line":13},"2":{"loc":{"start":{"line":15,"column":37},"end":{"line":16,"column":12}},"type":"binary-expr","locations":[{"start":{"line":15,"column":37},"end":{"line":15,"column":null}},{"start":{"line":15,"column":37},"end":{"line":16,"column":12}}],"line":15},"3":{"loc":{"start":{"line":18,"column":8},"end":{"line":18,"column":36}},"type":"binary-expr","locations":[{"start":{"line":18,"column":8},"end":{"line":18,"column":11}},{"start":{"line":18,"column":8},"end":{"line":18,"column":36}}],"line":18},"4":{"loc":{"start":{"line":22,"column":21},"end":{"line":22,"column":37}},"type":"binary-expr","locations":[{"start":{"line":22,"column":21},"end":{"line":22,"column":23}},{"start":{"line":22,"column":21},"end":{"line":22,"column":37}}],"line":22},"5":{"loc":{"start":{"line":23,"column":21},"end":{"line":23,"column":55}},"type":"binary-expr","locations":[{"start":{"line":23,"column":21},"end":{"line":23,"column":23}},{"start":{"line":23,"column":21},"end":{"line":23,"column":55}}],"line":23}},"s":{"0":8,"1":35,"2":0,"3":0,"4":0,"5":0},"f":{"0":35,"1":0,"2":0,"3":0},"b":{"0":[36,35],"1":[2,1],"2":[2,1],"3":[2,1],"4":[2,1],"5":[2,1]},"meta":{"lastBranch":6,"lastFunction":4,"lastStatement":6,"seen":{"s:29:15:36:1":0,"f:31:2:31:6":0,"s:32:4:34:Infinity":1,"b:2:21:2:25:2:21:2:27":0,"f:2:21:2:25":1,"s:2:21:2:27":2,"b:13:11:13:Infinity:13:11:15:21":1,"b:15:37:15:Infinity:15:37:16:12":2,"b:18:8:18:11:18:8:18:36":3,"b:22:21:22:23:22:21:22:37":4,"f:22:21:22:23":2,"s:22:23:22:37":3,"b:23:21:23:23:23:21:23:55":5,"f:23:21:23:23":3,"s:23:23:23:37":4,"s:23:37:23:55":5}}}
,"/home/markus/workspace/finance-app/frontend/src/components/FixedCostTable.vue": {"path":"/home/markus/workspace/finance-app/frontend/src/components/FixedCostTable.vue","statementMap":{"0":{"start":{"line":45,"column":15},"end":{"line":89,"column":1}},"1":{"start":{"line":57,"column":33},"end":{"line":57,"column":47}},"2":{"start":{"line":58,"column":4},"end":{"line":58,"column":null}},"3":{"start":{"line":61,"column":26},"end":{"line":61,"column":38}},"4":{"start":{"line":63,"column":6},"end":{"line":66,"column":null}},"5":{"start":{"line":64,"column":8},"end":{"line":64,"column":null}},"6":{"start":{"line":64,"column":23},"end":{"line":64,"column":null}},"7":{"start":{"line":65,"column":8},"end":{"line":65,"column":null}},"8":{"start":{"line":71,"column":27},"end":{"line":71,"column":49}},"9":{"start":{"line":72,"column":22},"end":{"line":78,"column":9}},"10":{"start":{"line":72,"column":47},"end":{"line":78,"column":7}},"11":{"start":{"line":79,"column":6},"end":{"line":85,"column":null}},"12":{"start":{"line":86,"column":6},"end":{"line":86,"column":null}},"13":{"start":{"line":20,"column":15},"end":{"line":20,"column":null}},"14":{"start":{"line":22,"column":55},"end":{"line":22,"column":87}}},"fnMap":{"0":{"name":"(anonymous_0)","decl":{"start":{"line":56,"column":2},"end":{"line":56,"column":7}},"loc":{"start":{"line":56,"column":10},"end":{"line":59,"column":3}},"line":56},"1":{"name":"(anonymous_1)","decl":{"start":{"line":61,"column":15},"end":{"line":61,"column":16}},"loc":{"start":{"line":61,"column":26},"end":{"line":61,"column":38}},"line":61},"2":{"name":"(anonymous_2)","decl":{"start":{"line":62,"column":4},"end":{"line":62,"column":10}},"loc":{"start":{"line":62,"column":17},"end":{"line":67,"column":null}},"line":62},"3":{"name":"(anonymous_3)","decl":{"start":{"line":63,"column":25},"end":{"line":63,"column":27}},"loc":{"start":{"line":63,"column":32},"end":{"line":66,"column":7}},"line":63},"4":{"name":"(anonymous_4)","decl":{"start":{"line":70,"column":4},"end":{"line":70,"column":22}},"loc":{"start":{"line":70,"column":25},"end":{"line":87,"column":null}},"line":70},"5":{"name":"(anonymous_5)","decl":{"start":{"line":72,"column":39},"end":{"line":72,"column":41}},"loc":{"start":{"line":72,"column":47},"end":{"line":78,"column":7}},"line":72},"6":{"name":"(anonymous_6)","decl":{"start":{"line":22,"column":53},"end":{"line":22,"column":55}},"loc":{"start":{"line":22,"column":55},"end":{"line":22,"column":87}},"line":22}},"branchMap":{"0":{"loc":{"start":{"line":61,"column":26},"end":{"line":61,"column":38}},"type":"cond-expr","locations":[{"start":{"line":61,"column":30},"end":{"line":61,"column":35}},{"start":{"line":61,"column":37},"end":{"line":61,"column":38}}],"line":61},"1":{"loc":{"start":{"line":64,"column":8},"end":{"line":64,"column":null}},"type":"if","locations":[{"start":{"line":64,"column":8},"end":{"line":64,"column":null}},{"start":{},"end":{}}],"line":64}},"s":{"0":2,"1":8,"2":8,"3":32,"4":8,"5":16,"6":16,"7":0,"8":8,"9":8,"10":16,"11":8,"12":8,"13":2,"14":0},"f":{"0":8,"1":32,"2":8,"3":16,"4":8,"5":16,"6":0},"b":{"0":[0,32],"1":[16,0]},"meta":{"lastBranch":2,"lastFunction":7,"lastStatement":15,"seen":{"s:45:15:89:1":0,"f:56:2:56:7":0,"s:57:33:57:47":1,"s:58:4:58:Infinity":2,"f:61:15:61:16":1,"s:61:26:61:38":3,"b:61:30:61:35:61:37:61:38":0,"f:62:4:62:10":2,"s:63:6:66:Infinity":4,"f:63:25:63:27":3,"b:64:8:64:Infinity:undefined:undefined:undefined:undefined":1,"s:64:8:64:Infinity":5,"s:64:23:64:Infinity":6,"s:65:8:65:Infinity":7,"f:70:4:70:22":4,"s:71:27:71:49":8,"s:72:22:78:9":9,"f:72:39:72:41":5,"s:72:47:78:7":10,"s:79:6:85:Infinity":11,"s:86:6:86:Infinity":12,"s:20:15:20:Infinity":13,"f:22:53:22:55":6,"s:22:55:22:87":14}}}
,"/home/markus/workspace/finance-app/frontend/src/components/FixedCosts.vue": {"path":"/home/markus/workspace/finance-app/frontend/src/components/FixedCosts.vue","statementMap":{"0":{"start":{"line":72,"column":20},"end":{"line":83,"column":1}},"1":{"start":{"line":86,"column":2},"end":{"line":88,"column":null}},"2":{"start":{"line":87,"column":4},"end":{"line":87,"column":null}},"3":{"start":{"line":89,"column":15},"end":{"line":89,"column":31}},"4":{"start":{"line":90,"column":2},"end":{"line":90,"column":null}},"5":{"start":{"line":91,"column":2},"end":{"line":91,"column":null}},"6":{"start":{"line":94,"column":21},"end":{"line":96,"column":2}},"7":{"start":{"line":98,"column":23},"end":{"line":100,"column":2}},"8":{"start":{"line":102,"column":19},"end":{"line":104,"column":2}},"9":{"start":{"line":106,"column":15},"end":{"line":182,"column":1}},"10":{"start":{"line":112,"column":4},"end":{"line":126,"column":null}},"11":{"start":{"line":130,"column":6},"end":{"line":130,"column":null}},"12":{"start":{"line":133,"column":6},"end":{"line":158,"column":null}},"13":{"start":{"line":162,"column":17},"end":{"line":162,"column":51}},"14":{"start":{"line":163,"column":4},"end":{"line":163,"column":null}},"15":{"start":{"line":164,"column":4},"end":{"line":164,"column":null}},"16":{"start":{"line":165,"column":4},"end":{"line":165,"column":null}},"17":{"start":{"line":166,"column":4},"end":{"line":166,"column":null}},"18":{"start":{"line":168,"column":4},"end":{"line":168,"column":null}},"19":{"start":{"line":172,"column":6},"end":{"line":172,"column":null}},"20":{"start":{"line":173,"column":19},"end":{"line":173,"column":53}},"21":{"start":{"line":174,"column":6},"end":{"line":174,"column":null}},"22":{"start":{"line":175,"column":6},"end":{"line":175,"column":null}},"23":{"start":{"line":176,"column":6},"end":{"line":176,"column":null}},"24":{"start":{"line":177,"column":6},"end":{"line":177,"column":null}},"25":{"start":{"line":179,"column":6},"end":{"line":179,"column":null}},"26":{"start":{"line":31,"column":29},"end":{"line":31,"column":34}},"27":{"start":{"line":39,"column":31},"end":{"line":39,"column":null}}},"fnMap":{"0":{"name":"cols","decl":{"start":{"line":85,"column":9},"end":{"line":85,"column":13}},"loc":{"start":{"line":85,"column":38},"end":{"line":92,"column":null}},"line":85},"1":{"name":"(anonymous_1)","decl":{"start":{"line":111,"column":2},"end":{"line":111,"column":6}},"loc":{"start":{"line":111,"column":9},"end":{"line":127,"column":3}},"line":111},"2":{"name":"(anonymous_2)","decl":{"start":{"line":129,"column":4},"end":{"line":129,"column":25}},"loc":{"start":{"line":129,"column":28},"end":{"line":131,"column":5}},"line":129},"3":{"name":"(anonymous_3)","decl":{"start":{"line":132,"column":4},"end":{"line":132,"column":14}},"loc":{"start":{"line":132,"column":17},"end":{"line":159,"column":null}},"line":132},"4":{"name":"(anonymous_4)","decl":{"start":{"line":161,"column":2},"end":{"line":161,"column":9}},"loc":{"start":{"line":161,"column":28},"end":{"line":169,"column":3}},"line":161},"5":{"name":"(anonymous_5)","decl":{"start":{"line":171,"column":10},"end":{"line":171,"column":20}},"loc":{"start":{"line":171,"column":27},"end":{"line":180,"column":null}},"line":171},"6":{"name":"(anonymous_6)","decl":{"start":{"line":31,"column":29},"end":{"line":31,"column":32}},"loc":{"start":{"line":31,"column":29},"end":{"line":31,"column":34}},"line":31},"7":{"name":"(anonymous_7)","decl":{"start":{"line":39,"column":31},"end":{"line":39,"column":34}},"loc":{"start":{"line":39,"column":31},"end":{"line":39,"column":null}},"line":39}},"branchMap":{"0":{"loc":{"start":{"line":85,"column":14},"end":{"line":85,"column":36}},"type":"default-arg","locations":[{"start":{"line":85,"column":31},"end":{"line":85,"column":36}}],"line":85},"1":{"loc":{"start":{"line":86,"column":2},"end":{"line":88,"column":null}},"type":"if","locations":[{"start":{"line":86,"column":2},"end":{"line":88,"column":null}},{"start":{},"end":{}}],"line":86},"2":{"loc":{"start":{"line":13,"column":14},"end":{"line":13,"column":101}},"type":"binary-expr","locations":[{"start":{"line":13,"column":14},"end":{"line":13,"column":20}},{"start":{"line":13,"column":14},"end":{"line":13,"column":101}}],"line":13},"3":{"loc":{"start":{"line":15,"column":25},"end":{"line":15,"column":null}},"type":"cond-expr","locations":[{"start":{"line":15,"column":39},"end":{"line":15,"column":null}},{"start":{"line":15,"column":39},"end":{"line":15,"column":null}}],"line":15},"4":{"loc":{"start":{"line":31,"column":29},"end":{"line":31,"column":34}},"type":"binary-expr","locations":[{"start":{"line":31,"column":29},"end":{"line":31,"column":32}},{"start":{"line":31,"column":29},"end":{"line":31,"column":34}}],"line":31},"5":{"loc":{"start":{"line":39,"column":31},"end":{"line":39,"column":null}},"type":"binary-expr","locations":[{"start":{"line":39,"column":31},"end":{"line":39,"column":34}},{"start":{"line":39,"column":31},"end":{"line":39,"column":null}}],"line":39}},"s":{"0":1,"1":13,"2":10,"3":3,"4":3,"5":3,"6":1,"7":1,"8":1,"9":1,"10":10,"11":19,"12":19,"13":10,"14":9,"15":9,"16":9,"17":9,"18":9,"19":0,"20":0,"21":0,"22":0,"23":0,"24":0,"25":0,"26":10,"27":10},"f":{"0":13,"1":10,"2":19,"3":19,"4":1,"5":0,"6":10,"7":10},"b":{"0":[13],"1":[10,3],"2":[28,10],"3":[19,9],"4":[29,10],"5":[29,10]},"meta":{"lastBranch":0,"lastFunction":0,"lastStatement":0,"seen":{}}}
,"/home/markus/workspace/finance-app/frontend/src/components/LoadablePage.js": {"path":"/home/markus/workspace/finance-app/frontend/src/components/LoadablePage.js","statementMap":{"0":{"start":{"line":4,"column":4},"end":{"line":6,"column":null}},"1":{"start":{"line":10,"column":6},"end":{"line":18,"column":null}},"2":{"start":{"line":11,"column":25},"end":{"line":11,"column":41}},"3":{"start":{"line":12,"column":23},"end":{"line":12,"column":44}},"4":{"start":{"line":13,"column":8},"end":{"line":13,"column":null}},"5":{"start":{"line":14,"column":8},"end":{"line":14,"column":null}},"6":{"start":{"line":16,"column":8},"end":{"line":16,"column":null}},"7":{"start":{"line":17,"column":8},"end":{"line":17,"column":null}}},"fnMap":{"0":{"name":"(anonymous_0)","decl":{"start":{"line":3,"column":2},"end":{"line":3,"column":6}},"loc":{"start":{"line":3,"column":9},"end":{"line":7,"column":3}},"line":3},"1":{"name":"(anonymous_1)","decl":{"start":{"line":9,"column":4},"end":{"line":9,"column":13}},"loc":{"start":{"line":9,"column":35},"end":{"line":19,"column":null}},"line":9}},"branchMap":{},"s":{"0":35,"1":32,"2":32,"3":29,"4":28,"5":28,"6":3,"7":3},"f":{"0":35,"1":7},"b":{},"meta":{"lastBranch":0,"lastFunction":2,"lastStatement":8,"seen":{"f:3:2:3:6":0,"s:4:4:6:Infinity":0,"f:9:4:9:13":1,"s:10:6:18:Infinity":1,"s:11:25:11:41":2,"s:12:23:12:44":3,"s:13:8:13:Infinity":4,"s:14:8:14:Infinity":5,"s:16:8:16:Infinity":6,"s:17:8:17:Infinity":7}}}
,"/home/markus/workspace/finance-app/frontend/src/components/ResponsiveDateCol.vue": {"path":"/home/markus/workspace/finance-app/frontend/src/components/ResponsiveDateCol.vue","statementMap":{"0":{"start":{"line":27,"column":15},"end":{"line":44,"column":1}},"1":{"start":{"line":31,"column":6},"end":{"line":31,"column":null}},"2":{"start":{"line":35,"column":4},"end":{"line":37,"column":null}},"3":{"start":{"line":41,"column":6},"end":{"line":41,"column":null}},"4":{"start":{"line":2,"column":6},"end":{"line":2,"column":null}},"5":{"start":{"line":3,"column":23},"end":{"line":3,"column":31}}},"fnMap":{"0":{"name":"(anonymous_0)","decl":{"start":{"line":30,"column":4},"end":{"line":30,"column":11}},"loc":{"start":{"line":30,"column":14},"end":{"line":32,"column":null}},"line":30},"1":{"name":"(anonymous_1)","decl":{"start":{"line":34,"column":2},"end":{"line":34,"column":6}},"loc":{"start":{"line":34,"column":9},"end":{"line":38,"column":3}},"line":34},"2":{"name":"(anonymous_2)","decl":{"start":{"line":40,"column":4},"end":{"line":40,"column":15}},"loc":{"start":{"line":40,"column":27},"end":{"line":42,"column":null}},"line":40},"3":{"name":"(anonymous_3)","decl":{"start":{"line":3,"column":23},"end":{"line":3,"column":29}},"loc":{"start":{"line":3,"column":23},"end":{"line":3,"column":31}},"line":3}},"branchMap":{"0":{"loc":{"start":{"line":31,"column":16},"end":{"line":31,"column":48}},"type":"binary-expr","locations":[{"start":{"line":31,"column":16},"end":{"line":31,"column":30}},{"start":{"line":31,"column":35},"end":{"line":31,"column":48}}],"line":31},"1":{"loc":{"start":{"line":3,"column":23},"end":{"line":3,"column":31}},"type":"binary-expr","locations":[{"start":{"line":3,"column":23},"end":{"line":3,"column":29}},{"start":{"line":3,"column":23},"end":{"line":3,"column":31}}],"line":3},"2":{"loc":{"start":{"line":11,"column":33},"end":{"line":13,"column":23}},"type":"binary-expr","locations":[{"start":{"line":11,"column":33},"end":{"line":11,"column":null}},{"start":{"line":11,"column":33},"end":{"line":13,"column":23}}],"line":11},"3":{"loc":{"start":{"line":15,"column":31},"end":{"line":17,"column":23}},"type":"binary-expr","locations":[{"start":{"line":15,"column":31},"end":{"line":15,"column":null}},{"start":{"line":15,"column":31},"end":{"line":17,"column":23}}],"line":15}},"s":{"0":3,"1":7,"2":7,"3":6,"4":3,"5":0},"f":{"0":7,"1":7,"2":6,"3":0},"b":{"0":[7,2],"1":[8,6],"2":[4,2],"3":[2,1]},"meta":{"lastBranch":4,"lastFunction":4,"lastStatement":6,"seen":{"s:27:15:44:1":0,"f:30:4:30:11":0,"s:31:6:31:Infinity":1,"b:31:16:31:30:31:35:31:48":0,"f:34:2:34:6":1,"s:35:4:37:Infinity":2,"f:40:4:40:15":2,"s:41:6:41:Infinity":3,"s:2:6:2:Infinity":4,"b:3:23:3:29:3:23:3:31":1,"f:3:23:3:29":3,"s:3:23:3:31":5,"b:11:33:11:Infinity:11:33:13:23":2,"b:15:31:15:Infinity:15:31:17:23":3}}}
,"/home/markus/workspace/finance-app/frontend/src/components/SpecialCosts.vue": {"path":"/home/markus/workspace/finance-app/frontend/src/components/SpecialCosts.vue","statementMap":{"0":{"start":{"line":52,"column":13},"end":{"line":56,"column":1}},"1":{"start":{"line":58,"column":19},"end":{"line":70,"column":1}},"2":{"start":{"line":59,"column":13},"end":{"line":59,"column":38}},"3":{"start":{"line":61,"column":2},"end":{"line":69,"column":null}},"4":{"start":{"line":72,"column":15},"end":{"line":108,"column":1}},"5":{"start":{"line":79,"column":4},"end":{"line":82,"column":null}},"6":{"start":{"line":86,"column":17},"end":{"line":91,"column":10}},"7":{"start":{"line":86,"column":39},"end":{"line":91,"column":8}},"8":{"start":{"line":92,"column":7},"end":{"line":92,"column":null}},"9":{"start":{"line":93,"column":7},"end":{"line":93,"column":null}},"10":{"start":{"line":97,"column":26},"end":{"line":97,"column":38}},"11":{"start":{"line":99,"column":6},"end":{"line":99,"column":null}},"12":{"start":{"line":100,"column":19},"end":{"line":100,"column":60}},"13":{"start":{"line":101,"column":6},"end":{"line":101,"column":null}},"14":{"start":{"line":105,"column":17},"end":{"line":105,"column":58}},"15":{"start":{"line":106,"column":4},"end":{"line":106,"column":null}},"16":{"start":{"line":26,"column":61},"end":{"line":26,"column":80}}},"fnMap":{"0":{"name":"(anonymous_0)","decl":{"start":{"line":58,"column":19},"end":{"line":58,"column":22}},"loc":{"start":{"line":58,"column":27},"end":{"line":70,"column":1}},"line":58},"1":{"name":"(anonymous_1)","decl":{"start":{"line":78,"column":2},"end":{"line":78,"column":6}},"loc":{"start":{"line":78,"column":9},"end":{"line":83,"column":3}},"line":78},"2":{"name":"(anonymous_2)","decl":{"start":{"line":85,"column":4},"end":{"line":85,"column":11}},"loc":{"start":{"line":85,"column":14},"end":{"line":94,"column":null}},"line":85},"3":{"name":"(anonymous_3)","decl":{"start":{"line":86,"column":31},"end":{"line":86,"column":33}},"loc":{"start":{"line":86,"column":39},"end":{"line":91,"column":8}},"line":86},"4":{"name":"(anonymous_4)","decl":{"start":{"line":97,"column":15},"end":{"line":97,"column":16}},"loc":{"start":{"line":97,"column":26},"end":{"line":97,"column":38}},"line":97},"5":{"name":"(anonymous_5)","decl":{"start":{"line":98,"column":10},"end":{"line":98,"column":20}},"loc":{"start":{"line":98,"column":27},"end":{"line":102,"column":null}},"line":98},"6":{"name":"(anonymous_6)","decl":{"start":{"line":104,"column":2},"end":{"line":104,"column":9}},"loc":{"start":{"line":104,"column":28},"end":{"line":107,"column":null}},"line":104},"7":{"name":"(anonymous_7)","decl":{"start":{"line":26,"column":59},"end":{"line":26,"column":61}},"loc":{"start":{"line":26,"column":61},"end":{"line":26,"column":80}},"line":26}},"branchMap":{"0":{"loc":{"start":{"line":61,"column":9},"end":{"line":69,"column":7}},"type":"cond-expr","locations":[{"start":{"line":62,"column":6},"end":{"line":65,"column":null}},{"start":{"line":66,"column":6},"end":{"line":69,"column":7}}],"line":61},"1":{"loc":{"start":{"line":97,"column":26},"end":{"line":97,"column":38}},"type":"cond-expr","locations":[{"start":{"line":97,"column":30},"end":{"line":97,"column":35}},{"start":{"line":97,"column":37},"end":{"line":97,"column":38}}],"line":97}},"s":{"0":1,"1":1,"2":6,"3":6,"4":1,"5":6,"6":6,"7":18,"8":6,"9":6,"10":36,"11":0,"12":0,"13":0,"14":6,"15":6,"16":0},"f":{"0":6,"1":6,"2":6,"3":18,"4":36,"5":0,"6":1,"7":0},"b":{"0":[6,0],"1":[24,12]},"meta":{"lastBranch":2,"lastFunction":8,"lastStatement":17,"seen":{"s:52:13:56:1":0,"s:58:19:70:1":1,"f:58:19:58:22":0,"s:59:13:59:38":2,"s:61:2:69:Infinity":3,"b:62:6:65:Infinity:66:6:69:7":0,"s:72:15:108:1":4,"f:78:2:78:6":1,"s:79:4:82:Infinity":5,"f:85:4:85:11":2,"s:86:17:91:10":6,"f:86:31:86:33":3,"s:86:39:91:8":7,"s:92:7:92:Infinity":8,"s:93:7:93:Infinity":9,"f:97:15:97:16":4,"s:97:26:97:38":10,"b:97:30:97:35:97:37:97:38":1,"f:98:10:98:20":5,"s:99:6:99:Infinity":11,"s:100:19:100:60":12,"s:101:6:101:Infinity":13,"f:104:2:104:9":6,"s:105:17:105:58":14,"s:106:4:106:Infinity":15,"f:26:59:26:61":7,"s:26:61:26:80":16}}}
,"/home/markus/workspace/finance-app/frontend/src/components/Utils.js": {"path":"/home/markus/workspace/finance-app/frontend/src/components/Utils.js","statementMap":{"0":{"start":{"line":1,"column":26},"end":{"line":2,"column":64}},"1":{"start":{"line":2,"column":2},"end":{"line":2,"column":64}},"2":{"start":{"line":5,"column":24},"end":{"line":18,"column":null}},"3":{"start":{"line":20,"column":28},"end":{"line":29,"column":null}},"4":{"start":{"line":21,"column":2},"end":{"line":21,"column":null}},"5":{"start":{"line":21,"column":18},"end":{"line":21,"column":null}},"6":{"start":{"line":23,"column":26},"end":{"line":23,"column":35}},"7":{"start":{"line":25,"column":23},"end":{"line":26,"column":31}},"8":{"start":{"line":28,"column":2},"end":{"line":28,"column":null}},"9":{"start":{"line":31,"column":18},"end":{"line":31,"column":60}},"10":{"start":{"line":31,"column":28},"end":{"line":31,"column":60}},"11":{"start":{"line":33,"column":27},"end":{"line":36,"column":78}},"12":{"start":{"line":34,"column":2},"end":{"line":36,"column":78}},"13":{"start":{"line":35,"column":14},"end":{"line":35,"column":65}},"14":{"start":{"line":35,"column":44},"end":{"line":35,"column":64}},"15":{"start":{"line":36,"column":17},"end":{"line":36,"column":77}},"16":{"start":{"line":36,"column":35},"end":{"line":36,"column":54}},"17":{"start":{"line":39,"column":31},"end":{"line":39,"column":52}},"18":{"start":{"line":40,"column":34},"end":{"line":40,"column":55}},"19":{"start":{"line":42,"column":33},"end":{"line":42,"column":72}},"20":{"start":{"line":42,"column":44},"end":{"line":42,"column":72}},"21":{"start":{"line":43,"column":35},"end":{"line":43,"column":77}},"22":{"start":{"line":43,"column":46},"end":{"line":43,"column":77}},"23":{"start":{"line":44,"column":23},"end":{"line":44,"column":51}},"24":{"start":{"line":44,"column":32},"end":{"line":44,"column":51}},"25":{"start":{"line":46,"column":29},"end":{"line":46,"column":null}},"26":{"start":{"line":46,"column":39},"end":{"line":46,"column":null}},"27":{"start":{"line":46,"column":66},"end":{"line":46,"column":81}},"28":{"start":{"line":49,"column":22},"end":{"line":55,"column":null}},"29":{"start":{"line":50,"column":2},"end":{"line":50,"column":null}},"30":{"start":{"line":50,"column":17},"end":{"line":50,"column":null}},"31":{"start":{"line":51,"column":2},"end":{"line":51,"column":null}},"32":{"start":{"line":51,"column":30},"end":{"line":51,"column":null}},"33":{"start":{"line":52,"column":16},"end":{"line":52,"column":null}},"34":{"start":{"line":53,"column":15},"end":{"line":53,"column":66}},"35":{"start":{"line":53,"column":45},"end":{"line":53,"column":65}},"36":{"start":{"line":54,"column":2},"end":{"line":54,"column":null}},"37":{"start":{"line":54,"column":49},"end":{"line":54,"column":68}},"38":{"start":{"line":57,"column":33},"end":{"line":78,"column":5}},"39":{"start":{"line":58,"column":2},"end":{"line":78,"column":5}},"40":{"start":{"line":80,"column":30},"end":{"line":86,"column":null}},"41":{"start":{"line":80,"column":39},"end":{"line":86,"column":1}},"42":{"start":{"line":88,"column":33},"end":{"line":88,"column":47}},"43":{"start":{"line":92,"column":26},"end":{"line":130,"column":2}},"44":{"start":{"line":92,"column":65},"end":{"line":130,"column":1}},"45":{"start":{"line":96,"column":4},"end":{"line":98,"column":null}},"46":{"start":{"line":103,"column":6},"end":{"line":103,"column":null}},"47":{"start":{"line":111,"column":6},"end":{"line":111,"column":null}},"48":{"start":{"line":114,"column":6},"end":{"line":114,"column":null}},"49":{"start":{"line":114,"column":25},"end":{"line":114,"column":null}},"50":{"start":{"line":118,"column":19},"end":{"line":118,"column":null}},"51":{"start":{"line":120,"column":6},"end":{"line":124,"column":null}},"52":{"start":{"line":126,"column":6},"end":{"line":126,"column":null}}},"fnMap":{"0":{"name":"(anonymous_0)","decl":{"start":{"line":1,"column":26},"end":{"line":1,"column":27}},"loc":{"start":{"line":2,"column":2},"end":{"line":2,"column":64}},"line":2},"1":{"name":"(anonymous_1)","decl":{"start":{"line":20,"column":28},"end":{"line":20,"column":29}},"loc":{"start":{"line":20,"column":75},"end":{"line":29,"column":null}},"line":20},"2":{"name":"(anonymous_2)","decl":{"start":{"line":31,"column":18},"end":{"line":31,"column":19}},"loc":{"start":{"line":31,"column":28},"end":{"line":31,"column":60}},"line":31},"3":{"name":"(anonymous_3)","decl":{"start":{"line":33,"column":27},"end":{"line":33,"column":28}},"loc":{"start":{"line":34,"column":2},"end":{"line":36,"column":78}},"line":34},"4":{"name":"(anonymous_4)","decl":{"start":{"line":35,"column":9},"end":{"line":35,"column":10}},"loc":{"start":{"line":35,"column":14},"end":{"line":35,"column":65}},"line":35},"5":{"name":"(anonymous_5)","decl":{"start":{"line":35,"column":39},"end":{"line":35,"column":40}},"loc":{"start":{"line":35,"column":44},"end":{"line":35,"column":64}},"line":35},"6":{"name":"(anonymous_6)","decl":{"start":{"line":36,"column":9},"end":{"line":36,"column":13}},"loc":{"start":{"line":36,"column":17},"end":{"line":36,"column":77}},"line":36},"7":{"name":"(anonymous_7)","decl":{"start":{"line":36,"column":26},"end":{"line":36,"column":31}},"loc":{"start":{"line":36,"column":35},"end":{"line":36,"column":54}},"line":36},"8":{"name":"(anonymous_8)","decl":{"start":{"line":42,"column":33},"end":{"line":42,"column":40}},"loc":{"start":{"line":42,"column":44},"end":{"line":42,"column":72}},"line":42},"9":{"name":"(anonymous_9)","decl":{"start":{"line":43,"column":35},"end":{"line":43,"column":42}},"loc":{"start":{"line":43,"column":46},"end":{"line":43,"column":77}},"line":43},"10":{"name":"(anonymous_10)","decl":{"start":{"line":44,"column":23},"end":{"line":44,"column":28}},"loc":{"start":{"line":44,"column":32},"end":{"line":44,"column":51}},"line":44},"11":{"name":"(anonymous_11)","decl":{"start":{"line":46,"column":29},"end":{"line":46,"column":30}},"loc":{"start":{"line":46,"column":39},"end":{"line":46,"column":null}},"line":46},"12":{"name":"(anonymous_12)","decl":{"start":{"line":46,"column":48},"end":{"line":46,"column":49}},"loc":{"start":{"line":46,"column":66},"end":{"line":46,"column":81}},"line":46},"13":{"name":"(anonymous_13)","decl":{"start":{"line":49,"column":22},"end":{"line":49,"column":23}},"loc":{"start":{"line":49,"column":34},"end":{"line":55,"column":null}},"line":49},"14":{"name":"(anonymous_14)","decl":{"start":{"line":53,"column":38},"end":{"line":53,"column":41}},"loc":{"start":{"line":53,"column":45},"end":{"line":53,"column":65}},"line":53},"15":{"name":"(anonymous_15)","decl":{"start":{"line":54,"column":42},"end":{"line":54,"column":45}},"loc":{"start":{"line":54,"column":49},"end":{"line":54,"column":68}},"line":54},"16":{"name":"(anonymous_16)","decl":{"start":{"line":57,"column":33},"end":{"line":57,"column":37}},"loc":{"start":{"line":58,"column":2},"end":{"line":78,"column":5}},"line":58},"17":{"name":"(anonymous_17)","decl":{"start":{"line":80,"column":30},"end":{"line":80,"column":34}},"loc":{"start":{"line":80,"column":39},"end":{"line":86,"column":1}},"line":80},"18":{"name":"(anonymous_18)","decl":{"start":{"line":92,"column":26},"end":{"line":92,"column":27}},"loc":{"start":{"line":92,"column":65},"end":{"line":130,"column":1}},"line":92},"19":{"name":"(anonymous_19)","decl":{"start":{"line":95,"column":2},"end":{"line":95,"column":6}},"loc":{"start":{"line":95,"column":9},"end":{"line":99,"column":3}},"line":95},"20":{"name":"(anonymous_20)","decl":{"start":{"line":102,"column":4},"end":{"line":102,"column":11}},"loc":{"start":{"line":102,"column":14},"end":{"line":104,"column":null}},"line":102},"21":{"name":"(anonymous_21)","decl":{"start":{"line":110,"column":4},"end":{"line":110,"column":9}},"loc":{"start":{"line":110,"column":16},"end":{"line":112,"column":5}},"line":110},"22":{"name":"(anonymous_22)","decl":{"start":{"line":113,"column":4},"end":{"line":113,"column":14}},"loc":{"start":{"line":113,"column":21},"end":{"line":115,"column":5}},"line":113},"23":{"name":"(anonymous_23)","decl":{"start":{"line":114,"column":13},"end":{"line":114,"column":21}},"loc":{"start":{"line":114,"column":25},"end":{"line":114,"column":null}},"line":114},"24":{"name":"(anonymous_24)","decl":{"start":{"line":116,"column":4},"end":{"line":116,"column":12}},"loc":{"start":{"line":116,"column":32},"end":{"line":127,"column":null}},"line":116}},"branchMap":{"0":{"loc":{"start":{"line":20,"column":40},"end":{"line":20,"column":57}},"type":"default-arg","locations":[{"start":{"line":20,"column":53},"end":{"line":20,"column":57}}],"line":20},"1":{"loc":{"start":{"line":20,"column":59},"end":{"line":20,"column":70}},"type":"default-arg","locations":[{"start":{"line":20,"column":67},"end":{"line":20,"column":70}}],"line":20},"2":{"loc":{"start":{"line":21,"column":2},"end":{"line":21,"column":null}},"type":"if","locations":[{"start":{"line":21,"column":2},"end":{"line":21,"column":null}},{"start":{},"end":{}}],"line":21},"3":{"loc":{"start":{"line":25,"column":23},"end":{"line":26,"column":31}},"type":"cond-expr","locations":[{"start":{"line":26,"column":4},"end":{"line":26,"column":9}},{"start":{"line":26,"column":12},"end":{"line":26,"column":31}}],"line":25},"4":{"loc":{"start":{"line":25,"column":23},"end":{"line":25,"column":60}},"type":"binary-expr","locations":[{"start":{"line":25,"column":23},"end":{"line":25,"column":33}},{"start":{"line":25,"column":37},"end":{"line":25,"column":60}}],"line":25},"5":{"loc":{"start":{"line":31,"column":28},"end":{"line":31,"column":60}},"type":"cond-expr","locations":[{"start":{"line":31,"column":46},"end":{"line":31,"column":50}},{"start":{"line":31,"column":53},"end":{"line":31,"column":60}}],"line":31},"6":{"loc":{"start":{"line":50,"column":2},"end":{"line":50,"column":null}},"type":"if","locations":[{"start":{"line":50,"column":2},"end":{"line":50,"column":null}},{"start":{},"end":{}}],"line":50},"7":{"loc":{"start":{"line":51,"column":2},"end":{"line":51,"column":null}},"type":"if","locations":[{"start":{"line":51,"column":2},"end":{"line":51,"column":null}},{"start":{},"end":{}}],"line":51},"8":{"loc":{"start":{"line":51,"column":6},"end":{"line":51,"column":28}},"type":"binary-expr","locations":[{"start":{"line":51,"column":6},"end":{"line":51,"column":8}},{"start":{"line":51,"column":12},"end":{"line":51,"column":15}},{"start":{"line":51,"column":19},"end":{"line":51,"column":22}},{"start":{"line":51,"column":26},"end":{"line":51,"column":28}}],"line":51},"9":{"loc":{"start":{"line":54,"column":9},"end":{"line":54,"column":69}},"type":"binary-expr","locations":[{"start":{"line":54,"column":9},"end":{"line":54,"column":26}},{"start":{"line":54,"column":30},"end":{"line":54,"column":69}}],"line":54},"10":{"loc":{"start":{"line":58,"column":2},"end":{"line":78,"column":5}},"type":"cond-expr","locations":[{"start":{"line":59,"column":6},"end":{"line":68,"column":null}},{"start":{"line":69,"column":6},"end":{"line":78,"column":5}}],"line":58},"11":{"loc":{"start":{"line":83,"column":10},"end":{"line":83,"column":72}},"type":"cond-expr","locations":[{"start":{"line":83,"column":30},"end":{"line":83,"column":31}},{"start":{"line":83,"column":34},"end":{"line":83,"column":72}}],"line":83},"12":{"loc":{"start":{"line":83,"column":49},"end":{"line":83,"column":71}},"type":"cond-expr","locations":[{"start":{"line":83,"column":65},"end":{"line":83,"column":66}},{"start":{"line":83,"column":69},"end":{"line":83,"column":71}}],"line":83},"13":{"loc":{"start":{"line":84,"column":8},"end":{"line":84,"column":45}},"type":"cond-expr","locations":[{"start":{"line":84,"column":22},"end":{"line":84,"column":38}},{"start":{"line":84,"column":41},"end":{"line":84,"column":45}}],"line":84},"14":{"loc":{"start":{"line":85,"column":6},"end":{"line":85,"column":null}},"type":"cond-expr","locations":[{"start":{"line":85,"column":20},"end":{"line":85,"column":34}},{"start":{"line":85,"column":37},"end":{"line":85,"column":null}}],"line":85},"15":{"loc":{"start":{"line":111,"column":24},"end":{"line":111,"column":77}},"type":"cond-expr","locations":[{"start":{"line":111,"column":54},"end":{"line":111,"column":62}},{"start":{"line":111,"column":65},"end":{"line":111,"column":77}}],"line":111},"16":{"loc":{"start":{"line":111,"column":24},"end":{"line":111,"column":51}},"type":"binary-expr","locations":[{"start":{"line":111,"column":24},"end":{"line":111,"column":33}},{"start":{"line":111,"column":37},"end":{"line":111,"column":51}}],"line":111},"17":{"loc":{"start":{"line":114,"column":62},"end":{"line":114,"column":118}},"type":"cond-expr","locations":[{"start":{"line":114,"column":92},"end":{"line":114,"column":102}},{"start":{"line":114,"column":105},"end":{"line":114,"column":118}}],"line":114},"18":{"loc":{"start":{"line":114,"column":62},"end":{"line":114,"column":89}},"type":"binary-expr","locations":[{"start":{"line":114,"column":62},"end":{"line":114,"column":71}},{"start":{"line":114,"column":75},"end":{"line":114,"column":89}}],"line":114}},"s":{"0":20,"1":95,"2":20,"3":20,"4":85,"5":36,"6":49,"7":49,"8":85,"9":20,"10":180,"11":20,"12":40,"13":180,"14":480,"15":180,"16":480,"17":20,"18":20,"19":20,"20":3,"21":20,"22":2,"23":20,"24":3,"25":20,"26":11,"27":54,"28":20,"29":79,"30":4,"31":75,"32":2,"33":73,"34":73,"35":389,"36":73,"37":329,"38":20,"39":139,"40":20,"41":9,"42":20,"43":20,"44":29,"45":69,"46":69,"47":69,"48":69,"49":2,"50":7,"51":7,"52":7},"f":{"0":95,"1":85,"2":180,"3":40,"4":180,"5":480,"6":180,"7":480,"8":3,"9":2,"10":3,"11":11,"12":54,"13":79,"14":389,"15":329,"16":139,"17":9,"18":29,"19":69,"20":69,"21":69,"22":69,"23":2,"24":29},"b":{"0":[85],"1":[85],"2":[36,49],"3":[1,48],"4":[49,15],"5":[60,120],"6":[4,75],"7":[2,73],"8":[75,74,74,1],"9":[73,71],"10":[74,65],"11":[2,7],"12":[1,6],"13":[6,3],"14":[6,3],"15":[32,37],"16":[69,37],"17":[1,1],"18":[2,1]},"meta":{"lastBranch":19,"lastFunction":25,"lastStatement":53,"seen":{"s:1:26:2:64":0,"f:1:26:1:27":0,"s:2:2:2:64":1,"s:5:24:18:Infinity":2,"s:20:28:29:Infinity":3,"f:20:28:20:29":1,"b:20:53:20:57":0,"b:20:67:20:70":1,"b:21:2:21:Infinity:undefined:undefined:undefined:undefined":2,"s:21:2:21:Infinity":4,"s:21:18:21:Infinity":5,"s:23:26:23:35":6,"s:25:23:26:31":7,"b:26:4:26:9:26:12:26:31":3,"b:25:23:25:33:25:37:25:60":4,"s:28:2:28:Infinity":8,"s:31:18:31:60":9,"f:31:18:31:19":2,"s:31:28:31:60":10,"b:31:46:31:50:31:53:31:60":5,"s:33:27:36:78":11,"f:33:27:33:28":3,"s:34:2:36:78":12,"f:35:9:35:10":4,"s:35:14:35:65":13,"f:35:39:35:40":5,"s:35:44:35:64":14,"f:36:9:36:13":6,"s:36:17:36:77":15,"f:36:26:36:31":7,"s:36:35:36:54":16,"s:39:31:39:52":17,"s:40:34:40:55":18,"s:42:33:42:72":19,"f:42:33:42:40":8,"s:42:44:42:72":20,"s:43:35:43:77":21,"f:43:35:43:42":9,"s:43:46:43:77":22,"s:44:23:44:51":23,"f:44:23:44:28":10,"s:44:32:44:51":24,"s:46:29:46:Infinity":25,"f:46:29:46:30":11,"s:46:39:46:Infinity":26,"f:46:48:46:49":12,"s:46:66:46:81":27,"s:49:22:55:Infinity":28,"f:49:22:49:23":13,"b:50:2:50:Infinity:undefined:undefined:undefined:undefined":6,"s:50:2:50:Infinity":29,"s:50:17:50:Infinity":30,"b:51:2:51:Infinity:undefined:undefined:undefined:undefined":7,"s:51:2:51:Infinity":31,"b:51:6:51:8:51:12:51:15:51:19:51:22:51:26:51:28":8,"s:51:30:51:Infinity":32,"s:52:16:52:Infinity":33,"s:53:15:53:66":34,"f:53:38:53:41":14,"s:53:45:53:65":35,"s:54:2:54:Infinity":36,"b:54:9:54:26:54:30:54:69":9,"f:54:42:54:45":15,"s:54:49:54:68":37,"s:57:33:78:5":38,"f:57:33:57:37":16,"s:58:2:78:5":39,"b:59:6:68:Infinity:69:6:78:5":10,"s:80:30:86:Infinity":40,"f:80:30:80:34":17,"s:80:39:86:1":41,"b:83:30:83:31:83:34:83:72":11,"b:83:65:83:66:83:69:83:71":12,"b:84:22:84:38:84:41:84:45":13,"b:85:20:85:34:85:37:85:Infinity":14,"s:88:33:88:47":42,"s:92:26:130:2":43,"f:92:26:92:27":18,"s:92:65:130:1":44,"f:95:2:95:6":19,"s:96:4:98:Infinity":45,"f:102:4:102:11":20,"s:103:6:103:Infinity":46,"f:110:4:110:9":21,"s:111:6:111:Infinity":47,"b:111:54:111:62:111:65:111:77":15,"b:111:24:111:33:111:37:111:51":16,"f:113:4:113:14":22,"s:114:6:114:Infinity":48,"f:114:13:114:21":23,"s:114:25:114:Infinity":49,"b:114:92:114:102:114:105:114:118":17,"b:114:62:114:71:114:75:114:89":18,"f:116:4:116:12":24,"s:118:19:118:Infinity":50,"s:120:6:124:Infinity":51,"s:126:6:126:Infinity":52}}}
,"/home/markus/workspace/finance-app/frontend/src/components/editform/CostEditForm.vue": {"path":"/home/markus/workspace/finance-app/frontend/src/components/editform/CostEditForm.vue","statementMap":{"0":{"start":{"line":37,"column":15},"end":{"line":59,"column":1}},"1":{"start":{"line":40,"column":4},"end":{"line":45,"column":null}},"2":{"start":{"line":49,"column":6},"end":{"line":49,"column":null}},"3":{"start":{"line":54,"column":6},"end":{"line":54,"column":null}},"4":{"start":{"line":55,"column":6},"end":{"line":55,"column":null}},"5":{"start":{"line":56,"column":6},"end":{"line":56,"column":null}},"6":{"start":{"line":3,"column":23},"end":{"line":3,"column":31}},"7":{"start":{"line":15,"column":27},"end":{"line":15,"column":null}},"8":{"start":{"line":23,"column":40},"end":{"line":23,"column":57}},"9":{"start":{"line":26,"column":20},"end":{"line":26,"column":35}},"10":{"start":{"line":26,"column":35},"end":{"line":26,"column":null}},"11":{"start":{"line":33,"column":25},"end":{"line":33,"column":35}}},"fnMap":{"0":{"name":"(anonymous_0)","decl":{"start":{"line":39,"column":2},"end":{"line":39,"column":6}},"loc":{"start":{"line":39,"column":9},"end":{"line":46,"column":3}},"line":39},"1":{"name":"(anonymous_1)","decl":{"start":{"line":48,"column":4},"end":{"line":48,"column":11}},"loc":{"start":{"line":48,"column":14},"end":{"line":50,"column":null}},"line":48},"2":{"name":"(anonymous_2)","decl":{"start":{"line":53,"column":4},"end":{"line":53,"column":11}},"loc":{"start":{"line":53,"column":14},"end":{"line":57,"column":null}},"line":53},"3":{"name":"(anonymous_3)","decl":{"start":{"line":3,"column":23},"end":{"line":3,"column":29}},"loc":{"start":{"line":3,"column":23},"end":{"line":3,"column":31}},"line":3},"4":{"name":"(anonymous_4)","decl":{"start":{"line":15,"column":27},"end":{"line":15,"column":32}},"loc":{"start":{"line":15,"column":27},"end":{"line":15,"column":null}},"line":15},"5":{"name":"(anonymous_5)","decl":{"start":{"line":23,"column":38},"end":{"line":23,"column":40}},"loc":{"start":{"line":23,"column":40},"end":{"line":23,"column":57}},"line":23},"6":{"name":"(anonymous_6)","decl":{"start":{"line":26,"column":18},"end":{"line":26,"column":20}},"loc":{"start":{"line":26,"column":18},"end":{"line":26,"column":null}},"line":26},"7":{"name":"(anonymous_7)","decl":{"start":{"line":33,"column":25},"end":{"line":33,"column":33}},"loc":{"start":{"line":33,"column":25},"end":{"line":33,"column":35}},"line":33}},"branchMap":{"0":{"loc":{"start":{"line":49,"column":13},"end":{"line":49,"column":35}},"type":"binary-expr","locations":[{"start":{"line":49,"column":13},"end":{"line":49,"column":21}},{"start":{"line":49,"column":26},"end":{"line":49,"column":35}}],"line":49},"1":{"loc":{"start":{"line":3,"column":23},"end":{"line":3,"column":31}},"type":"binary-expr","locations":[{"start":{"line":3,"column":23},"end":{"line":3,"column":29}},{"start":{"line":3,"column":23},"end":{"line":3,"column":31}}],"line":3},"2":{"loc":{"start":{"line":5,"column":40},"end":{"line":5,"column":72}},"type":"cond-expr","locations":[{"start":{"line":5,"column":51},"end":{"line":5,"column":63}},{"start":{"line":5,"column":63},"end":{"line":5,"column":72}}],"line":5},"3":{"loc":{"start":{"line":15,"column":27},"end":{"line":15,"column":null}},"type":"binary-expr","locations":[{"start":{"line":15,"column":27},"end":{"line":15,"column":32}},{"start":{"line":15,"column":27},"end":{"line":15,"column":null}}],"line":15},"4":{"loc":{"start":{"line":23,"column":38},"end":{"line":23,"column":57}},"type":"binary-expr","locations":[{"start":{"line":23,"column":38},"end":{"line":23,"column":40}},{"start":{"line":23,"column":38},"end":{"line":23,"column":57}}],"line":23},"5":{"loc":{"start":{"line":26,"column":18},"end":{"line":26,"column":null}},"type":"binary-expr","locations":[{"start":{"line":26,"column":18},"end":{"line":26,"column":20}},{"start":{"line":26,"column":18},"end":{"line":26,"column":null}}],"line":26},"6":{"loc":{"start":{"line":27,"column":21},"end":{"line":27,"column":41}},"type":"binary-expr","locations":[{"start":{"line":27,"column":21},"end":{"line":27,"column":29}},{"start":{"line":27,"column":29},"end":{"line":27,"column":41}}],"line":27},"7":{"loc":{"start":{"line":33,"column":25},"end":{"line":33,"column":35}},"type":"binary-expr","locations":[{"start":{"line":33,"column":25},"end":{"line":33,"column":33}},{"start":{"line":33,"column":25},"end":{"line":33,"column":35}}],"line":33}},"s":{"0":13,"1":67,"2":52,"3":2,"4":2,"5":2,"6":0,"7":0,"8":0,"9":0,"10":0,"11":0},"f":{"0":67,"1":52,"2":2,"3":0,"4":0,"5":0,"6":0,"7":0},"b":{"0":[52,44],"1":[76,67],"2":[15,66],"3":[11,6],"4":[11,6],"5":[11,6],"6":[11,8],"7":[76,67]},"meta":{"lastBranch":8,"lastFunction":8,"lastStatement":12,"seen":{"s:37:15:59:1":0,"f:39:2:39:6":0,"s:40:4:45:Infinity":1,"f:48:4:48:11":1,"s:49:6:49:Infinity":2,"b:49:13:49:21:49:26:49:35":0,"f:53:4:53:11":2,"s:54:6:54:Infinity":3,"s:55:6:55:Infinity":4,"s:56:6:56:Infinity":5,"b:3:23:3:29:3:23:3:31":1,"f:3:23:3:29":3,"s:3:23:3:31":6,"b:5:51:5:63:5:63:5:72":2,"b:15:27:15:32:15:27:15:Infinity":3,"f:15:27:15:32":4,"s:15:27:15:Infinity":7,"b:23:38:23:40:23:38:23:57":4,"f:23:38:23:40":5,"s:23:40:23:57":8,"b:26:18:26:20:26:18:26:Infinity":5,"f:26:18:26:20":6,"s:26:20:26:35":9,"s:26:35:26:Infinity":10,"b:27:21:27:29:27:29:27:41":6,"b:33:25:33:33:33:25:33:35":7,"f:33:25:33:33":7,"s:33:25:33:35":11}}}
,"/home/markus/workspace/finance-app/frontend/src/components/editform/CurrencyInput.vue": {"path":"/home/markus/workspace/finance-app/frontend/src/components/editform/CurrencyInput.vue","statementMap":{"0":{"start":{"line":14,"column":15},"end":{"line":40,"column":1}},"1":{"start":{"line":18,"column":4},"end":{"line":24,"column":null}},"2":{"start":{"line":22,"column":13},"end":{"line":22,"column":73}},"3":{"start":{"line":29,"column":6},"end":{"line":29,"column":null}},"4":{"start":{"line":34,"column":23},"end":{"line":34,"column":45}},"5":{"start":{"line":36,"column":6},"end":{"line":36,"column":null}},"6":{"start":{"line":37,"column":6},"end":{"line":37,"column":null}},"7":{"start":{"line":6,"column":12},"end":{"line":6,"column":null}}},"fnMap":{"0":{"name":"(anonymous_0)","decl":{"start":{"line":17,"column":2},"end":{"line":17,"column":6}},"loc":{"start":{"line":17,"column":9},"end":{"line":25,"column":3}},"line":17},"1":{"name":"(anonymous_1)","decl":{"start":{"line":22,"column":8},"end":{"line":22,"column":10}},"loc":{"start":{"line":22,"column":13},"end":{"line":22,"column":73}},"line":22},"2":{"name":"(anonymous_2)","decl":{"start":{"line":28,"column":4},"end":{"line":28,"column":16}},"loc":{"start":{"line":28,"column":19},"end":{"line":30,"column":null}},"line":28},"3":{"name":"(anonymous_3)","decl":{"start":{"line":33,"column":4},"end":{"line":33,"column":16}},"loc":{"start":{"line":33,"column":20},"end":{"line":38,"column":null}},"line":33},"4":{"name":"(anonymous_4)","decl":{"start":{"line":6,"column":10},"end":{"line":6,"column":12}},"loc":{"start":{"line":6,"column":12},"end":{"line":6,"column":null}},"line":6}},"branchMap":{"0":{"loc":{"start":{"line":22,"column":13},"end":{"line":22,"column":73}},"type":"binary-expr","locations":[{"start":{"line":22,"column":13},"end":{"line":22,"column":29}},{"start":{"line":22,"column":32},"end":{"line":22,"column":73}}],"line":22},"1":{"loc":{"start":{"line":29,"column":13},"end":{"line":29,"column":71}},"type":"cond-expr","locations":[{"start":{"line":29,"column":26},"end":{"line":29,"column":40}},{"start":{"line":29,"column":42},"end":{"line":29,"column":71}}],"line":29},"2":{"loc":{"start":{"line":36,"column":38},"end":{"line":36,"column":68}},"type":"cond-expr","locations":[{"start":{"line":36,"column":56},"end":{"line":36,"column":58}},{"start":{"line":36,"column":60},"end":{"line":36,"column":68}}],"line":36},"3":{"loc":{"start":{"line":6,"column":10},"end":{"line":6,"column":null}},"type":"binary-expr","locations":[{"start":{"line":6,"column":10},"end":{"line":6,"column":12}},{"start":{"line":6,"column":10},"end":{"line":6,"column":null}}],"line":6}},"s":{"0":15,"1":26,"2":37,"3":33,"4":4,"5":4,"6":4,"7":1},"f":{"0":26,"1":37,"2":33,"3":4,"4":1},"b":{"0":[37,15],"1":[2,31],"2":[1,3],"3":[33,26]},"meta":{"lastBranch":4,"lastFunction":5,"lastStatement":8,"seen":{"s:14:15:40:1":0,"f:17:2:17:6":0,"s:18:4:24:Infinity":1,"f:22:8:22:10":1,"s:22:13:22:73":2,"b:22:13:22:29:22:32:22:73":0,"f:28:4:28:16":2,"s:29:6:29:Infinity":3,"b:29:26:29:40:29:42:29:71":1,"f:33:4:33:16":3,"s:34:23:34:45":4,"s:36:6:36:Infinity":5,"b:36:56:36:58:36:60:36:68":2,"s:37:6:37:Infinity":6,"b:6:10:6:12:6:10:6:Infinity":3,"f:6:10:6:12":4,"s:6:12:6:Infinity":7}}}
,"/home/markus/workspace/finance-app/frontend/src/components/editform/FromToDateFields.vue": {"path":"/home/markus/workspace/finance-app/frontend/src/components/editform/FromToDateFields.vue","statementMap":{"0":{"start":{"line":14,"column":15},"end":{"line":33,"column":null}},"1":{"start":{"line":20,"column":4},"end":{"line":31,"column":null}},"2":{"start":{"line":23,"column":10},"end":{"line":23,"column":null}},"3":{"start":{"line":23,"column":43},"end":{"line":23,"column":null}},"4":{"start":{"line":25,"column":27},"end":{"line":25,"column":89}},"5":{"start":{"line":27,"column":25},"end":{"line":27,"column":36}},"6":{"start":{"line":28,"column":10},"end":{"line":28,"column":null}},"7":{"start":{"line":4,"column":52},"end":{"line":4,"column":70}},"8":{"start":{"line":7,"column":53},"end":{"line":7,"column":69}}},"fnMap":{"0":{"name":"(anonymous_0)","decl":{"start":{"line":19,"column":2},"end":{"line":19,"column":6}},"loc":{"start":{"line":19,"column":9},"end":{"line":32,"column":null}},"line":19},"1":{"name":"(anonymous_1)","decl":{"start":{"line":22,"column":8},"end":{"line":22,"column":10}},"loc":{"start":{"line":22,"column":13},"end":{"line":29,"column":null}},"line":22},"2":{"name":"(anonymous_2)","decl":{"start":{"line":4,"column":52},"end":{"line":4,"column":62}},"loc":{"start":{"line":4,"column":52},"end":{"line":4,"column":70}},"line":4},"3":{"name":"(anonymous_3)","decl":{"start":{"line":7,"column":53},"end":{"line":7,"column":63}},"loc":{"start":{"line":7,"column":53},"end":{"line":7,"column":69}},"line":7}},"branchMap":{"0":{"loc":{"start":{"line":23,"column":10},"end":{"line":23,"column":null}},"type":"if","locations":[{"start":{"line":23,"column":10},"end":{"line":23,"column":null}},{"start":{},"end":{}}],"line":23},"1":{"loc":{"start":{"line":23,"column":14},"end":{"line":23,"column":41}},"type":"binary-expr","locations":[{"start":{"line":23,"column":14},"end":{"line":23,"column":17}},{"start":{"line":23,"column":20},"end":{"line":23,"column":41}}],"line":23},"2":{"loc":{"start":{"line":28,"column":17},"end":{"line":28,"column":93}},"type":"binary-expr","locations":[{"start":{"line":28,"column":17},"end":{"line":28,"column":34}},{"start":{"line":28,"column":39},"end":{"line":28,"column":93}}],"line":28},"3":{"loc":{"start":{"line":4,"column":52},"end":{"line":4,"column":70}},"type":"binary-expr","locations":[{"start":{"line":4,"column":52},"end":{"line":4,"column":62}},{"start":{"line":4,"column":52},"end":{"line":4,"column":70}}],"line":4},"4":{"loc":{"start":{"line":7,"column":53},"end":{"line":7,"column":69}},"type":"binary-expr","locations":[{"start":{"line":7,"column":53},"end":{"line":7,"column":63}},{"start":{"line":7,"column":53},"end":{"line":7,"column":69}}],"line":7}},"s":{"0":7,"1":15,"2":2,"3":0,"4":2,"5":2,"6":2,"7":0,"8":0},"f":{"0":15,"1":2,"2":0,"3":0},"b":{"0":[0,2],"1":[2,2],"2":[2,1],"3":[15,15],"4":[15,15]},"meta":{"lastBranch":5,"lastFunction":4,"lastStatement":9,"seen":{"s:14:15:33:Infinity":0,"f:19:2:19:6":0,"s:20:4:31:Infinity":1,"f:22:8:22:10":1,"b:23:10:23:Infinity:undefined:undefined:undefined:undefined":0,"s:23:10:23:Infinity":2,"b:23:14:23:17:23:20:23:41":1,"s:23:43:23:Infinity":3,"s:25:27:25:89":4,"s:27:25:27:36":5,"s:28:10:28:Infinity":6,"b:28:17:28:34:28:39:28:93":2,"b:4:52:4:62:4:52:4:70":3,"f:4:52:4:62":2,"s:4:52:4:70":7,"b:7:53:7:63:7:53:7:69":4,"f:7:53:7:63":3,"s:7:53:7:69":8}}}
,"/home/markus/workspace/finance-app/frontend/src/components/editform/HalfyearlyCostEditForm.vue": {"path":"/home/markus/workspace/finance-app/frontend/src/components/editform/HalfyearlyCostEditForm.vue","statementMap":{"0":{"start":{"line":50,"column":19},"end":{"line":61,"column":1}},"1":{"start":{"line":51,"column":13},"end":{"line":51,"column":38}},"2":{"start":{"line":52,"column":2},"end":{"line":60,"column":null}},"3":{"start":{"line":63,"column":19},"end":{"line":68,"column":1}},"4":{"start":{"line":64,"column":2},"end":{"line":67,"column":null}},"5":{"start":{"line":70,"column":15},"end":{"line":85,"column":1}},"6":{"start":{"line":81,"column":4},"end":{"line":83,"column":null}},"7":{"start":{"line":13,"column":34},"end":{"line":13,"column":47}},"8":{"start":{"line":18,"column":48},"end":{"line":18,"column":63}},"9":{"start":{"line":23,"column":42},"end":{"line":23,"column":57}},"10":{"start":{"line":28,"column":34},"end":{"line":28,"column":51}},"11":{"start":{"line":32,"column":36},"end":{"line":32,"column":51}}},"fnMap":{"0":{"name":"(anonymous_0)","decl":{"start":{"line":50,"column":19},"end":{"line":50,"column":22}},"loc":{"start":{"line":50,"column":27},"end":{"line":61,"column":1}},"line":50},"1":{"name":"(anonymous_1)","decl":{"start":{"line":63,"column":19},"end":{"line":63,"column":22}},"loc":{"start":{"line":63,"column":27},"end":{"line":68,"column":1}},"line":63},"2":{"name":"(anonymous_2)","decl":{"start":{"line":80,"column":2},"end":{"line":80,"column":6}},"loc":{"start":{"line":80,"column":9},"end":{"line":84,"column":null}},"line":80},"3":{"name":"(anonymous_3)","decl":{"start":{"line":13,"column":34},"end":{"line":13,"column":38}},"loc":{"start":{"line":13,"column":34},"end":{"line":13,"column":47}},"line":13},"4":{"name":"(anonymous_4)","decl":{"start":{"line":18,"column":48},"end":{"line":18,"column":52}},"loc":{"start":{"line":18,"column":48},"end":{"line":18,"column":63}},"line":18},"5":{"name":"(anonymous_5)","decl":{"start":{"line":23,"column":42},"end":{"line":23,"column":46}},"loc":{"start":{"line":23,"column":42},"end":{"line":23,"column":57}},"line":23},"6":{"name":"(anonymous_6)","decl":{"start":{"line":28,"column":34},"end":{"line":28,"column":38}},"loc":{"start":{"line":28,"column":34},"end":{"line":28,"column":51}},"line":28},"7":{"name":"(anonymous_7)","decl":{"start":{"line":32,"column":36},"end":{"line":32,"column":40}},"loc":{"start":{"line":32,"column":36},"end":{"line":32,"column":51}},"line":32}},"branchMap":{"0":{"loc":{"start":{"line":52,"column":9},"end":{"line":60,"column":7}},"type":"cond-expr","locations":[{"start":{"line":53,"column":6},"end":{"line":56,"column":null}},{"start":{"line":57,"column":6},"end":{"line":60,"column":7}}],"line":52},"1":{"loc":{"start":{"line":13,"column":34},"end":{"line":13,"column":47}},"type":"binary-expr","locations":[{"start":{"line":13,"column":34},"end":{"line":13,"column":38}},{"start":{"line":13,"column":34},"end":{"line":13,"column":47}}],"line":13},"2":{"loc":{"start":{"line":18,"column":48},"end":{"line":18,"column":63}},"type":"binary-expr","locations":[{"start":{"line":18,"column":48},"end":{"line":18,"column":52}},{"start":{"line":18,"column":48},"end":{"line":18,"column":63}}],"line":18},"3":{"loc":{"start":{"line":23,"column":42},"end":{"line":23,"column":57}},"type":"binary-expr","locations":[{"start":{"line":23,"column":42},"end":{"line":23,"column":46}},{"start":{"line":23,"column":42},"end":{"line":23,"column":57}}],"line":23},"4":{"loc":{"start":{"line":28,"column":34},"end":{"line":28,"column":51}},"type":"binary-expr","locations":[{"start":{"line":28,"column":34},"end":{"line":28,"column":38}},{"start":{"line":28,"column":34},"end":{"line":28,"column":51}}],"line":28},"5":{"loc":{"start":{"line":32,"column":36},"end":{"line":32,"column":51}},"type":"binary-expr","locations":[{"start":{"line":32,"column":36},"end":{"line":32,"column":40}},{"start":{"line":32,"column":36},"end":{"line":32,"column":51}}],"line":32}},"s":{"0":3,"1":5,"2":5,"3":3,"4":1,"5":3,"6":2,"7":0,"8":0,"9":0,"10":0,"11":0},"f":{"0":5,"1":1,"2":2,"3":0,"4":0,"5":0,"6":0,"7":0},"b":{"0":[5,0],"1":[3,2],"2":[3,2],"3":[3,2],"4":[2,2],"5":[2,2]},"meta":{"lastBranch":6,"lastFunction":8,"lastStatement":12,"seen":{"s:50:19:61:1":0,"f:50:19:50:22":0,"s:51:13:51:38":1,"s:52:2:60:Infinity":2,"b:53:6:56:Infinity:57:6:60:7":0,"s:63:19:68:1":3,"f:63:19:63:22":1,"s:64:2:67:Infinity":4,"s:70:15:85:1":5,"f:80:2:80:6":2,"s:81:4:83:Infinity":6,"b:13:34:13:38:13:34:13:47":1,"f:13:34:13:38":3,"s:13:34:13:47":7,"b:18:48:18:52:18:48:18:63":2,"f:18:48:18:52":4,"s:18:48:18:63":8,"b:23:42:23:46:23:42:23:57":3,"f:23:42:23:46":5,"s:23:42:23:57":9,"b:28:34:28:38:28:34:28:51":4,"f:28:34:28:38":6,"s:28:34:28:51":10,"b:32:36:32:40:32:36:32:51":5,"f:32:36:32:40":7,"s:32:36:32:51":11}}}
,"/home/markus/workspace/finance-app/frontend/src/components/editform/IncomingSelect.vue": {"path":"/home/markus/workspace/finance-app/frontend/src/components/editform/IncomingSelect.vue","statementMap":{"0":{"start":{"line":12,"column":15},"end":{"line":15,"column":1}},"1":{"start":{"line":4,"column":24},"end":{"line":4,"column":null}}},"fnMap":{"0":{"name":"(anonymous_0)","decl":{"start":{"line":4,"column":22},"end":{"line":4,"column":24}},"loc":{"start":{"line":4,"column":24},"end":{"line":4,"column":null}},"line":4}},"branchMap":{"0":{"loc":{"start":{"line":4,"column":22},"end":{"line":4,"column":null}},"type":"binary-expr","locations":[{"start":{"line":4,"column":22},"end":{"line":4,"column":24}},{"start":{"line":4,"column":22},"end":{"line":4,"column":null}}],"line":4}},"s":{"0":13,"1":1},"f":{"0":1},"b":{"0":[21,21]},"meta":{"lastBranch":1,"lastFunction":1,"lastStatement":2,"seen":{"s:12:15:15:1":0,"b:4:22:4:24:4:22:4:Infinity":0,"f:4:22:4:24":0,"s:4:24:4:Infinity":1}}}
,"/home/markus/workspace/finance-app/frontend/src/components/editform/MonthDatePicker.vue": {"path":"/home/markus/workspace/finance-app/frontend/src/components/editform/MonthDatePicker.vue","statementMap":{"0":{"start":{"line":35,"column":15},"end":{"line":97,"column":1}},"1":{"start":{"line":40,"column":4},"end":{"line":43,"column":null}},"2":{"start":{"line":47,"column":22},"end":{"line":47,"column":102}},"3":{"start":{"line":48,"column":6},"end":{"line":48,"column":null}},"4":{"start":{"line":51,"column":6},"end":{"line":51,"column":null}},"5":{"start":{"line":51,"column":28},"end":{"line":51,"column":null}},"6":{"start":{"line":52,"column":6},"end":{"line":52,"column":null}},"7":{"start":{"line":55,"column":6},"end":{"line":57,"column":null}},"8":{"start":{"line":56,"column":10},"end":{"line":56,"column":null}},"9":{"start":{"line":58,"column":6},"end":{"line":58,"column":null}},"10":{"start":{"line":63,"column":27},"end":{"line":63,"column":31}},"11":{"start":{"line":64,"column":6},"end":{"line":67,"column":null}},"12":{"start":{"line":65,"column":20},"end":{"line":65,"column":34}},"13":{"start":{"line":66,"column":10},"end":{"line":66,"column":null}},"14":{"start":{"line":69,"column":6},"end":{"line":69,"column":null}},"15":{"start":{"line":70,"column":6},"end":{"line":70,"column":null}},"16":{"start":{"line":72,"column":6},"end":{"line":72,"column":null}},"17":{"start":{"line":74,"column":6},"end":{"line":74,"column":null}},"18":{"start":{"line":74,"column":23},"end":{"line":74,"column":null}},"19":{"start":{"line":76,"column":6},"end":{"line":94,"column":null}},"20":{"start":{"line":88,"column":25},"end":{"line":88,"column":117}},"21":{"start":{"line":90,"column":23},"end":{"line":90,"column":39}},"22":{"start":{"line":91,"column":8},"end":{"line":93,"column":null}},"23":{"start":{"line":92,"column":10},"end":{"line":92,"column":null}},"24":{"start":{"line":3,"column":13},"end":{"line":3,"column":null}},"25":{"start":{"line":19,"column":22},"end":{"line":19,"column":null}}},"fnMap":{"0":{"name":"(anonymous_0)","decl":{"start":{"line":39,"column":2},"end":{"line":39,"column":6}},"loc":{"start":{"line":39,"column":9},"end":{"line":44,"column":3}},"line":39},"1":{"name":"(anonymous_1)","decl":{"start":{"line":46,"column":4},"end":{"line":46,"column":15}},"loc":{"start":{"line":46,"column":18},"end":{"line":49,"column":5}},"line":46},"2":{"name":"(anonymous_2)","decl":{"start":{"line":50,"column":4},"end":{"line":50,"column":14}},"loc":{"start":{"line":50,"column":17},"end":{"line":53,"column":5}},"line":50},"3":{"name":"(anonymous_3)","decl":{"start":{"line":54,"column":4},"end":{"line":54,"column":11}},"loc":{"start":{"line":54,"column":14},"end":{"line":59,"column":null}},"line":54},"4":{"name":"(anonymous_4)","decl":{"start":{"line":62,"column":4},"end":{"line":62,"column":9}},"loc":{"start":{"line":62,"column":16},"end":{"line":95,"column":null}},"line":62},"5":{"name":"(anonymous_5)","decl":{"start":{"line":76,"column":25},"end":{"line":76,"column":28}},"loc":{"start":{"line":76,"column":33},"end":{"line":94,"column":7}},"line":76},"6":{"name":"(anonymous_6)","decl":{"start":{"line":3,"column":13},"end":{"line":3,"column":17}},"loc":{"start":{"line":3,"column":13},"end":{"line":3,"column":null}},"line":3},"7":{"name":"(anonymous_7)","decl":{"start":{"line":19,"column":20},"end":{"line":19,"column":22}},"loc":{"start":{"line":19,"column":22},"end":{"line":19,"column":null}},"line":19}},"branchMap":{"0":{"loc":{"start":{"line":47,"column":22},"end":{"line":47,"column":102}},"type":"cond-expr","locations":[{"start":{"line":47,"column":40},"end":{"line":47,"column":96}},{"start":{"line":47,"column":98},"end":{"line":47,"column":102}}],"line":47},"1":{"loc":{"start":{"line":51,"column":6},"end":{"line":51,"column":null}},"type":"if","locations":[{"start":{"line":51,"column":6},"end":{"line":51,"column":null}},{"start":{},"end":{}}],"line":51},"2":{"loc":{"start":{"line":55,"column":6},"end":{"line":57,"column":null}},"type":"if","locations":[{"start":{"line":55,"column":6},"end":{"line":57,"column":null}},{"start":{},"end":{}}],"line":55},"3":{"loc":{"start":{"line":55,"column":10},"end":{"line":55,"column":45}},"type":"binary-expr","locations":[{"start":{"line":55,"column":10},"end":{"line":55,"column":17}},{"start":{"line":55,"column":22},"end":{"line":55,"column":45}}],"line":55},"4":{"loc":{"start":{"line":64,"column":6},"end":{"line":67,"column":null}},"type":"if","locations":[{"start":{"line":64,"column":6},"end":{"line":67,"column":null}},{"start":{},"end":{}}],"line":64},"5":{"loc":{"start":{"line":74,"column":6},"end":{"line":74,"column":null}},"type":"if","locations":[{"start":{"line":74,"column":6},"end":{"line":74,"column":null}},{"start":{},"end":{}}],"line":74},"6":{"loc":{"start":{"line":88,"column":25},"end":{"line":88,"column":117}},"type":"cond-expr","locations":[{"start":{"line":88,"column":42},"end":{"line":88,"column":111}},{"start":{"line":88,"column":113},"end":{"line":88,"column":117}}],"line":88},"7":{"loc":{"start":{"line":91,"column":8},"end":{"line":93,"column":null}},"type":"if","locations":[{"start":{"line":91,"column":8},"end":{"line":93,"column":null}},{"start":{},"end":{}}],"line":91},"8":{"loc":{"start":{"line":3,"column":13},"end":{"line":3,"column":null}},"type":"binary-expr","locations":[{"start":{"line":3,"column":13},"end":{"line":3,"column":17}},{"start":{"line":3,"column":13},"end":{"line":3,"column":null}}],"line":3},"9":{"loc":{"start":{"line":19,"column":20},"end":{"line":19,"column":null}},"type":"binary-expr","locations":[{"start":{"line":19,"column":20},"end":{"line":19,"column":22}},{"start":{"line":19,"column":20},"end":{"line":19,"column":null}}],"line":19}},"s":{"0":14,"1":29,"2":30,"3":30,"4":0,"5":0,"6":0,"7":2,"8":1,"9":1,"10":4,"11":4,"12":3,"13":3,"14":4,"15":4,"16":4,"17":4,"18":2,"19":2,"20":2,"21":2,"22":2,"23":1,"24":0,"25":0},"f":{"0":29,"1":30,"2":0,"3":2,"4":4,"5":2,"6":0,"7":0},"b":{"0":[9,21],"1":[0,0],"2":[1,1],"3":[2,1],"4":[3,1],"5":[2,2],"6":[2,0],"7":[1,1],"8":[30,29],"9":[34,29]},"meta":{"lastBranch":10,"lastFunction":8,"lastStatement":26,"seen":{"s:35:15:97:1":0,"f:39:2:39:6":0,"s:40:4:43:Infinity":1,"f:46:4:46:15":1,"s:47:22:47:102":2,"b:47:40:47:96:47:98:47:102":0,"s:48:6:48:Infinity":3,"f:50:4:50:14":2,"b:51:6:51:Infinity:undefined:undefined:undefined:undefined":1,"s:51:6:51:Infinity":4,"s:51:28:51:Infinity":5,"s:52:6:52:Infinity":6,"f:54:4:54:11":3,"b:55:6:57:Infinity:undefined:undefined:undefined:undefined":2,"s:55:6:57:Infinity":7,"b:55:10:55:17:55:22:55:45":3,"s:56:10:56:Infinity":8,"s:58:6:58:Infinity":9,"f:62:4:62:9":4,"s:63:27:63:31":10,"b:64:6:67:Infinity:undefined:undefined:undefined:undefined":4,"s:64:6:67:Infinity":11,"s:65:20:65:34":12,"s:66:10:66:Infinity":13,"s:69:6:69:Infinity":14,"s:70:6:70:Infinity":15,"s:72:6:72:Infinity":16,"b:74:6:74:Infinity:undefined:undefined:undefined:undefined":5,"s:74:6:74:Infinity":17,"s:74:23:74:Infinity":18,"s:76:6:94:Infinity":19,"f:76:25:76:28":5,"s:88:25:88:117":20,"b:88:42:88:111:88:113:88:117":6,"s:90:23:90:39":21,"b:91:8:93:Infinity:undefined:undefined:undefined:undefined":7,"s:91:8:93:Infinity":22,"s:92:10:92:Infinity":23,"b:3:13:3:17:3:13:3:Infinity":8,"f:3:13:3:17":6,"s:3:13:3:Infinity":24,"b:19:20:19:22:19:20:19:Infinity":9,"f:19:20:19:22":7,"s:19:22:19:Infinity":25}}}
,"/home/markus/workspace/finance-app/frontend/src/components/editform/MonthlyCostEditForm.vue": {"path":"/home/markus/workspace/finance-app/frontend/src/components/editform/MonthlyCostEditForm.vue","statementMap":{"0":{"start":{"line":39,"column":15},"end":{"line":49,"column":1}},"1":{"start":{"line":13,"column":34},"end":{"line":13,"column":47}},"2":{"start":{"line":18,"column":48},"end":{"line":18,"column":63}},"3":{"start":{"line":23,"column":34},"end":{"line":23,"column":51}},"4":{"start":{"line":27,"column":36},"end":{"line":27,"column":51}}},"fnMap":{"0":{"name":"(anonymous_0)","decl":{"start":{"line":13,"column":34},"end":{"line":13,"column":38}},"loc":{"start":{"line":13,"column":34},"end":{"line":13,"column":47}},"line":13},"1":{"name":"(anonymous_1)","decl":{"start":{"line":18,"column":48},"end":{"line":18,"column":52}},"loc":{"start":{"line":18,"column":48},"end":{"line":18,"column":63}},"line":18},"2":{"name":"(anonymous_2)","decl":{"start":{"line":23,"column":34},"end":{"line":23,"column":38}},"loc":{"start":{"line":23,"column":34},"end":{"line":23,"column":51}},"line":23},"3":{"name":"(anonymous_3)","decl":{"start":{"line":27,"column":36},"end":{"line":27,"column":40}},"loc":{"start":{"line":27,"column":36},"end":{"line":27,"column":51}},"line":27}},"branchMap":{"0":{"loc":{"start":{"line":13,"column":34},"end":{"line":13,"column":47}},"type":"binary-expr","locations":[{"start":{"line":13,"column":34},"end":{"line":13,"column":38}},{"start":{"line":13,"column":34},"end":{"line":13,"column":47}}],"line":13},"1":{"loc":{"start":{"line":18,"column":48},"end":{"line":18,"column":63}},"type":"binary-expr","locations":[{"start":{"line":18,"column":48},"end":{"line":18,"column":52}},{"start":{"line":18,"column":48},"end":{"line":18,"column":63}}],"line":18},"2":{"loc":{"start":{"line":23,"column":34},"end":{"line":23,"column":51}},"type":"binary-expr","locations":[{"start":{"line":23,"column":34},"end":{"line":23,"column":38}},{"start":{"line":23,"column":34},"end":{"line":23,"column":51}}],"line":23},"3":{"loc":{"start":{"line":27,"column":36},"end":{"line":27,"column":51}},"type":"binary-expr","locations":[{"start":{"line":27,"column":36},"end":{"line":27,"column":40}},{"start":{"line":27,"column":36},"end":{"line":27,"column":51}}],"line":27}},"s":{"0":3,"1":0,"2":0,"3":0,"4":0},"f":{"0":0,"1":0,"2":0,"3":0},"b":{"0":[6,5],"1":[6,5],"2":[5,5],"3":[5,5]},"meta":{"lastBranch":4,"lastFunction":4,"lastStatement":5,"seen":{"s:39:15:49:1":0,"b:13:34:13:38:13:34:13:47":0,"f:13:34:13:38":0,"s:13:34:13:47":1,"b:18:48:18:52:18:48:18:63":1,"f:18:48:18:52":1,"s:18:48:18:63":2,"b:23:34:23:38:23:34:23:51":2,"f:23:34:23:38":2,"s:23:34:23:51":3,"b:27:36:27:40:27:36:27:51":3,"f:27:36:27:40":3,"s:27:36:27:51":4}}}
,"/home/markus/workspace/finance-app/frontend/src/components/editform/NameTextField.vue": {"path":"/home/markus/workspace/finance-app/frontend/src/components/editform/NameTextField.vue","statementMap":{"0":{"start":{"line":12,"column":15},"end":{"line":23,"column":1}},"1":{"start":{"line":16,"column":4},"end":{"line":21,"column":null}},"2":{"start":{"line":18,"column":13},"end":{"line":18,"column":54}},"3":{"start":{"line":19,"column":13},"end":{"line":19,"column":null}},"4":{"start":{"line":4,"column":24},"end":{"line":4,"column":null}}},"fnMap":{"0":{"name":"(anonymous_0)","decl":{"start":{"line":15,"column":2},"end":{"line":15,"column":6}},"loc":{"start":{"line":15,"column":9},"end":{"line":22,"column":null}},"line":15},"1":{"name":"(anonymous_1)","decl":{"start":{"line":18,"column":8},"end":{"line":18,"column":10}},"loc":{"start":{"line":18,"column":13},"end":{"line":18,"column":54}},"line":18},"2":{"name":"(anonymous_2)","decl":{"start":{"line":19,"column":8},"end":{"line":19,"column":10}},"loc":{"start":{"line":19,"column":13},"end":{"line":19,"column":null}},"line":19},"3":{"name":"(anonymous_3)","decl":{"start":{"line":4,"column":22},"end":{"line":4,"column":24}},"loc":{"start":{"line":4,"column":24},"end":{"line":4,"column":null}},"line":4}},"branchMap":{"0":{"loc":{"start":{"line":18,"column":13},"end":{"line":18,"column":54}},"type":"binary-expr","locations":[{"start":{"line":18,"column":13},"end":{"line":18,"column":17}},{"start":{"line":18,"column":20},"end":{"line":18,"column":54}}],"line":18},"1":{"loc":{"start":{"line":19,"column":13},"end":{"line":19,"column":null}},"type":"binary-expr","locations":[{"start":{"line":19,"column":14},"end":{"line":19,"column":16}},{"start":{"line":19,"column":19},"end":{"line":19,"column":33}},{"start":{"line":19,"column":38},"end":{"line":19,"column":null}}],"line":19},"2":{"loc":{"start":{"line":4,"column":22},"end":{"line":4,"column":null}},"type":"binary-expr","locations":[{"start":{"line":4,"column":22},"end":{"line":4,"column":24}},{"start":{"line":4,"column":22},"end":{"line":4,"column":null}}],"line":4}},"s":{"0":13,"1":20,"2":28,"3":11,"4":1},"f":{"0":20,"1":28,"2":11,"3":1},"b":{"0":[28,19],"1":[11,11,1],"2":[25,20]},"meta":{"lastBranch":3,"lastFunction":4,"lastStatement":5,"seen":{"s:12:15:23:1":0,"f:15:2:15:6":0,"s:16:4:21:Infinity":1,"f:18:8:18:10":1,"s:18:13:18:54":2,"b:18:13:18:17:18:20:18:54":0,"f:19:8:19:10":2,"s:19:13:19:Infinity":3,"b:19:14:19:16:19:19:19:33:19:38:19:Infinity":1,"b:4:22:4:24:4:22:4:Infinity":2,"f:4:22:4:24":3,"s:4:24:4:Infinity":4}}}
,"/home/markus/workspace/finance-app/frontend/src/components/editform/QuaterlyCostEditForm.vue": {"path":"/home/markus/workspace/finance-app/frontend/src/components/editform/QuaterlyCostEditForm.vue","statementMap":{"0":{"start":{"line":50,"column":19},"end":{"line":61,"column":1}},"1":{"start":{"line":51,"column":13},"end":{"line":51,"column":38}},"2":{"start":{"line":52,"column":2},"end":{"line":60,"column":null}},"3":{"start":{"line":63,"column":19},"end":{"line":68,"column":1}},"4":{"start":{"line":64,"column":2},"end":{"line":67,"column":null}},"5":{"start":{"line":70,"column":15},"end":{"line":85,"column":1}},"6":{"start":{"line":81,"column":4},"end":{"line":83,"column":null}},"7":{"start":{"line":13,"column":34},"end":{"line":13,"column":47}},"8":{"start":{"line":18,"column":48},"end":{"line":18,"column":63}},"9":{"start":{"line":23,"column":42},"end":{"line":23,"column":57}},"10":{"start":{"line":28,"column":34},"end":{"line":28,"column":51}},"11":{"start":{"line":32,"column":36},"end":{"line":32,"column":51}}},"fnMap":{"0":{"name":"(anonymous_0)","decl":{"start":{"line":50,"column":19},"end":{"line":50,"column":22}},"loc":{"start":{"line":50,"column":27},"end":{"line":61,"column":1}},"line":50},"1":{"name":"(anonymous_1)","decl":{"start":{"line":63,"column":19},"end":{"line":63,"column":22}},"loc":{"start":{"line":63,"column":27},"end":{"line":68,"column":1}},"line":63},"2":{"name":"(anonymous_2)","decl":{"start":{"line":80,"column":2},"end":{"line":80,"column":6}},"loc":{"start":{"line":80,"column":9},"end":{"line":84,"column":null}},"line":80},"3":{"name":"(anonymous_3)","decl":{"start":{"line":13,"column":34},"end":{"line":13,"column":38}},"loc":{"start":{"line":13,"column":34},"end":{"line":13,"column":47}},"line":13},"4":{"name":"(anonymous_4)","decl":{"start":{"line":18,"column":48},"end":{"line":18,"column":52}},"loc":{"start":{"line":18,"column":48},"end":{"line":18,"column":63}},"line":18},"5":{"name":"(anonymous_5)","decl":{"start":{"line":23,"column":42},"end":{"line":23,"column":46}},"loc":{"start":{"line":23,"column":42},"end":{"line":23,"column":57}},"line":23},"6":{"name":"(anonymous_6)","decl":{"start":{"line":28,"column":34},"end":{"line":28,"column":38}},"loc":{"start":{"line":28,"column":34},"end":{"line":28,"column":51}},"line":28},"7":{"name":"(anonymous_7)","decl":{"start":{"line":32,"column":36},"end":{"line":32,"column":40}},"loc":{"start":{"line":32,"column":36},"end":{"line":32,"column":51}},"line":32}},"branchMap":{"0":{"loc":{"start":{"line":52,"column":9},"end":{"line":60,"column":7}},"type":"cond-expr","locations":[{"start":{"line":53,"column":6},"end":{"line":56,"column":null}},{"start":{"line":57,"column":6},"end":{"line":60,"column":7}}],"line":52},"1":{"loc":{"start":{"line":13,"column":34},"end":{"line":13,"column":47}},"type":"binary-expr","locations":[{"start":{"line":13,"column":34},"end":{"line":13,"column":38}},{"start":{"line":13,"column":34},"end":{"line":13,"column":47}}],"line":13},"2":{"loc":{"start":{"line":18,"column":48},"end":{"line":18,"column":63}},"type":"binary-expr","locations":[{"start":{"line":18,"column":48},"end":{"line":18,"column":52}},{"start":{"line":18,"column":48},"end":{"line":18,"column":63}}],"line":18},"3":{"loc":{"start":{"line":23,"column":42},"end":{"line":23,"column":57}},"type":"binary-expr","locations":[{"start":{"line":23,"column":42},"end":{"line":23,"column":46}},{"start":{"line":23,"column":42},"end":{"line":23,"column":57}}],"line":23},"4":{"loc":{"start":{"line":28,"column":34},"end":{"line":28,"column":51}},"type":"binary-expr","locations":[{"start":{"line":28,"column":34},"end":{"line":28,"column":38}},{"start":{"line":28,"column":34},"end":{"line":28,"column":51}}],"line":28},"5":{"loc":{"start":{"line":32,"column":36},"end":{"line":32,"column":51}},"type":"binary-expr","locations":[{"start":{"line":32,"column":36},"end":{"line":32,"column":40}},{"start":{"line":32,"column":36},"end":{"line":32,"column":51}}],"line":32}},"s":{"0":3,"1":11,"2":11,"3":3,"4":1,"5":3,"6":5,"7":0,"8":0,"9":0,"10":0,"11":0},"f":{"0":11,"1":1,"2":5,"3":0,"4":0,"5":0,"6":0,"7":0},"b":{"0":[7,4],"1":[3,2],"2":[3,2],"3":[3,2],"4":[2,2],"5":[2,2]},"meta":{"lastBranch":6,"lastFunction":8,"lastStatement":12,"seen":{"s:50:19:61:1":0,"f:50:19:50:22":0,"s:51:13:51:38":1,"s:52:2:60:Infinity":2,"b:53:6:56:Infinity:57:6:60:7":0,"s:63:19:68:1":3,"f:63:19:63:22":1,"s:64:2:67:Infinity":4,"s:70:15:85:1":5,"f:80:2:80:6":2,"s:81:4:83:Infinity":6,"b:13:34:13:38:13:34:13:47":1,"f:13:34:13:38":3,"s:13:34:13:47":7,"b:18:48:18:52:18:48:18:63":2,"f:18:48:18:52":4,"s:18:48:18:63":8,"b:23:42:23:46:23:42:23:57":3,"f:23:42:23:46":5,"s:23:42:23:57":9,"b:28:34:28:38:28:34:28:51":4,"f:28:34:28:38":6,"s:28:34:28:51":10,"b:32:36:32:40:32:36:32:51":5,"f:32:36:32:40":7,"s:32:36:32:51":11}}}
,"/home/markus/workspace/finance-app/frontend/src/components/editform/SpecialCostForm.vue": {"path":"/home/markus/workspace/finance-app/frontend/src/components/editform/SpecialCostForm.vue","statementMap":{"0":{"start":{"line":42,"column":19},"end":{"line":53,"column":1}},"1":{"start":{"line":43,"column":13},"end":{"line":43,"column":38}},"2":{"start":{"line":44,"column":2},"end":{"line":52,"column":null}},"3":{"start":{"line":55,"column":19},"end":{"line":58,"column":null}},"4":{"start":{"line":55,"column":28},"end":{"line":58,"column":1}},"5":{"start":{"line":61,"column":15},"end":{"line":71,"column":1}},"6":{"start":{"line":14,"column":34},"end":{"line":14,"column":47}},"7":{"start":{"line":19,"column":48},"end":{"line":19,"column":63}},"8":{"start":{"line":24,"column":34},"end":{"line":24,"column":51}},"9":{"start":{"line":29,"column":36},"end":{"line":29,"column":50}}},"fnMap":{"0":{"name":"(anonymous_0)","decl":{"start":{"line":42,"column":19},"end":{"line":42,"column":22}},"loc":{"start":{"line":42,"column":27},"end":{"line":53,"column":1}},"line":42},"1":{"name":"(anonymous_1)","decl":{"start":{"line":55,"column":19},"end":{"line":55,"column":22}},"loc":{"start":{"line":55,"column":28},"end":{"line":58,"column":1}},"line":55},"2":{"name":"(anonymous_2)","decl":{"start":{"line":14,"column":34},"end":{"line":14,"column":38}},"loc":{"start":{"line":14,"column":34},"end":{"line":14,"column":47}},"line":14},"3":{"name":"(anonymous_3)","decl":{"start":{"line":19,"column":48},"end":{"line":19,"column":52}},"loc":{"start":{"line":19,"column":48},"end":{"line":19,"column":63}},"line":19},"4":{"name":"(anonymous_4)","decl":{"start":{"line":24,"column":34},"end":{"line":24,"column":38}},"loc":{"start":{"line":24,"column":34},"end":{"line":24,"column":51}},"line":24},"5":{"name":"(anonymous_5)","decl":{"start":{"line":29,"column":36},"end":{"line":29,"column":40}},"loc":{"start":{"line":29,"column":36},"end":{"line":29,"column":50}},"line":29}},"branchMap":{"0":{"loc":{"start":{"line":44,"column":9},"end":{"line":52,"column":7}},"type":"cond-expr","locations":[{"start":{"line":45,"column":6},"end":{"line":48,"column":null}},{"start":{"line":49,"column":6},"end":{"line":52,"column":7}}],"line":44},"1":{"loc":{"start":{"line":14,"column":34},"end":{"line":14,"column":47}},"type":"binary-expr","locations":[{"start":{"line":14,"column":34},"end":{"line":14,"column":38}},{"start":{"line":14,"column":34},"end":{"line":14,"column":47}}],"line":14},"2":{"loc":{"start":{"line":19,"column":48},"end":{"line":19,"column":63}},"type":"binary-expr","locations":[{"start":{"line":19,"column":48},"end":{"line":19,"column":52}},{"start":{"line":19,"column":48},"end":{"line":19,"column":63}}],"line":19},"3":{"loc":{"start":{"line":24,"column":34},"end":{"line":24,"column":51}},"type":"binary-expr","locations":[{"start":{"line":24,"column":34},"end":{"line":24,"column":38}},{"start":{"line":24,"column":34},"end":{"line":24,"column":51}}],"line":24},"4":{"loc":{"start":{"line":29,"column":36},"end":{"line":29,"column":50}},"type":"binary-expr","locations":[{"start":{"line":29,"column":36},"end":{"line":29,"column":40}},{"start":{"line":29,"column":36},"end":{"line":29,"column":50}}],"line":29}},"s":{"0":6,"1":55,"2":55,"3":6,"4":1,"5":6,"6":0,"7":0,"8":0,"9":0},"f":{"0":55,"1":1,"2":0,"3":0,"4":0,"5":0},"b":{"0":[17,38],"1":[3,2],"2":[3,2],"3":[2,2],"4":[3,2]},"meta":{"lastBranch":5,"lastFunction":6,"lastStatement":10,"seen":{"s:42:19:53:1":0,"f:42:19:42:22":0,"s:43:13:43:38":1,"s:44:2:52:Infinity":2,"b:45:6:48:Infinity:49:6:52:7":0,"s:55:19:58:Infinity":3,"f:55:19:55:22":1,"s:55:28:58:1":4,"s:61:15:71:1":5,"b:14:34:14:38:14:34:14:47":1,"f:14:34:14:38":2,"s:14:34:14:47":6,"b:19:48:19:52:19:48:19:63":2,"f:19:48:19:52":3,"s:19:48:19:63":7,"b:24:34:24:38:24:34:24:51":3,"f:24:34:24:38":4,"s:24:34:24:51":8,"b:29:36:29:40:29:36:29:50":4,"f:29:36:29:40":5,"s:29:36:29:50":9}}}
[...]
,"/home/markus/workspace/finance-app/frontend/src/components/overview/Overview.vue": {"path":"/home/markus/workspace/finance-app/frontend/src/components/overview/Overview.vue","statementMap":{"0":{"start":{"line":35,"column":15},"end":{"line":74,"column":1}},"1":{"start":{"line":43,"column":4},"end":{"line":48,"column":null}},"2":{"start":{"line":52,"column":6},"end":{"line":52,"column":null}},"3":{"start":{"line":56,"column":19},"end":{"line":56,"column":60}},"4":{"start":{"line":58,"column":27},"end":{"line":58,"column":75}},"5":{"start":{"line":59,"column":4},"end":{"line":59,"column":null}},"6":{"start":{"line":61,"column":4},"end":{"line":61,"column":null}},"7":{"start":{"line":62,"column":4},"end":{"line":62,"column":null}},"8":{"start":{"line":66,"column":6},"end":{"line":66,"column":null}},"9":{"start":{"line":67,"column":6},"end":{"line":67,"column":null}},"10":{"start":{"line":70,"column":6},"end":{"line":70,"column":null}},"11":{"start":{"line":71,"column":6},"end":{"line":71,"column":null}}},"fnMap":{"0":{"name":"(anonymous_0)","decl":{"start":{"line":42,"column":2},"end":{"line":42,"column":6}},"loc":{"start":{"line":42,"column":9},"end":{"line":49,"column":3}},"line":42},"1":{"name":"(anonymous_1)","decl":{"start":{"line":51,"column":4},"end":{"line":51,"column":13}},"loc":{"start":{"line":51,"column":16},"end":{"line":53,"column":null}},"line":51},"2":{"name":"(anonymous_2)","decl":{"start":{"line":55,"column":2},"end":{"line":55,"column":9}},"loc":{"start":{"line":55,"column":28},"end":{"line":63,"column":3}},"line":55},"3":{"name":"(anonymous_3)","decl":{"start":{"line":65,"column":4},"end":{"line":65,"column":15}},"loc":{"start":{"line":65,"column":28},"end":{"line":68,"column":5}},"line":65},"4":{"name":"(anonymous_4)","decl":{"start":{"line":69,"column":4},"end":{"line":69,"column":15}},"loc":{"start":{"line":69,"column":28},"end":{"line":72,"column":5}},"line":69}},"branchMap":{"0":{"loc":{"start":{"line":52,"column":13},"end":{"line":52,"column":49}},"type":"binary-expr","locations":[{"start":{"line":52,"column":13},"end":{"line":52,"column":23}},{"start":{"line":52,"column":28},"end":{"line":52,"column":49}}],"line":52}},"s":{"0":1,"1":9,"2":0,"3":9,"4":8,"5":8,"6":8,"7":8,"8":0,"9":0,"10":0,"11":0},"f":{"0":9,"1":0,"2":1,"3":1,"4":1},"b":{"0":[0,0]},"meta":{"lastBranch":1,"lastFunction":5,"lastStatement":12,"seen":{"s:35:15:74:1":0,"f:42:2:42:6":0,"s:43:4:48:Infinity":1,"f:51:4:51:13":1,"s:52:6:52:Infinity":2,"b:52:13:52:23:52:28:52:49":0,"f:55:2:55:9":2,"s:56:19:56:60":3,"s:58:27:58:75":4,"s:59:4:59:Infinity":5,"s:61:4:61:Infinity":6,"s:62:4:62:Infinity":7,"f:65:4:65:15":3,"s:66:6:66:Infinity":8,"s:67:6:67:Infinity":9,"f:69:4:69:15":4,"s:70:6:70:Infinity":10,"s:71:6:71:Infinity":11}}}
,"/home/markus/workspace/finance-app/frontend/src/components/overview/OverviewChart.vue": {"path":"/home/markus/workspace/finance-app/frontend/src/components/overview/OverviewChart.vue","statementMap":{"0":{"start":{"line":21,"column":0},"end":{"line":29,"column":null}},"1":{"start":{"line":32,"column":21},"end":{"line":39,"column":1}},"2":{"start":{"line":41,"column":15},"end":{"line":121,"column":1}},"3":{"start":{"line":48,"column":21},"end":{"line":48,"column":23}},"4":{"start":{"line":49,"column":19},"end":{"line":49,"column":21}},"5":{"start":{"line":51,"column":6},"end":{"line":56,"column":null}},"6":{"start":{"line":52,"column":8},"end":{"line":55,"column":null}},"7":{"start":{"line":53,"column":10},"end":{"line":53,"column":null}},"8":{"start":{"line":54,"column":10},"end":{"line":54,"column":null}},"9":{"start":{"line":58,"column":6},"end":{"line":75,"column":null}},"10":{"start":{"line":78,"column":6},"end":{"line":118,"column":null}},"11":{"start":{"line":92,"column":17},"end":{"line":92,"column":null}},"12":{"start":{"line":102,"column":17},"end":{"line":102,"column":null}},"13":{"start":{"line":2,"column":7},"end":{"line":2,"column":null}}},"fnMap":{"0":{"name":"(anonymous_0)","decl":{"start":{"line":47,"column":4},"end":{"line":47,"column":13}},"loc":{"start":{"line":47,"column":16},"end":{"line":76,"column":5}},"line":47},"1":{"name":"(anonymous_1)","decl":{"start":{"line":52,"column":29},"end":{"line":52,"column":33}},"loc":{"start":{"line":52,"column":38},"end":{"line":55,"column":9}},"line":52},"2":{"name":"(anonymous_2)","decl":{"start":{"line":77,"column":4},"end":{"line":77,"column":16}},"loc":{"start":{"line":77,"column":19},"end":{"line":119,"column":null}},"line":77},"3":{"name":"(anonymous_3)","decl":{"start":{"line":91,"column":14},"end":{"line":91,"column":19}},"loc":{"start":{"line":91,"column":39},"end":{"line":93,"column":null}},"line":91},"4":{"name":"(anonymous_4)","decl":{"start":{"line":101,"column":15},"end":{"line":101,"column":23}},"loc":{"start":{"line":101,"column":41},"end":{"line":103,"column":null}},"line":101}},"branchMap":{"0":{"loc":{"start":{"line":51,"column":6},"end":{"line":56,"column":null}},"type":"if","locations":[{"start":{"line":51,"column":6},"end":{"line":56,"column":null}},{"start":{},"end":{}}],"line":51}},"s":{"0":2,"1":2,"2":2,"3":3,"4":3,"5":3,"6":3,"7":6,"8":6,"9":3,"10":3,"11":0,"12":0,"13":2},"f":{"0":3,"1":6,"2":3,"3":3,"4":3},"b":{"0":[3,0]},"meta":{"lastBranch":1,"lastFunction":5,"lastStatement":14,"seen":{"s:21:0:29:Infinity":0,"s:32:21:39:1":1,"s:41:15:121:1":2,"f:47:4:47:13":0,"s:48:21:48:23":3,"s:49:19:49:21":4,"b:51:6:56:Infinity:undefined:undefined:undefined:undefined":0,"s:51:6:56:Infinity":5,"s:52:8:55:Infinity":6,"f:52:29:52:33":1,"s:53:10:53:Infinity":7,"s:54:10:54:Infinity":8,"s:58:6:75:Infinity":9,"f:77:4:77:16":2,"s:78:6:118:Infinity":10,"f:91:14:91:19":3,"s:92:17:92:Infinity":11,"f:101:15:101:23":4,"s:102:17:102:Infinity":12,"s:2:7:2:Infinity":13}}}
,"/home/markus/workspace/finance-app/frontend/src/components/overview/OverviewDetails.vue": {"path":"/home/markus/workspace/finance-app/frontend/src/components/overview/OverviewDetails.vue","statementMap":{"0":{"start":{"line":58,"column":15},"end":{"line":96,"column":1}},"1":{"start":{"line":63,"column":4},"end":{"line":67,"column":null}},"2":{"start":{"line":71,"column":6},"end":{"line":73,"column":null}},"3":{"start":{"line":72,"column":8},"end":{"line":72,"column":null}},"4":{"start":{"line":81,"column":6},"end":{"line":81,"column":null}},"5":{"start":{"line":81,"column":22},"end":{"line":81,"column":null}},"6":{"start":{"line":82,"column":6},"end":{"line":82,"column":null}},"7":{"start":{"line":82,"column":22},"end":{"line":82,"column":null}},"8":{"start":{"line":83,"column":6},"end":{"line":83,"column":null}},"9":{"start":{"line":86,"column":21},"end":{"line":88,"column":7}},"10":{"start":{"line":89,"column":6},"end":{"line":89,"column":null}},"11":{"start":{"line":90,"column":6},"end":{"line":90,"column":null}},"12":{"start":{"line":93,"column":6},"end":{"line":93,"column":null}},"13":{"start":{"line":22,"column":22},"end":{"line":22,"column":45}},"14":{"start":{"line":24,"column":22},"end":{"line":24,"column":null}},"15":{"start":{"line":39,"column":22},"end":{"line":39,"column":45}},"16":{"start":{"line":2,"column":21},"end":{"line":2,"column":null}},"17":{"start":{"line":26,"column":63},"end":{"line":26,"column":93}}},"fnMap":{"0":{"name":"(anonymous_0)","decl":{"start":{"line":62,"column":2},"end":{"line":62,"column":6}},"loc":{"start":{"line":62,"column":9},"end":{"line":68,"column":3}},"line":62},"1":{"name":"(anonymous_1)","decl":{"start":{"line":70,"column":4},"end":{"line":70,"column":8}},"loc":{"start":{"line":70,"column":14},"end":{"line":74,"column":null}},"line":70},"2":{"name":"(anonymous_2)","decl":{"start":{"line":79,"column":4},"end":{"line":79,"column":23}},"loc":{"start":{"line":79,"column":32},"end":{"line":84,"column":5}},"line":79},"3":{"name":"(anonymous_3)","decl":{"start":{"line":85,"column":4},"end":{"line":85,"column":12}},"loc":{"start":{"line":85,"column":36},"end":{"line":91,"column":5}},"line":85},"4":{"name":"(anonymous_4)","decl":{"start":{"line":92,"column":4},"end":{"line":92,"column":21}},"loc":{"start":{"line":92,"column":26},"end":{"line":94,"column":null}},"line":92},"5":{"name":"(anonymous_5)","decl":{"start":{"line":2,"column":21},"end":{"line":2,"column":25}},"loc":{"start":{"line":2,"column":21},"end":{"line":2,"column":null}},"line":2},"6":{"name":"(anonymous_6)","decl":{"start":{"line":26,"column":61},"end":{"line":26,"column":63}},"loc":{"start":{"line":26,"column":63},"end":{"line":26,"column":93}},"line":26}},"branchMap":{"0":{"loc":{"start":{"line":71,"column":6},"end":{"line":73,"column":null}},"type":"if","locations":[{"start":{"line":71,"column":6},"end":{"line":73,"column":null}},{"start":{},"end":{}}],"line":71},"1":{"loc":{"start":{"line":71,"column":10},"end":{"line":71,"column":55}},"type":"binary-expr","locations":[{"start":{"line":71,"column":10},"end":{"line":71,"column":12}},{"start":{"line":71,"column":17},"end":{"line":71,"column":32}},{"start":{"line":71,"column":37},"end":{"line":71,"column":55}}],"line":71},"2":{"loc":{"start":{"line":81,"column":6},"end":{"line":81,"column":null}},"type":"if","locations":[{"start":{"line":81,"column":6},"end":{"line":81,"column":null}},{"start":{},"end":{}}],"line":81},"3":{"loc":{"start":{"line":82,"column":6},"end":{"line":82,"column":null}},"type":"if","locations":[{"start":{"line":82,"column":6},"end":{"line":82,"column":null}},{"start":{},"end":{}}],"line":82},"4":{"loc":{"start":{"line":89,"column":24},"end":{"line":89,"column":47}},"type":"binary-expr","locations":[{"start":{"line":89,"column":24},"end":{"line":89,"column":40}},{"start":{"line":89,"column":45},"end":{"line":89,"column":47}}],"line":89},"5":{"loc":{"start":{"line":90,"column":26},"end":{"line":90,"column":51}},"type":"binary-expr","locations":[{"start":{"line":90,"column":26},"end":{"line":90,"column":44}},{"start":{"line":90,"column":49},"end":{"line":90,"column":51}}],"line":90},"6":{"loc":{"start":{"line":2,"column":21},"end":{"line":2,"column":null}},"type":"binary-expr","locations":[{"start":{"line":2,"column":21},"end":{"line":2,"column":25}},{"start":{"line":2,"column":21},"end":{"line":2,"column":null}}],"line":2},"7":{"loc":{"start":{"line":17,"column":21},"end":{"line":17,"column":null}},"type":"binary-expr","locations":[{"start":{"line":17,"column":21},"end":{"line":17,"column":33}},{"start":{"line":17,"column":37},"end":{"line":17,"column":null}}],"line":17},"8":{"loc":{"start":{"line":18,"column":12},"end":{"line":18,"column":34}},"type":"binary-expr","locations":[{"start":{"line":18,"column":12},"end":{"line":18,"column":16}},{"start":{"line":18,"column":12},"end":{"line":18,"column":34}}],"line":18},"9":{"loc":{"start":{"line":33,"column":10},"end":{"line":33,"column":null}},"type":"binary-expr","locations":[{"start":{"line":33,"column":10},"end":{"line":33,"column":17}},{"start":{"line":33,"column":10},"end":{"line":33,"column":null}}],"line":33},"10":{"loc":{"start":{"line":34,"column":21},"end":{"line":34,"column":null}},"type":"binary-expr","locations":[{"start":{"line":34,"column":21},"end":{"line":34,"column":33}},{"start":{"line":34,"column":37},"end":{"line":34,"column":null}}],"line":34},"11":{"loc":{"start":{"line":35,"column":12},"end":{"line":35,"column":31}},"type":"binary-expr","locations":[{"start":{"line":35,"column":12},"end":{"line":35,"column":16}},{"start":{"line":35,"column":12},"end":{"line":35,"column":31}}],"line":35}},"s":{"0":4,"1":9,"2":2,"3":2,"4":5,"5":4,"6":1,"7":1,"8":0,"9":2,"10":2,"11":2,"12":0,"13":4,"14":4,"15":4,"16":0,"17":0},"f":{"0":9,"1":2,"2":5,"3":4,"4":0,"5":0,"6":0},"b":{"0":[2,0],"1":[2,2,2],"2":[4,1],"3":[1,0],"4":[2,0],"5":[2,0],"6":[11,9],"7":[6,4],"8":[2,2],"9":[6,3],"10":[6,4],"11":[4,3]},"meta":{"lastBranch":12,"lastFunction":7,"lastStatement":18,"seen":{"s:58:15:96:1":0,"f:62:2:62:6":0,"s:63:4:67:Infinity":1,"f:70:4:70:8":1,"b:71:6:73:Infinity:undefined:undefined:undefined:undefined":0,"s:71:6:73:Infinity":2,"b:71:10:71:12:71:17:71:32:71:37:71:55":1,"s:72:8:72:Infinity":3,"f:79:4:79:23":2,"b:81:6:81:Infinity:undefined:undefined:undefined:undefined":2,"s:81:6:81:Infinity":4,"s:81:22:81:Infinity":5,"b:82:6:82:Infinity:undefined:undefined:undefined:undefined":3,"s:82:6:82:Infinity":6,"s:82:22:82:Infinity":7,"s:83:6:83:Infinity":8,"f:85:4:85:12":3,"s:86:21:88:7":9,"s:89:6:89:Infinity":10,"b:89:24:89:40:89:45:89:47":4,"s:90:6:90:Infinity":11,"b:90:26:90:44:90:49:90:51":5,"f:92:4:92:21":4,"s:93:6:93:Infinity":12,"s:22:22:22:45":13,"s:24:22:24:Infinity":14,"s:39:22:39:45":15,"b:2:21:2:25:2:21:2:Infinity":6,"f:2:21:2:25":5,"s:2:21:2:Infinity":16,"b:17:21:17:33:17:37:17:Infinity":7,"b:18:12:18:16:18:12:18:34":8,"f:26:61:26:63":6,"s:26:63:26:93":17,"b:33:10:33:17:33:10:33:Infinity":9,"b:34:21:34:33:34:37:34:Infinity":10,"b:35:12:35:16:35:12:35:31":11}}}
,"/home/markus/workspace/finance-app/frontend/src/components/overview/OverviewTable.vue": {"path":"/home/markus/workspace/finance-app/frontend/src/components/overview/OverviewTable.vue","statementMap":{"0":{"start":{"line":37,"column":15},"end":{"line":80,"column":1}},"1":{"start":{"line":44,"column":17},"end":{"line":44,"column":31}},"2":{"start":{"line":45,"column":4},"end":{"line":45,"column":null}},"3":{"start":{"line":48,"column":4},"end":{"line":50,"column":null}},"4":{"start":{"line":55,"column":7},"end":{"line":55,"column":null}},"5":{"start":{"line":58,"column":6},"end":{"line":58,"column":null}},"6":{"start":{"line":58,"column":22},"end":{"line":58,"column":null}},"7":{"start":{"line":59,"column":6},"end":{"line":59,"column":null}},"8":{"start":{"line":59,"column":22},"end":{"line":59,"column":null}},"9":{"start":{"line":60,"column":6},"end":{"line":60,"column":null}},"10":{"start":{"line":63,"column":6},"end":{"line":69,"column":null}},"11":{"start":{"line":64,"column":18},"end":{"line":64,"column":34}},"12":{"start":{"line":65,"column":19},"end":{"line":65,"column":57}},"13":{"start":{"line":66,"column":8},"end":{"line":66,"column":null}},"14":{"start":{"line":68,"column":8},"end":{"line":68,"column":null}},"15":{"start":{"line":72,"column":6},"end":{"line":77,"column":null}},"16":{"start":{"line":15,"column":14},"end":{"line":15,"column":37}},"17":{"start":{"line":16,"column":14},"end":{"line":16,"column":37}},"18":{"start":{"line":17,"column":14},"end":{"line":17,"column":37}}},"fnMap":{"0":{"name":"(anonymous_0)","decl":{"start":{"line":43,"column":2},"end":{"line":43,"column":7}},"loc":{"start":{"line":43,"column":10},"end":{"line":46,"column":3}},"line":43},"1":{"name":"(anonymous_1)","decl":{"start":{"line":47,"column":2},"end":{"line":47,"column":6}},"loc":{"start":{"line":47,"column":9},"end":{"line":51,"column":3}},"line":47},"2":{"name":"(anonymous_2)","decl":{"start":{"line":54,"column":4},"end":{"line":54,"column":15}},"loc":{"start":{"line":54,"column":31},"end":{"line":56,"column":5}},"line":54},"3":{"name":"(anonymous_3)","decl":{"start":{"line":57,"column":4},"end":{"line":57,"column":23}},"loc":{"start":{"line":57,"column":32},"end":{"line":61,"column":5}},"line":57},"4":{"name":"(anonymous_4)","decl":{"start":{"line":62,"column":4},"end":{"line":62,"column":20}},"loc":{"start":{"line":62,"column":28},"end":{"line":70,"column":5}},"line":62},"5":{"name":"(anonymous_5)","decl":{"start":{"line":71,"column":4},"end":{"line":71,"column":8}},"loc":{"start":{"line":71,"column":30},"end":{"line":78,"column":null}},"line":71}},"branchMap":{"0":{"loc":{"start":{"line":58,"column":6},"end":{"line":58,"column":null}},"type":"if","locations":[{"start":{"line":58,"column":6},"end":{"line":58,"column":null}},{"start":{},"end":{}}],"line":58},"1":{"loc":{"start":{"line":59,"column":6},"end":{"line":59,"column":null}},"type":"if","locations":[{"start":{"line":59,"column":6},"end":{"line":59,"column":null}},{"start":{},"end":{}}],"line":59},"2":{"loc":{"start":{"line":63,"column":6},"end":{"line":69,"column":null}},"type":"if","locations":[{"start":{"line":63,"column":6},"end":{"line":69,"column":null}},{"start":{"line":67,"column":13},"end":{"line":69,"column":null}}],"line":63},"3":{"loc":{"start":{"line":63,"column":10},"end":{"line":63,"column":53}},"type":"binary-expr","locations":[{"start":{"line":63,"column":10},"end":{"line":63,"column":27}},{"start":{"line":63,"column":30},"end":{"line":63,"column":53}}],"line":63}},"s":{"0":2,"1":4,"2":4,"3":4,"4":7,"5":7,"6":6,"7":1,"8":1,"9":0,"10":21,"11":0,"12":0,"13":0,"14":21,"15":7,"16":2,"17":2,"18":2},"f":{"0":4,"1":4,"2":7,"3":7,"4":21,"5":7},"b":{"0":[6,1],"1":[1,0],"2":[0,21],"3":[21,1]},"meta":{"lastBranch":4,"lastFunction":6,"lastStatement":19,"seen":{"s:37:15:80:1":0,"f:43:2:43:7":0,"s:44:17:44:31":1,"s:45:4:45:Infinity":2,"f:47:2:47:6":1,"s:48:4:50:Infinity":3,"f:54:4:54:15":2,"s:55:7:55:Infinity":4,"f:57:4:57:23":3,"b:58:6:58:Infinity:undefined:undefined:undefined:undefined":0,"s:58:6:58:Infinity":5,"s:58:22:58:Infinity":6,"b:59:6:59:Infinity:undefined:undefined:undefined:undefined":1,"s:59:6:59:Infinity":7,"s:59:22:59:Infinity":8,"s:60:6:60:Infinity":9,"f:62:4:62:20":4,"b:63:6:69:Infinity:67:13:69:Infinity":2,"s:63:6:69:Infinity":10,"b:63:10:63:27:63:30:63:53":3,"s:64:18:64:34":11,"s:65:19:65:57":12,"s:66:8:66:Infinity":13,"s:68:8:68:Infinity":14,"f:71:4:71:8":5,"s:72:6:77:Infinity":15,"s:15:14:15:37":16,"s:16:14:16:37":17,"s:17:14:17:37":18}}}
,"/home/markus/workspace/finance-app/frontend/src/plugins/vuetify.js": {"path":"/home/markus/workspace/finance-app/frontend/src/plugins/vuetify.js","statementMap":{"0":{"start":{"line":9,"column":12},"end":{"line":14,"column":null}},"1":{"start":{"line":10,"column":23},"end":{"line":13,"column":4}},"2":{"start":{"line":17,"column":20},"end":{"line":49,"column":null}}},"fnMap":{"0":{"name":"(anonymous_0)","decl":{"start":{"line":10,"column":13},"end":{"line":10,"column":14}},"loc":{"start":{"line":10,"column":23},"end":{"line":13,"column":4}},"line":10}},"branchMap":{},"s":{"0":2,"1":0,"2":2},"f":{"0":0},"b":{},"meta":{"lastBranch":0,"lastFunction":1,"lastStatement":3,"seen":{"s:9:12:14:Infinity":0,"f:10:13:10:14":0,"s:10:23:13:4":1,"s:17:20:49:Infinity":2}}}
}
